<!DOCTYPE html>

<html>
  <head>
  <meta charset='utf-8'>
  <title>TestNG reports</title>

    <link type="text/css" href="testng-reports1.css" rel="stylesheet" id="ultra" />
    <link type="text/css" href="testng-reports.css" rel="stylesheet" id="retro" disabled="false"/>
    <script type="text/javascript" src="jquery-3.6.0.min.js"></script>
    <script type="text/javascript" src="testng-reports.js"></script>
    <script type="text/javascript" src="https://www.google.com/jsapi"></script>
    <script type='text/javascript'>
      google.load('visualization', '1', {packages:['table']});
      google.setOnLoadCallback(drawTable);
      var suiteTableInitFunctions = new Array();
      var suiteTableData = new Array();
    </script>
    <!--
      <script type="text/javascript" src="jquery-ui/js/jquery-ui-1.8.16.custom.min.js"></script>
     -->
  </head>

  <body>    <div class="top-banner-root">
      <span class="top-banner-title-font">Test results</span>
      <button id="button" class="button">Switch Retro Theme</button> <!-- button -->
      <br/>
      <span class="top-banner-font-1">1 suite, 8 failed tests</span>
    </div> <!-- top-banner-root -->
    <div class="navigator-root">
      <div class="navigator-suite-header">
        <span>All suites</span>
        <a href="#" title="Collapse/expand all the suites" class="collapse-all-link">
          <img src="collapseall.gif" class="collapse-all-icon">
          </img> <!-- collapse-all-icon -->
        </a> <!-- collapse-all-link -->
      </div> <!-- navigator-suite-header -->
      <div class="suite">
        <div class="rounded-window">
          <div class="suite-header light-rounded-window-top">
            <a href="#" panel-name="suite-Suite" class="navigator-link">
              <span class="suite-name border-failed">Suite</span>
            </a> <!-- navigator-link -->
          </div> <!-- suite-header light-rounded-window-top -->
          <div class="navigator-suite-content">
            <div class="suite-section-title">
              <span>Info</span>
            </div> <!-- suite-section-title -->
            <div class="suite-section-content">
              <ul>
                <li>
                  <a href="#" panel-name="test-xml-Suite" class="navigator-link ">
                    <span>G:\ECLIPSE WORKSPACE\SeleniumAndTestNGTraining\SeleniumAutomationTesting\testng.xml</span>
                  </a> <!-- navigator-link  -->
                </li>
                <li>
                  <a href="#" panel-name="testlist-Suite" class="navigator-link ">
                    <span class="test-stats">2 tests</span>
                  </a> <!-- navigator-link  -->
                </li>
                <li>
                  <a href="#" panel-name="group-Suite" class="navigator-link ">
                    <span>3 groups</span>
                  </a> <!-- navigator-link  -->
                </li>
                <li>
                  <a href="#" panel-name="times-Suite" class="navigator-link ">
                    <span>Times</span>
                  </a> <!-- navigator-link  -->
                </li>
                <li>
                  <a href="#" panel-name="reporter-Suite" class="navigator-link ">
                    <span>Reporter output</span>
                  </a> <!-- navigator-link  -->
                </li>
                <li>
                  <a href="#" panel-name="ignored-methods-Suite" class="navigator-link ">
                    <span>Ignored methods</span>
                  </a> <!-- navigator-link  -->
                </li>
                <li>
                  <a href="#" panel-name="chronological-Suite" class="navigator-link ">
                    <span>Chronological view</span>
                  </a> <!-- navigator-link  -->
                </li>
              </ul>
            </div> <!-- suite-section-content -->
            <div class="result-section">
              <div class="suite-section-title">
                <span>Results</span>
              </div> <!-- suite-section-title -->
              <div class="suite-section-content">
                <ul>
                  <li>
                    <span class="method-stats">43 methods, 8 failed,  3 skipped,  32 passed</span>
                  </li>
                  <li>
                    <span class="method-list-title failed">Failed methods</span>
                    <span class="show-or-hide-methods failed">
                      <a href="#" panel-name="suite-Suite" class="hide-methods failed suite-Suite"> (hide)</a> <!-- hide-methods failed suite-Suite -->
                      <a href="#" panel-name="suite-Suite" class="show-methods failed suite-Suite"> (show)</a> <!-- show-methods failed suite-Suite -->
                    </span>
                    <div class="method-list-content failed suite-Suite">
                      <span>
                        <img src="failed.png" width="3%"/>
                        <a href="#" panel-name="suite-Suite" title="TestNG_AssertionsTesting.AssertionsTest" class="method navigator-link" hash-for-method="Assertionstest">Assertionstest</a> <!-- method navigator-link -->
                      </span>
                      <br/>
                      <span>
                        <img src="failed.png" width="3%"/>
                        <a href="#" panel-name="suite-Suite" title="TestNG_AssertionsTesting.HardAssertionTest" class="method navigator-link" hash-for-method="hardassertion">hardassertion</a> <!-- method navigator-link -->
                      </span>
                      <br/>
                      <span>
                        <img src="failed.png" width="3%"/>
                        <a href="#" panel-name="suite-Suite" title="TestNG_DataProviderAnnotation.DataProviderAnnotationTesting" class="method navigator-link" hash-for-method="logintest(janedoe@123.com, Jane@doe321)">logintest(janedoe@123.com, Jane@doe321)</a> <!-- method navigator-link -->
                      </span>
                      <br/>
                      <span>
                        <img src="failed.png" width="3%"/>
                        <a href="#" panel-name="suite-Suite" title="TestNG_DataProviderAnnotation.DataProviderAnnotationTesting" class="method navigator-link" hash-for-method="logintest(JohnFK@test.com, John!123)">logintest(JohnFK@test.com, John!123)</a> <!-- method navigator-link -->
                      </span>
                      <br/>
                      <span>
                        <img src="failed.png" width="3%"/>
                        <a href="#" panel-name="suite-Suite" title="TestNG_DataProviderAnnotation.DataProviderAnnotationTesting" class="method navigator-link" hash-for-method="logintest(AmandaW@demo.com, AM@W123)">logintest(AmandaW@demo.com, AM@W123)</a> <!-- method navigator-link -->
                      </span>
                      <br/>
                      <span>
                        <img src="failed.png" width="3%"/>
                        <a href="#" panel-name="suite-Suite" title="TestNG_DataProviderAnnotation.DataProviderAnnotationTesting" class="method navigator-link" hash-for-method="logintest(RomanR@gmail.com, RR@Reign3)">logintest(RomanR@gmail.com, RR@Reign3)</a> <!-- method navigator-link -->
                      </span>
                      <br/>
                      <span>
                        <img src="failed.png" width="3%"/>
                        <a href="#" panel-name="suite-Suite" title="TestNG_DependsOnmethodsAnnotationTesting.DependsOnMethodAnnotationTest" class="method navigator-link" hash-for-method="searchInApp">searchInApp</a> <!-- method navigator-link -->
                      </span>
                      <br/>
                      <span>
                        <img src="failed.png" width="3%"/>
                        <a href="#" panel-name="suite-Suite" title="TestNG_AssertionsTesting.SoftAssertionTest" class="method navigator-link" hash-for-method="softassertion">softassertion</a> <!-- method navigator-link -->
                      </span>
                      <br/>
                    </div> <!-- method-list-content failed suite-Suite -->
                  </li>
                  <li>
                    <span class="method-list-title skipped">Skipped methods</span>
                    <span class="show-or-hide-methods skipped">
                      <a href="#" panel-name="suite-Suite" class="hide-methods skipped suite-Suite"> (hide)</a> <!-- hide-methods skipped suite-Suite -->
                      <a href="#" panel-name="suite-Suite" class="show-methods skipped suite-Suite"> (show)</a> <!-- show-methods skipped suite-Suite -->
                    </span>
                    <div class="method-list-content skipped suite-Suite">
                      <span>
                        <img src="skipped.png" width="3%"/>
                        <a href="#" panel-name="suite-Suite" title="TestNG_DependsOnmethodsAnnotationTesting.DependsOnMethodAnnotationTest" class="method navigator-link" hash-for-method="LogoutFromApp">LogoutFromApp</a> <!-- method navigator-link -->
                      </span>
                      <br/>
                      <span>
                        <img src="skipped.png" width="3%"/>
                        <a href="#" panel-name="suite-Suite" title="TestNG_DependsOnmethodsAnnotationTesting.DependsOnMethodAnnotationTest" class="method navigator-link" hash-for-method="advancedSearchInApp">advancedSearchInApp</a> <!-- method navigator-link -->
                      </span>
                      <br/>
                      <span>
                        <img src="skipped.png" width="3%"/>
                        <a href="#" panel-name="suite-Suite" title="TestNG_ParallelTestingUsingXML.ParallelTestingUsingXML" class="method navigator-link" hash-for-method="logintest">logintest</a> <!-- method navigator-link -->
                      </span>
                      <br/>
                    </div> <!-- method-list-content skipped suite-Suite -->
                  </li>
                  <li>
                    <span class="method-list-title passed">Passed methods</span>
                    <span class="show-or-hide-methods passed">
                      <a href="#" panel-name="suite-Suite" class="hide-methods passed suite-Suite"> (hide)</a> <!-- hide-methods passed suite-Suite -->
                      <a href="#" panel-name="suite-Suite" class="show-methods passed suite-Suite"> (show)</a> <!-- show-methods passed suite-Suite -->
                    </span>
                    <div class="method-list-content passed suite-Suite">
                      <span>
                        <img src="passed.png" width="3%"/>
                        <a href="#" panel-name="suite-Suite" title="TestNG_SeleniumTesting.LoginAppUsingTestNG" class="method navigator-link" hash-for-method="HomePageTitleValidation">HomePageTitleValidation</a> <!-- method navigator-link -->
                      </span>
                      <br/>
                      <span>
                        <img src="passed.png" width="3%"/>
                        <a href="#" panel-name="suite-Suite" title="TestNG_BeforeAndAfterSuiteTestAnnotationsTesting.SuiteTest3" class="method navigator-link" hash-for-method="LinkValidation">LinkValidation</a> <!-- method navigator-link -->
                      </span>
                      <br/>
                      <span>
                        <img src="passed.png" width="3%"/>
                        <a href="#" panel-name="suite-Suite" title="TestNG_SeleniumTesting.LoginAppUsingTestNG" class="method navigator-link" hash-for-method="LogOutfromApp">LogOutfromApp</a> <!-- method navigator-link -->
                      </span>
                      <br/>
                      <span>
                        <img src="passed.png" width="3%"/>
                        <a href="#" panel-name="suite-Suite" title="TestNG_GroupingAnnotationTesting.RegressionGroupTesting" class="method navigator-link" hash-for-method="LoginFacebookApp">LoginFacebookApp</a> <!-- method navigator-link -->
                      </span>
                      <br/>
                      <span>
                        <img src="passed.png" width="3%"/>
                        <a href="#" panel-name="suite-Suite" title="TestNG_GroupingAnnotationTesting.RegressionGroupTesting" class="method navigator-link" hash-for-method="LoginGoogleApp">LoginGoogleApp</a> <!-- method navigator-link -->
                      </span>
                      <br/>
                      <span>
                        <img src="passed.png" width="3%"/>
                        <a href="#" panel-name="suite-Suite" title="TestNG_GroupingAnnotationTesting.RegressionGroupTesting" class="method navigator-link" hash-for-method="LoginMicroSoftApp">LoginMicroSoftApp</a> <!-- method navigator-link -->
                      </span>
                      <br/>
                      <span>
                        <img src="passed.png" width="3%"/>
                        <a href="#" panel-name="suite-Suite" title="TestNG_SeleniumTesting.LoginAppUsingTestNG" class="method navigator-link" hash-for-method="LogininApp">LogininApp</a> <!-- method navigator-link -->
                      </span>
                      <br/>
                      <span>
                        <img src="passed.png" width="3%"/>
                        <a href="#" panel-name="suite-Suite" title="TestNG_SeleniumTesting.LoginAppUsingTestNG" class="method navigator-link" hash-for-method="OpenApp">OpenApp</a> <!-- method navigator-link -->
                      </span>
                      <br/>
                      <span>
                        <img src="passed.png" width="3%"/>
                        <a href="#" panel-name="suite-Suite" title="TestNG_GroupingAnnotationTesting.SanityGroupTesting" class="method navigator-link" hash-for-method="OpenFacebookApp">OpenFacebookApp</a> <!-- method navigator-link -->
                      </span>
                      <br/>
                      <span>
                        <img src="passed.png" width="3%"/>
                        <a href="#" panel-name="suite-Suite" title="TestNG_GroupingAnnotationTesting.SanityGroupTesting" class="method navigator-link" hash-for-method="OpenGoogleApp">OpenGoogleApp</a> <!-- method navigator-link -->
                      </span>
                      <br/>
                      <span>
                        <img src="passed.png" width="3%"/>
                        <a href="#" panel-name="suite-Suite" title="TestNG_AllTestAnnotationsTesting.AllTestAnnotationsTesing" class="method navigator-link" hash-for-method="OpenLinkInApp">OpenLinkInApp</a> <!-- method navigator-link -->
                      </span>
                      <br/>
                      <span>
                        <img src="passed.png" width="3%"/>
                        <a href="#" panel-name="suite-Suite" title="TestNG_ClassAndMethodAnnotationsTesting.BeforeAndAfterClassAnnotations" class="method navigator-link" hash-for-method="OpenLinkInApp">OpenLinkInApp</a> <!-- method navigator-link -->
                      </span>
                      <br/>
                      <span>
                        <img src="passed.png" width="3%"/>
                        <a href="#" panel-name="suite-Suite" title="TestNG_ClassAndMethodAnnotationsTesting.BeforeAndAfterMethodAnnotations" class="method navigator-link" hash-for-method="OpenLinkInApp">OpenLinkInApp</a> <!-- method navigator-link -->
                      </span>
                      <br/>
                      <span>
                        <img src="passed.png" width="3%"/>
                        <a href="#" panel-name="suite-Suite" title="TestNG_AllTestAnnotationsTesting.AllTestAnnotationsTesing" class="method navigator-link" hash-for-method="OpenLinkInApp2">OpenLinkInApp2</a> <!-- method navigator-link -->
                      </span>
                      <br/>
                      <span>
                        <img src="passed.png" width="3%"/>
                        <a href="#" panel-name="suite-Suite" title="TestNG_GroupingAnnotationTesting.SanityGroupTesting" class="method navigator-link" hash-for-method="OpenMicroSoftApp">OpenMicroSoftApp</a> <!-- method navigator-link -->
                      </span>
                      <br/>
                      <span>
                        <img src="passed.png" width="3%"/>
                        <a href="#" panel-name="suite-Suite" title="TestNG_GroupingAnnotationTesting.Sanity_Regression_FunctionalGroupTesting" class="method navigator-link" hash-for-method="PaymentInFacebookApp">PaymentInFacebookApp</a> <!-- method navigator-link -->
                      </span>
                      <br/>
                      <span>
                        <img src="passed.png" width="3%"/>
                        <a href="#" panel-name="suite-Suite" title="TestNG_GroupingAnnotationTesting.Sanity_Regression_FunctionalGroupTesting" class="method navigator-link" hash-for-method="PaymentInGoogleApp">PaymentInGoogleApp</a> <!-- method navigator-link -->
                      </span>
                      <br/>
                      <span>
                        <img src="passed.png" width="3%"/>
                        <a href="#" panel-name="suite-Suite" title="TestNG_GroupingAnnotationTesting.Sanity_Regression_FunctionalGroupTesting" class="method navigator-link" hash-for-method="PaymentInMicroSoftApp">PaymentInMicroSoftApp</a> <!-- method navigator-link -->
                      </span>
                      <br/>
                      <span>
                        <img src="passed.png" width="3%"/>
                        <a href="#" panel-name="suite-Suite" title="TestNG_ClassAndMethodAnnotationsTesting.BeforeAndAfterClassAnnotations" class="method navigator-link" hash-for-method="SearchInApp">SearchInApp</a> <!-- method navigator-link -->
                      </span>
                      <br/>
                      <span>
                        <img src="passed.png" width="3%"/>
                        <a href="#" panel-name="suite-Suite" title="TestNG_ClassAndMethodAnnotationsTesting.BeforeAndAfterMethodAnnotations" class="method navigator-link" hash-for-method="SearchInApp">SearchInApp</a> <!-- method navigator-link -->
                      </span>
                      <br/>
                      <span>
                        <img src="passed.png" width="3%"/>
                        <a href="#" panel-name="suite-Suite" title="TestNG_AllTestAnnotationsTesting.AllTestAnnotationsTesing" class="method navigator-link" hash-for-method="SearchInApp">SearchInApp</a> <!-- method navigator-link -->
                      </span>
                      <br/>
                      <span>
                        <img src="passed.png" width="3%"/>
                        <a href="#" panel-name="suite-Suite" title="TestNG_AllTestAnnotationsTesting.AllTestAnnotationsTesing" class="method navigator-link" hash-for-method="SearchInApp2">SearchInApp2</a> <!-- method navigator-link -->
                      </span>
                      <br/>
                      <span>
                        <img src="passed.png" width="3%"/>
                        <a href="#" panel-name="suite-Suite" title="TestNG_BeforeAndAfterSuiteTestAnnotationsTesting.SuiteTest1" class="method navigator-link" hash-for-method="Test1">Test1</a> <!-- method navigator-link -->
                      </span>
                      <br/>
                      <span>
                        <img src="passed.png" width="3%"/>
                        <a href="#" panel-name="suite-Suite" title="TestNG_BeforeAndAfterTestAnnotationsTesting.BeforeAndAfterTestAnnotationTest1" class="method navigator-link" hash-for-method="Test1">Test1</a> <!-- method navigator-link -->
                      </span>
                      <br/>
                      <span>
                        <img src="passed.png" width="3%"/>
                        <a href="#" panel-name="suite-Suite" title="TestNG_BeforeAndAfterSuiteTestAnnotationsTesting.SuiteTest2" class="method navigator-link" hash-for-method="Test1">Test1</a> <!-- method navigator-link -->
                      </span>
                      <br/>
                      <span>
                        <img src="passed.png" width="3%"/>
                        <a href="#" panel-name="suite-Suite" title="TestNG_AllTestAnnotationsTesting.AllTestAnnotationsTesing" class="method navigator-link" hash-for-method="Test1">Test1</a> <!-- method navigator-link -->
                      </span>
                      <br/>
                      <span>
                        <img src="passed.png" width="3%"/>
                        <a href="#" panel-name="suite-Suite" title="TestNG_BeforeAndAfterTestAnnotationsTesting.BeforeAndAfterTestAnnotationTest2" class="method navigator-link" hash-for-method="Test1">Test1</a> <!-- method navigator-link -->
                      </span>
                      <br/>
                      <span>
                        <img src="passed.png" width="3%"/>
                        <a href="#" panel-name="suite-Suite" title="TestNG_AllTestAnnotationsTesting.AllTestAnnotationsTesing" class="method navigator-link" hash-for-method="Test2">Test2</a> <!-- method navigator-link -->
                      </span>
                      <br/>
                      <span>
                        <img src="passed.png" width="3%"/>
                        <a href="#" panel-name="suite-Suite" title="TestNG_DependsOnmethodsAnnotationTesting.DependsOnMethodAnnotationTest" class="method navigator-link" hash-for-method="loginInApp">loginInApp</a> <!-- method navigator-link -->
                      </span>
                      <br/>
                      <span>
                        <img src="passed.png" width="3%"/>
                        <a href="#" panel-name="suite-Suite" title="TestNG_DataProviderAnnotation.DataProviderAnnotationTesting" class="method navigator-link" hash-for-method="logintest(testdemo@demo.com, Harsh@123)">logintest(testdemo@demo.com, Harsh@123)</a> <!-- method navigator-link -->
                      </span>
                      <br/>
                      <span>
                        <img src="passed.png" width="3%"/>
                        <a href="#" panel-name="suite-Suite" title="TestNG_ParallelTestingUsingXML.ParallelTestingUsingXML" class="method navigator-link" hash-for-method="logintest">logintest</a> <!-- method navigator-link -->
                      </span>
                      <br/>
                      <span>
                        <img src="passed.png" width="3%"/>
                        <a href="#" panel-name="suite-Suite" title="TestNG_DependsOnmethodsAnnotationTesting.DependsOnMethodAnnotationTest" class="method navigator-link" hash-for-method="openApp">openApp</a> <!-- method navigator-link -->
                      </span>
                      <br/>
                    </div> <!-- method-list-content passed suite-Suite -->
                  </li>
                </ul>
              </div> <!-- suite-section-content -->
            </div> <!-- result-section -->
          </div> <!-- navigator-suite-content -->
        </div> <!-- rounded-window -->
      </div> <!-- suite -->
    </div> <!-- navigator-root -->
    <div class="wrapper">
      <div class="main-panel-root">
        <div panel-name="suite-Suite" class="panel Suite">
          <div class="suite-Suite-class-failed">
            <div class="main-panel-header rounded-window-top">
              <img src="failed.png"/>
              <span class="class-name">TestNG_DataProviderAnnotation.DataProviderAnnotationTesting</span>
            </div> <!-- main-panel-header rounded-window-top -->
            <div class="main-panel-content rounded-window-bottom">
              <div class="method">
                <div class="method-content">
                  <a name="logintest(janedoe@123.com, Jane@doe321)">
                  </a> <!-- logintest(janedoe@123.com, Jane@doe321) -->
                  <span class="method-name">logintest</span>
                  <span class="parameters">(janedoe@123.com,Jane@doe321)</span>
                  <div class="stack-trace">org.openqa.selenium.NoSuchElementException: no such element: Unable to locate element: {&quot;method&quot;:&quot;xpath&quot;,&quot;selector&quot;:&quot;//h2[normalize-space()=&apos;My Account&apos;]&quot;}
  (Session info: chrome=127.0.6533.72)
For documentation on this error, please visit: https://www.selenium.dev/documentation/webdriver/troubleshooting/errors#no-such-element-exception
Build info: version: &apos;4.22.0&apos;, revision: &apos;c5f3146703*&apos;
System info: os.name: &apos;Windows 11&apos;, os.arch: &apos;amd64&apos;, os.version: &apos;10.0&apos;, java.version: &apos;11.0.22&apos;
Driver info: org.openqa.selenium.chrome.ChromeDriver
Command: [4d9da2fe6092e3c0283ba03b04163cb0, findElement {value=//h2[normalize-space()=&apos;My Account&apos;], using=xpath}]
Capabilities {acceptInsecureCerts: false, browserName: chrome, browserVersion: 127.0.6533.72, chrome: {chromedriverVersion: 127.0.6533.72 (9755e24ca85a..., userDataDir: C:\Users\bhims\AppData\Loca...}, fedcm:accounts: true, goog:chromeOptions: {debuggerAddress: localhost:65135}, networkConnectionEnabled: false, pageLoadStrategy: normal, platformName: windows, proxy: Proxy(), se:cdp: ws://localhost:65135/devtoo..., se:cdpVersion: 127.0.6533.72, setWindowRect: true, strictFileInteractability: false, timeouts: {implicit: 0, pageLoad: 300000, script: 30000}, unhandledPromptBehavior: dismiss and notify, webauthn:extension:credBlob: true, webauthn:extension:largeBlob: true, webauthn:extension:minPinLength: true, webauthn:extension:prf: true, webauthn:virtualAuthenticators: true}
Session ID: 4d9da2fe6092e3c0283ba03b04163cb0
	at org.openqa.selenium.remote.ErrorCodec.decode(ErrorCodec.java:167)
	at org.openqa.selenium.remote.codec.w3c.W3CHttpResponseCodec.decode(W3CHttpResponseCodec.java:138)
	at org.openqa.selenium.remote.codec.w3c.W3CHttpResponseCodec.decode(W3CHttpResponseCodec.java:50)
	at org.openqa.selenium.remote.HttpCommandExecutor.execute(HttpCommandExecutor.java:190)
	at org.openqa.selenium.remote.service.DriverCommandExecutor.invokeExecute(DriverCommandExecutor.java:216)
	at org.openqa.selenium.remote.service.DriverCommandExecutor.execute(DriverCommandExecutor.java:174)
	at org.openqa.selenium.remote.RemoteWebDriver.execute(RemoteWebDriver.java:518)
	at org.openqa.selenium.remote.ElementLocation$ElementFinder$2.findElement(ElementLocation.java:165)
	at org.openqa.selenium.remote.ElementLocation.findElement(ElementLocation.java:59)
	at org.openqa.selenium.remote.RemoteWebDriver.findElement(RemoteWebDriver.java:355)
	at org.openqa.selenium.remote.RemoteWebDriver.findElement(RemoteWebDriver.java:349)
	at TestNG_DataProviderAnnotation.DataProviderAnnotationTesting.logintest(DataProviderAnnotationTesting.java:33)
	at java.base/java.util.ArrayList.forEach(ArrayList.java:1541)
... Removed 35 stack frames
</div> <!-- stack-trace -->
                </div> <!-- method-content -->
              </div> <!-- method -->
              <div class="method">
                <div class="method-content">
                  <a name="logintest(JohnFK@test.com, John!123)">
                  </a> <!-- logintest(JohnFK@test.com, John!123) -->
                  <span class="method-name">logintest</span>
                  <span class="parameters">(JohnFK@test.com,John!123)</span>
                  <div class="stack-trace">org.openqa.selenium.NoSuchElementException: no such element: Unable to locate element: {&quot;method&quot;:&quot;xpath&quot;,&quot;selector&quot;:&quot;//h2[normalize-space()=&apos;My Account&apos;]&quot;}
  (Session info: chrome=127.0.6533.72)
For documentation on this error, please visit: https://www.selenium.dev/documentation/webdriver/troubleshooting/errors#no-such-element-exception
Build info: version: &apos;4.22.0&apos;, revision: &apos;c5f3146703*&apos;
System info: os.name: &apos;Windows 11&apos;, os.arch: &apos;amd64&apos;, os.version: &apos;10.0&apos;, java.version: &apos;11.0.22&apos;
Driver info: org.openqa.selenium.chrome.ChromeDriver
Command: [4d9da2fe6092e3c0283ba03b04163cb0, findElement {value=//h2[normalize-space()=&apos;My Account&apos;], using=xpath}]
Capabilities {acceptInsecureCerts: false, browserName: chrome, browserVersion: 127.0.6533.72, chrome: {chromedriverVersion: 127.0.6533.72 (9755e24ca85a..., userDataDir: C:\Users\bhims\AppData\Loca...}, fedcm:accounts: true, goog:chromeOptions: {debuggerAddress: localhost:65135}, networkConnectionEnabled: false, pageLoadStrategy: normal, platformName: windows, proxy: Proxy(), se:cdp: ws://localhost:65135/devtoo..., se:cdpVersion: 127.0.6533.72, setWindowRect: true, strictFileInteractability: false, timeouts: {implicit: 0, pageLoad: 300000, script: 30000}, unhandledPromptBehavior: dismiss and notify, webauthn:extension:credBlob: true, webauthn:extension:largeBlob: true, webauthn:extension:minPinLength: true, webauthn:extension:prf: true, webauthn:virtualAuthenticators: true}
Session ID: 4d9da2fe6092e3c0283ba03b04163cb0
	at org.openqa.selenium.remote.ErrorCodec.decode(ErrorCodec.java:167)
	at org.openqa.selenium.remote.codec.w3c.W3CHttpResponseCodec.decode(W3CHttpResponseCodec.java:138)
	at org.openqa.selenium.remote.codec.w3c.W3CHttpResponseCodec.decode(W3CHttpResponseCodec.java:50)
	at org.openqa.selenium.remote.HttpCommandExecutor.execute(HttpCommandExecutor.java:190)
	at org.openqa.selenium.remote.service.DriverCommandExecutor.invokeExecute(DriverCommandExecutor.java:216)
	at org.openqa.selenium.remote.service.DriverCommandExecutor.execute(DriverCommandExecutor.java:174)
	at org.openqa.selenium.remote.RemoteWebDriver.execute(RemoteWebDriver.java:518)
	at org.openqa.selenium.remote.ElementLocation$ElementFinder$2.findElement(ElementLocation.java:165)
	at org.openqa.selenium.remote.ElementLocation.findElement(ElementLocation.java:59)
	at org.openqa.selenium.remote.RemoteWebDriver.findElement(RemoteWebDriver.java:355)
	at org.openqa.selenium.remote.RemoteWebDriver.findElement(RemoteWebDriver.java:349)
	at TestNG_DataProviderAnnotation.DataProviderAnnotationTesting.logintest(DataProviderAnnotationTesting.java:33)
	at java.base/java.util.ArrayList.forEach(ArrayList.java:1541)
... Removed 35 stack frames
</div> <!-- stack-trace -->
                </div> <!-- method-content -->
              </div> <!-- method -->
              <div class="method">
                <div class="method-content">
                  <a name="logintest(AmandaW@demo.com, AM@W123)">
                  </a> <!-- logintest(AmandaW@demo.com, AM@W123) -->
                  <span class="method-name">logintest</span>
                  <span class="parameters">(AmandaW@demo.com,AM@W123)</span>
                  <div class="stack-trace">org.openqa.selenium.NoSuchElementException: no such element: Unable to locate element: {&quot;method&quot;:&quot;xpath&quot;,&quot;selector&quot;:&quot;//h2[normalize-space()=&apos;My Account&apos;]&quot;}
  (Session info: chrome=127.0.6533.72)
For documentation on this error, please visit: https://www.selenium.dev/documentation/webdriver/troubleshooting/errors#no-such-element-exception
Build info: version: &apos;4.22.0&apos;, revision: &apos;c5f3146703*&apos;
System info: os.name: &apos;Windows 11&apos;, os.arch: &apos;amd64&apos;, os.version: &apos;10.0&apos;, java.version: &apos;11.0.22&apos;
Driver info: org.openqa.selenium.chrome.ChromeDriver
Command: [4d9da2fe6092e3c0283ba03b04163cb0, findElement {value=//h2[normalize-space()=&apos;My Account&apos;], using=xpath}]
Capabilities {acceptInsecureCerts: false, browserName: chrome, browserVersion: 127.0.6533.72, chrome: {chromedriverVersion: 127.0.6533.72 (9755e24ca85a..., userDataDir: C:\Users\bhims\AppData\Loca...}, fedcm:accounts: true, goog:chromeOptions: {debuggerAddress: localhost:65135}, networkConnectionEnabled: false, pageLoadStrategy: normal, platformName: windows, proxy: Proxy(), se:cdp: ws://localhost:65135/devtoo..., se:cdpVersion: 127.0.6533.72, setWindowRect: true, strictFileInteractability: false, timeouts: {implicit: 0, pageLoad: 300000, script: 30000}, unhandledPromptBehavior: dismiss and notify, webauthn:extension:credBlob: true, webauthn:extension:largeBlob: true, webauthn:extension:minPinLength: true, webauthn:extension:prf: true, webauthn:virtualAuthenticators: true}
Session ID: 4d9da2fe6092e3c0283ba03b04163cb0
	at org.openqa.selenium.remote.ErrorCodec.decode(ErrorCodec.java:167)
	at org.openqa.selenium.remote.codec.w3c.W3CHttpResponseCodec.decode(W3CHttpResponseCodec.java:138)
	at org.openqa.selenium.remote.codec.w3c.W3CHttpResponseCodec.decode(W3CHttpResponseCodec.java:50)
	at org.openqa.selenium.remote.HttpCommandExecutor.execute(HttpCommandExecutor.java:190)
	at org.openqa.selenium.remote.service.DriverCommandExecutor.invokeExecute(DriverCommandExecutor.java:216)
	at org.openqa.selenium.remote.service.DriverCommandExecutor.execute(DriverCommandExecutor.java:174)
	at org.openqa.selenium.remote.RemoteWebDriver.execute(RemoteWebDriver.java:518)
	at org.openqa.selenium.remote.ElementLocation$ElementFinder$2.findElement(ElementLocation.java:165)
	at org.openqa.selenium.remote.ElementLocation.findElement(ElementLocation.java:59)
	at org.openqa.selenium.remote.RemoteWebDriver.findElement(RemoteWebDriver.java:355)
	at org.openqa.selenium.remote.RemoteWebDriver.findElement(RemoteWebDriver.java:349)
	at TestNG_DataProviderAnnotation.DataProviderAnnotationTesting.logintest(DataProviderAnnotationTesting.java:33)
	at java.base/java.util.ArrayList.forEach(ArrayList.java:1541)
... Removed 35 stack frames
</div> <!-- stack-trace -->
                </div> <!-- method-content -->
              </div> <!-- method -->
              <div class="method">
                <div class="method-content">
                  <a name="logintest(RomanR@gmail.com, RR@Reign3)">
                  </a> <!-- logintest(RomanR@gmail.com, RR@Reign3) -->
                  <span class="method-name">logintest</span>
                  <span class="parameters">(RomanR@gmail.com,RR@Reign3)</span>
                  <div class="stack-trace">org.openqa.selenium.NoSuchElementException: no such element: Unable to locate element: {&quot;method&quot;:&quot;xpath&quot;,&quot;selector&quot;:&quot;//h2[normalize-space()=&apos;My Account&apos;]&quot;}
  (Session info: chrome=127.0.6533.72)
For documentation on this error, please visit: https://www.selenium.dev/documentation/webdriver/troubleshooting/errors#no-such-element-exception
Build info: version: &apos;4.22.0&apos;, revision: &apos;c5f3146703*&apos;
System info: os.name: &apos;Windows 11&apos;, os.arch: &apos;amd64&apos;, os.version: &apos;10.0&apos;, java.version: &apos;11.0.22&apos;
Driver info: org.openqa.selenium.chrome.ChromeDriver
Command: [4d9da2fe6092e3c0283ba03b04163cb0, findElement {value=//h2[normalize-space()=&apos;My Account&apos;], using=xpath}]
Capabilities {acceptInsecureCerts: false, browserName: chrome, browserVersion: 127.0.6533.72, chrome: {chromedriverVersion: 127.0.6533.72 (9755e24ca85a..., userDataDir: C:\Users\bhims\AppData\Loca...}, fedcm:accounts: true, goog:chromeOptions: {debuggerAddress: localhost:65135}, networkConnectionEnabled: false, pageLoadStrategy: normal, platformName: windows, proxy: Proxy(), se:cdp: ws://localhost:65135/devtoo..., se:cdpVersion: 127.0.6533.72, setWindowRect: true, strictFileInteractability: false, timeouts: {implicit: 0, pageLoad: 300000, script: 30000}, unhandledPromptBehavior: dismiss and notify, webauthn:extension:credBlob: true, webauthn:extension:largeBlob: true, webauthn:extension:minPinLength: true, webauthn:extension:prf: true, webauthn:virtualAuthenticators: true}
Session ID: 4d9da2fe6092e3c0283ba03b04163cb0
	at org.openqa.selenium.remote.ErrorCodec.decode(ErrorCodec.java:167)
	at org.openqa.selenium.remote.codec.w3c.W3CHttpResponseCodec.decode(W3CHttpResponseCodec.java:138)
	at org.openqa.selenium.remote.codec.w3c.W3CHttpResponseCodec.decode(W3CHttpResponseCodec.java:50)
	at org.openqa.selenium.remote.HttpCommandExecutor.execute(HttpCommandExecutor.java:190)
	at org.openqa.selenium.remote.service.DriverCommandExecutor.invokeExecute(DriverCommandExecutor.java:216)
	at org.openqa.selenium.remote.service.DriverCommandExecutor.execute(DriverCommandExecutor.java:174)
	at org.openqa.selenium.remote.RemoteWebDriver.execute(RemoteWebDriver.java:518)
	at org.openqa.selenium.remote.ElementLocation$ElementFinder$2.findElement(ElementLocation.java:165)
	at org.openqa.selenium.remote.ElementLocation.findElement(ElementLocation.java:59)
	at org.openqa.selenium.remote.RemoteWebDriver.findElement(RemoteWebDriver.java:355)
	at org.openqa.selenium.remote.RemoteWebDriver.findElement(RemoteWebDriver.java:349)
	at TestNG_DataProviderAnnotation.DataProviderAnnotationTesting.logintest(DataProviderAnnotationTesting.java:33)
	at java.base/java.util.ArrayList.forEach(ArrayList.java:1541)
... Removed 35 stack frames
</div> <!-- stack-trace -->
                </div> <!-- method-content -->
              </div> <!-- method -->
            </div> <!-- main-panel-content rounded-window-bottom -->
          </div> <!-- suite-Suite-class-failed -->
          <div class="suite-Suite-class-failed">
            <div class="main-panel-header rounded-window-top">
              <img src="failed.png"/>
              <span class="class-name">TestNG_DependsOnmethodsAnnotationTesting.DependsOnMethodAnnotationTest</span>
            </div> <!-- main-panel-header rounded-window-top -->
            <div class="main-panel-content rounded-window-bottom">
              <div class="method">
                <div class="method-content">
                  <a name="searchInApp">
                  </a> <!-- searchInApp -->
                  <span class="method-name">searchInApp</span>
                  <div class="stack-trace">java.lang.AssertionError: expected [true] but found [false]
	at TestNG_DependsOnmethodsAnnotationTesting.DependsOnMethodAnnotationTest.searchInApp(DependsOnMethodAnnotationTest.java:31)
	at java.base/java.util.ArrayList.forEach(ArrayList.java:1541)
... Removed 35 stack frames
</div> <!-- stack-trace -->
                </div> <!-- method-content -->
              </div> <!-- method -->
            </div> <!-- main-panel-content rounded-window-bottom -->
          </div> <!-- suite-Suite-class-failed -->
          <div class="suite-Suite-class-failed">
            <div class="main-panel-header rounded-window-top">
              <img src="failed.png"/>
              <span class="class-name">TestNG_AssertionsTesting.AssertionsTest</span>
            </div> <!-- main-panel-header rounded-window-top -->
            <div class="main-panel-content rounded-window-bottom">
              <div class="method">
                <div class="method-content">
                  <a name="Assertionstest">
                  </a> <!-- Assertionstest -->
                  <span class="method-name">Assertionstest</span>
                  <div class="stack-trace">java.lang.AssertionError: did not expect [GoogleMaps] but found [GoogleMaps]
	at TestNG_AssertionsTesting.AssertionsTest.Assertionstest(AssertionsTest.java:47)
	at java.base/java.util.ArrayList.forEach(ArrayList.java:1541)
... Removed 36 stack frames
</div> <!-- stack-trace -->
                </div> <!-- method-content -->
              </div> <!-- method -->
            </div> <!-- main-panel-content rounded-window-bottom -->
          </div> <!-- suite-Suite-class-failed -->
          <div class="suite-Suite-class-failed">
            <div class="main-panel-header rounded-window-top">
              <img src="failed.png"/>
              <span class="class-name">TestNG_AssertionsTesting.HardAssertionTest</span>
            </div> <!-- main-panel-header rounded-window-top -->
            <div class="main-panel-content rounded-window-bottom">
              <div class="method">
                <div class="method-content">
                  <a name="hardassertion">
                  </a> <!-- hardassertion -->
                  <span class="method-name">hardassertion</span>
                  <div class="stack-trace">java.lang.AssertionError: expected [Apple] but found [Android]
	at TestNG_AssertionsTesting.HardAssertionTest.hardassertion(HardAssertionTest.java:20)
	at java.base/java.util.ArrayList.forEach(ArrayList.java:1541)
... Removed 37 stack frames
</div> <!-- stack-trace -->
                </div> <!-- method-content -->
              </div> <!-- method -->
            </div> <!-- main-panel-content rounded-window-bottom -->
          </div> <!-- suite-Suite-class-failed -->
          <div class="suite-Suite-class-failed">
            <div class="main-panel-header rounded-window-top">
              <img src="failed.png"/>
              <span class="class-name">TestNG_AssertionsTesting.SoftAssertionTest</span>
            </div> <!-- main-panel-header rounded-window-top -->
            <div class="main-panel-content rounded-window-bottom">
              <div class="method">
                <div class="method-content">
                  <a name="softassertion">
                  </a> <!-- softassertion -->
                  <span class="method-name">softassertion</span>
                  <div class="stack-trace">java.lang.AssertionError: The following asserts failed:
	expected [Apple] but found [Android]
	at TestNG_AssertionsTesting.SoftAssertionTest.softassertion(SoftAssertionTest.java:28)
	at java.base/java.util.ArrayList.forEach(ArrayList.java:1541)
... Removed 33 stack frames
</div> <!-- stack-trace -->
                </div> <!-- method-content -->
              </div> <!-- method -->
            </div> <!-- main-panel-content rounded-window-bottom -->
          </div> <!-- suite-Suite-class-failed -->
          <div class="suite-Suite-class-skipped">
            <div class="main-panel-header rounded-window-top">
              <img src="skipped.png"/>
              <span class="class-name">TestNG_DependsOnmethodsAnnotationTesting.DependsOnMethodAnnotationTest</span>
            </div> <!-- main-panel-header rounded-window-top -->
            <div class="main-panel-content rounded-window-bottom">
              <div class="method">
                <div class="method-content">
                  <a name="LogoutFromApp">
                  </a> <!-- LogoutFromApp -->
                  <span class="method-name">LogoutFromApp</span>
                  <div class="stack-trace">java.lang.Throwable: Method TestNG_DependsOnmethodsAnnotationTesting.DependsOnMethodAnnotationTest.LogoutFromApp() on instance TestNG_DependsOnmethodsAnnotationTesting.DependsOnMethodAnnotationTest@1e5f4170 depends on not successfully finished methods 
[TestNG_DependsOnmethodsAnnotationTesting.DependsOnMethodAnnotationTest.advancedSearchInApp() on instance TestNG_DependsOnmethodsAnnotationTesting.DependsOnMethodAnnotationTest@1e5f4170]
	at java.base/java.util.ArrayList.forEach(ArrayList.java:1541)
... Removed 22 stack frames
</div> <!-- stack-trace -->
                </div> <!-- method-content -->
              </div> <!-- method -->
              <div class="method">
                <div class="method-content">
                  <a name="advancedSearchInApp">
                  </a> <!-- advancedSearchInApp -->
                  <span class="method-name">advancedSearchInApp</span>
                  <div class="stack-trace">java.lang.Throwable: Method TestNG_DependsOnmethodsAnnotationTesting.DependsOnMethodAnnotationTest.advancedSearchInApp() on instance TestNG_DependsOnmethodsAnnotationTesting.DependsOnMethodAnnotationTest@1e5f4170 depends on not successfully finished methods 
[TestNG_DependsOnmethodsAnnotationTesting.DependsOnMethodAnnotationTest.searchInApp() on instance TestNG_DependsOnmethodsAnnotationTesting.DependsOnMethodAnnotationTest@1e5f4170]
	at java.base/java.util.ArrayList.forEach(ArrayList.java:1541)
... Removed 22 stack frames
</div> <!-- stack-trace -->
                </div> <!-- method-content -->
              </div> <!-- method -->
            </div> <!-- main-panel-content rounded-window-bottom -->
          </div> <!-- suite-Suite-class-skipped -->
          <div class="suite-Suite-class-skipped">
            <div class="main-panel-header rounded-window-top">
              <img src="skipped.png"/>
              <span class="class-name">TestNG_ParallelTestingUsingXML.ParallelTestingUsingXML</span>
            </div> <!-- main-panel-header rounded-window-top -->
            <div class="main-panel-content rounded-window-bottom">
              <div class="method">
                <div class="method-content">
                  <a name="logintest">
                  </a> <!-- logintest -->
                  <span class="method-name">logintest</span>
                  <div class="stack-trace">org.testng.TestNGException: 
Parameter &apos;browser&apos; is required by BeforeClass on method setup but has not been marked @Optional or defined
in G:\ECLIPSE WORKSPACE\SeleniumAndTestNGTraining\SeleniumAutomationTesting\testng.xml
	at java.base/java.util.ArrayList.forEach(ArrayList.java:1541)
... Removed 26 stack frames
</div> <!-- stack-trace -->
                </div> <!-- method-content -->
              </div> <!-- method -->
            </div> <!-- main-panel-content rounded-window-bottom -->
          </div> <!-- suite-Suite-class-skipped -->
          <div class="suite-Suite-class-passed">
            <div class="main-panel-header rounded-window-top">
              <img src="passed.png"/>
              <span class="class-name">TestNG_DataProviderAnnotation.DataProviderAnnotationTesting</span>
            </div> <!-- main-panel-header rounded-window-top -->
            <div class="main-panel-content rounded-window-bottom">
              <div class="method">
                <div class="method-content">
                  <a name="logintest(testdemo@demo.com, Harsh@123)">
                  </a> <!-- logintest(testdemo@demo.com, Harsh@123) -->
                  <span class="method-name">logintest</span>
                  <span class="parameters">(testdemo@demo.com,Harsh@123)</span>
                </div> <!-- method-content -->
              </div> <!-- method -->
            </div> <!-- main-panel-content rounded-window-bottom -->
          </div> <!-- suite-Suite-class-passed -->
          <div class="suite-Suite-class-passed">
            <div class="main-panel-header rounded-window-top">
              <img src="passed.png"/>
              <span class="class-name">TestNG_GroupingAnnotationTesting.SanityGroupTesting</span>
            </div> <!-- main-panel-header rounded-window-top -->
            <div class="main-panel-content rounded-window-bottom">
              <div class="method">
                <div class="method-content">
                  <a name="OpenFacebookApp">
                  </a> <!-- OpenFacebookApp -->
                  <span class="method-name">OpenFacebookApp</span>
                </div> <!-- method-content -->
              </div> <!-- method -->
              <div class="method">
                <div class="method-content">
                  <a name="OpenGoogleApp">
                  </a> <!-- OpenGoogleApp -->
                  <span class="method-name">OpenGoogleApp</span>
                </div> <!-- method-content -->
              </div> <!-- method -->
              <div class="method">
                <div class="method-content">
                  <a name="OpenMicroSoftApp">
                  </a> <!-- OpenMicroSoftApp -->
                  <span class="method-name">OpenMicroSoftApp</span>
                </div> <!-- method-content -->
              </div> <!-- method -->
            </div> <!-- main-panel-content rounded-window-bottom -->
          </div> <!-- suite-Suite-class-passed -->
          <div class="suite-Suite-class-passed">
            <div class="main-panel-header rounded-window-top">
              <img src="passed.png"/>
              <span class="class-name">TestNG_SeleniumTesting.LoginAppUsingTestNG</span>
            </div> <!-- main-panel-header rounded-window-top -->
            <div class="main-panel-content rounded-window-bottom">
              <div class="method">
                <div class="method-content">
                  <a name="HomePageTitleValidation">
                  </a> <!-- HomePageTitleValidation -->
                  <span class="method-name">HomePageTitleValidation</span>
                </div> <!-- method-content -->
              </div> <!-- method -->
              <div class="method">
                <div class="method-content">
                  <a name="LogOutfromApp">
                  </a> <!-- LogOutfromApp -->
                  <span class="method-name">LogOutfromApp</span>
                </div> <!-- method-content -->
              </div> <!-- method -->
              <div class="method">
                <div class="method-content">
                  <a name="LogininApp">
                  </a> <!-- LogininApp -->
                  <span class="method-name">LogininApp</span>
                </div> <!-- method-content -->
              </div> <!-- method -->
              <div class="method">
                <div class="method-content">
                  <a name="OpenApp">
                  </a> <!-- OpenApp -->
                  <span class="method-name">OpenApp</span>
                </div> <!-- method-content -->
              </div> <!-- method -->
            </div> <!-- main-panel-content rounded-window-bottom -->
          </div> <!-- suite-Suite-class-passed -->
          <div class="suite-Suite-class-passed">
            <div class="main-panel-header rounded-window-top">
              <img src="passed.png"/>
              <span class="class-name">TestNG_ClassAndMethodAnnotationsTesting.BeforeAndAfterClassAnnotations</span>
            </div> <!-- main-panel-header rounded-window-top -->
            <div class="main-panel-content rounded-window-bottom">
              <div class="method">
                <div class="method-content">
                  <a name="OpenLinkInApp">
                  </a> <!-- OpenLinkInApp -->
                  <span class="method-name">OpenLinkInApp</span>
                </div> <!-- method-content -->
              </div> <!-- method -->
              <div class="method">
                <div class="method-content">
                  <a name="SearchInApp">
                  </a> <!-- SearchInApp -->
                  <span class="method-name">SearchInApp</span>
                </div> <!-- method-content -->
              </div> <!-- method -->
            </div> <!-- main-panel-content rounded-window-bottom -->
          </div> <!-- suite-Suite-class-passed -->
          <div class="suite-Suite-class-passed">
            <div class="main-panel-header rounded-window-top">
              <img src="passed.png"/>
              <span class="class-name">TestNG_DependsOnmethodsAnnotationTesting.DependsOnMethodAnnotationTest</span>
            </div> <!-- main-panel-header rounded-window-top -->
            <div class="main-panel-content rounded-window-bottom">
              <div class="method">
                <div class="method-content">
                  <a name="loginInApp">
                  </a> <!-- loginInApp -->
                  <span class="method-name">loginInApp</span>
                </div> <!-- method-content -->
              </div> <!-- method -->
              <div class="method">
                <div class="method-content">
                  <a name="openApp">
                  </a> <!-- openApp -->
                  <span class="method-name">openApp</span>
                </div> <!-- method-content -->
              </div> <!-- method -->
            </div> <!-- main-panel-content rounded-window-bottom -->
          </div> <!-- suite-Suite-class-passed -->
          <div class="suite-Suite-class-passed">
            <div class="main-panel-header rounded-window-top">
              <img src="passed.png"/>
              <span class="class-name">TestNG_ClassAndMethodAnnotationsTesting.BeforeAndAfterMethodAnnotations</span>
            </div> <!-- main-panel-header rounded-window-top -->
            <div class="main-panel-content rounded-window-bottom">
              <div class="method">
                <div class="method-content">
                  <a name="OpenLinkInApp">
                  </a> <!-- OpenLinkInApp -->
                  <span class="method-name">OpenLinkInApp</span>
                </div> <!-- method-content -->
              </div> <!-- method -->
              <div class="method">
                <div class="method-content">
                  <a name="SearchInApp">
                  </a> <!-- SearchInApp -->
                  <span class="method-name">SearchInApp</span>
                </div> <!-- method-content -->
              </div> <!-- method -->
            </div> <!-- main-panel-content rounded-window-bottom -->
          </div> <!-- suite-Suite-class-passed -->
          <div class="suite-Suite-class-passed">
            <div class="main-panel-header rounded-window-top">
              <img src="passed.png"/>
              <span class="class-name">TestNG_GroupingAnnotationTesting.RegressionGroupTesting</span>
            </div> <!-- main-panel-header rounded-window-top -->
            <div class="main-panel-content rounded-window-bottom">
              <div class="method">
                <div class="method-content">
                  <a name="LoginFacebookApp">
                  </a> <!-- LoginFacebookApp -->
                  <span class="method-name">LoginFacebookApp</span>
                </div> <!-- method-content -->
              </div> <!-- method -->
              <div class="method">
                <div class="method-content">
                  <a name="LoginGoogleApp">
                  </a> <!-- LoginGoogleApp -->
                  <span class="method-name">LoginGoogleApp</span>
                </div> <!-- method-content -->
              </div> <!-- method -->
              <div class="method">
                <div class="method-content">
                  <a name="LoginMicroSoftApp">
                  </a> <!-- LoginMicroSoftApp -->
                  <span class="method-name">LoginMicroSoftApp</span>
                </div> <!-- method-content -->
              </div> <!-- method -->
            </div> <!-- main-panel-content rounded-window-bottom -->
          </div> <!-- suite-Suite-class-passed -->
          <div class="suite-Suite-class-passed">
            <div class="main-panel-header rounded-window-top">
              <img src="passed.png"/>
              <span class="class-name">TestNG_AllTestAnnotationsTesting.AllTestAnnotationsTesing</span>
            </div> <!-- main-panel-header rounded-window-top -->
            <div class="main-panel-content rounded-window-bottom">
              <div class="method">
                <div class="method-content">
                  <a name="OpenLinkInApp">
                  </a> <!-- OpenLinkInApp -->
                  <span class="method-name">OpenLinkInApp</span>
                </div> <!-- method-content -->
              </div> <!-- method -->
              <div class="method">
                <div class="method-content">
                  <a name="OpenLinkInApp2">
                  </a> <!-- OpenLinkInApp2 -->
                  <span class="method-name">OpenLinkInApp2</span>
                </div> <!-- method-content -->
              </div> <!-- method -->
              <div class="method">
                <div class="method-content">
                  <a name="SearchInApp">
                  </a> <!-- SearchInApp -->
                  <span class="method-name">SearchInApp</span>
                </div> <!-- method-content -->
              </div> <!-- method -->
              <div class="method">
                <div class="method-content">
                  <a name="SearchInApp2">
                  </a> <!-- SearchInApp2 -->
                  <span class="method-name">SearchInApp2</span>
                </div> <!-- method-content -->
              </div> <!-- method -->
              <div class="method">
                <div class="method-content">
                  <a name="Test1">
                  </a> <!-- Test1 -->
                  <span class="method-name">Test1</span>
                </div> <!-- method-content -->
              </div> <!-- method -->
              <div class="method">
                <div class="method-content">
                  <a name="Test2">
                  </a> <!-- Test2 -->
                  <span class="method-name">Test2</span>
                </div> <!-- method-content -->
              </div> <!-- method -->
            </div> <!-- main-panel-content rounded-window-bottom -->
          </div> <!-- suite-Suite-class-passed -->
          <div class="suite-Suite-class-passed">
            <div class="main-panel-header rounded-window-top">
              <img src="passed.png"/>
              <span class="class-name">TestNG_BeforeAndAfterSuiteTestAnnotationsTesting.SuiteTest2</span>
            </div> <!-- main-panel-header rounded-window-top -->
            <div class="main-panel-content rounded-window-bottom">
              <div class="method">
                <div class="method-content">
                  <a name="Test1">
                  </a> <!-- Test1 -->
                  <span class="method-name">Test1</span>
                </div> <!-- method-content -->
              </div> <!-- method -->
            </div> <!-- main-panel-content rounded-window-bottom -->
          </div> <!-- suite-Suite-class-passed -->
          <div class="suite-Suite-class-passed">
            <div class="main-panel-header rounded-window-top">
              <img src="passed.png"/>
              <span class="class-name">TestNG_BeforeAndAfterTestAnnotationsTesting.BeforeAndAfterTestAnnotationTest1</span>
            </div> <!-- main-panel-header rounded-window-top -->
            <div class="main-panel-content rounded-window-bottom">
              <div class="method">
                <div class="method-content">
                  <a name="Test1">
                  </a> <!-- Test1 -->
                  <span class="method-name">Test1</span>
                </div> <!-- method-content -->
              </div> <!-- method -->
            </div> <!-- main-panel-content rounded-window-bottom -->
          </div> <!-- suite-Suite-class-passed -->
          <div class="suite-Suite-class-passed">
            <div class="main-panel-header rounded-window-top">
              <img src="passed.png"/>
              <span class="class-name">TestNG_BeforeAndAfterSuiteTestAnnotationsTesting.SuiteTest3</span>
            </div> <!-- main-panel-header rounded-window-top -->
            <div class="main-panel-content rounded-window-bottom">
              <div class="method">
                <div class="method-content">
                  <a name="LinkValidation">
                  </a> <!-- LinkValidation -->
                  <span class="method-name">LinkValidation</span>
                </div> <!-- method-content -->
              </div> <!-- method -->
            </div> <!-- main-panel-content rounded-window-bottom -->
          </div> <!-- suite-Suite-class-passed -->
          <div class="suite-Suite-class-passed">
            <div class="main-panel-header rounded-window-top">
              <img src="passed.png"/>
              <span class="class-name">TestNG_GroupingAnnotationTesting.Sanity_Regression_FunctionalGroupTesting</span>
            </div> <!-- main-panel-header rounded-window-top -->
            <div class="main-panel-content rounded-window-bottom">
              <div class="method">
                <div class="method-content">
                  <a name="PaymentInFacebookApp">
                  </a> <!-- PaymentInFacebookApp -->
                  <span class="method-name">PaymentInFacebookApp</span>
                </div> <!-- method-content -->
              </div> <!-- method -->
              <div class="method">
                <div class="method-content">
                  <a name="PaymentInGoogleApp">
                  </a> <!-- PaymentInGoogleApp -->
                  <span class="method-name">PaymentInGoogleApp</span>
                </div> <!-- method-content -->
              </div> <!-- method -->
              <div class="method">
                <div class="method-content">
                  <a name="PaymentInMicroSoftApp">
                  </a> <!-- PaymentInMicroSoftApp -->
                  <span class="method-name">PaymentInMicroSoftApp</span>
                </div> <!-- method-content -->
              </div> <!-- method -->
            </div> <!-- main-panel-content rounded-window-bottom -->
          </div> <!-- suite-Suite-class-passed -->
          <div class="suite-Suite-class-passed">
            <div class="main-panel-header rounded-window-top">
              <img src="passed.png"/>
              <span class="class-name">TestNG_BeforeAndAfterSuiteTestAnnotationsTesting.SuiteTest1</span>
            </div> <!-- main-panel-header rounded-window-top -->
            <div class="main-panel-content rounded-window-bottom">
              <div class="method">
                <div class="method-content">
                  <a name="Test1">
                  </a> <!-- Test1 -->
                  <span class="method-name">Test1</span>
                </div> <!-- method-content -->
              </div> <!-- method -->
            </div> <!-- main-panel-content rounded-window-bottom -->
          </div> <!-- suite-Suite-class-passed -->
          <div class="suite-Suite-class-passed">
            <div class="main-panel-header rounded-window-top">
              <img src="passed.png"/>
              <span class="class-name">TestNG_ParallelTestingUsingXML.ParallelTestingUsingXML</span>
            </div> <!-- main-panel-header rounded-window-top -->
            <div class="main-panel-content rounded-window-bottom">
              <div class="method">
                <div class="method-content">
                  <a name="logintest">
                  </a> <!-- logintest -->
                  <span class="method-name">logintest</span>
                </div> <!-- method-content -->
              </div> <!-- method -->
            </div> <!-- main-panel-content rounded-window-bottom -->
          </div> <!-- suite-Suite-class-passed -->
          <div class="suite-Suite-class-passed">
            <div class="main-panel-header rounded-window-top">
              <img src="passed.png"/>
              <span class="class-name">TestNG_BeforeAndAfterTestAnnotationsTesting.BeforeAndAfterTestAnnotationTest2</span>
            </div> <!-- main-panel-header rounded-window-top -->
            <div class="main-panel-content rounded-window-bottom">
              <div class="method">
                <div class="method-content">
                  <a name="Test1">
                  </a> <!-- Test1 -->
                  <span class="method-name">Test1</span>
                </div> <!-- method-content -->
              </div> <!-- method -->
            </div> <!-- main-panel-content rounded-window-bottom -->
          </div> <!-- suite-Suite-class-passed -->
        </div> <!-- panel Suite -->
        <div panel-name="test-xml-Suite" class="panel">
          <div class="main-panel-header rounded-window-top">
            <span class="header-content">G:\ECLIPSE WORKSPACE\SeleniumAndTestNGTraining\SeleniumAutomationTesting\testng.xml</span>
          </div> <!-- main-panel-header rounded-window-top -->
          <div class="main-panel-content rounded-window-bottom">
            <pre>
&lt;?xml version=&quot;1.0&quot; encoding=&quot;UTF-8&quot;?&gt;
&lt;!DOCTYPE suite SYSTEM &quot;https://testng.org/testng-1.0.dtd&quot;&gt;
&lt;suite name=&quot;Suite&quot; guice-stage=&quot;DEVELOPMENT&quot; verbose=&quot;0&quot;&gt;
  &lt;test thread-count=&quot;5&quot; name=&quot;Test1&quot; verbose=&quot;0&quot;&gt;
    &lt;classes&gt;
      &lt;class name=&quot;TestNG_SeleniumTesting.LoginAppUsingTestNG&quot;/&gt;
      &lt;class name=&quot;TestNG_DataProviderAnnotation.DataProviderAnnotationTesting&quot;/&gt;
      &lt;class name=&quot;TestNG_ParallelTestingUsingXML.ParallelTestingUsingXML&quot;/&gt;
      &lt;class name=&quot;TestNG_AssertionsTesting.SoftAssertionTest&quot;/&gt;
      &lt;class name=&quot;TestNG_GroupingAnnotationTesting.SanityGroupTesting&quot;/&gt;
      &lt;class name=&quot;TestNG_AssertionsTesting.HardAssertionTest&quot;/&gt;
      &lt;class name=&quot;TestNG_AssertionsTesting.AssertionsTest&quot;/&gt;
      &lt;class name=&quot;TestNG_BeforeAndAfterTestAnnotationsTesting.BeforeAndAfterTestAnnotationTest1&quot;/&gt;
      &lt;class name=&quot;TestNG_BeforeAndAfterSuiteTestAnnotationsTesting.SuiteTest1&quot;/&gt;
      &lt;class name=&quot;TestNG_BeforeAndAfterTestAnnotationsTesting.BeforeAndAfterTestAnnotationTest2&quot;/&gt;
      &lt;class name=&quot;TestNG_BeforeAndAfterSuiteTestAnnotationsTesting.SuiteTest3&quot;/&gt;
      &lt;class name=&quot;TestNG_BeforeAndAfterSuiteTestAnnotationsTesting.SuiteTest2&quot;/&gt;
      &lt;class name=&quot;TestNG_DependsOnmethodsAnnotationTesting.DependsOnMethodAnnotationTest&quot;/&gt;
      &lt;class name=&quot;TestNG_GroupingAnnotationTesting.Sanity_Regression_FunctionalGroupTesting&quot;/&gt;
      &lt;class name=&quot;TestNG_ClassAndMethodAnnotationsTesting.BeforeAndAfterClassAnnotations&quot;/&gt;
      &lt;class name=&quot;TestNG_ClassAndMethodAnnotationsTesting.BeforeAndAfterMethodAnnotations&quot;/&gt;
      &lt;class name=&quot;TestNG_GroupingAnnotationTesting.RegressionGroupTesting&quot;/&gt;
      &lt;class name=&quot;TestNG_AllTestAnnotationsTesting.AllTestAnnotationsTesing&quot;/&gt;
    &lt;/classes&gt;
  &lt;/test&gt; &lt;!-- Test1 --&gt;
  &lt;test thread-count=&quot;5&quot; name=&quot;Test2&quot; verbose=&quot;0&quot;&gt;
    &lt;parameter name=&quot;browser&quot; value=&quot;Chrome&quot;/&gt;
    &lt;classes&gt;
      &lt;class name=&quot;TestNG_ParallelTestingUsingXML.ParallelTestingUsingXML&quot;/&gt;
    &lt;/classes&gt;
  &lt;/test&gt; &lt;!-- Test2 --&gt;
&lt;/suite&gt; &lt;!-- Suite --&gt;
            </pre>
          </div> <!-- main-panel-content rounded-window-bottom -->
        </div> <!-- panel -->
        <div panel-name="testlist-Suite" class="panel">
          <div class="main-panel-header rounded-window-top">
            <span class="header-content">Tests for Suite</span>
          </div> <!-- main-panel-header rounded-window-top -->
          <div class="main-panel-content rounded-window-bottom">
            <ul>
              <li>
                <span class="test-name">Test1 (18 classes)</span>
              </li>
              <li>
                <span class="test-name">Test2 (1 class)</span>
              </li>
            </ul>
          </div> <!-- main-panel-content rounded-window-bottom -->
        </div> <!-- panel -->
        <div panel-name="group-Suite" class="panel">
          <div class="main-panel-header rounded-window-top">
            <span class="header-content">Groups for Suite</span>
          </div> <!-- main-panel-header rounded-window-top -->
          <div class="main-panel-content rounded-window-bottom">
            <div class="test-group">
              <span class="test-group-name">functional</span>
              <br/>
              <div class="method-in-group">
                <span class="method-in-group-name">PaymentInFacebookApp</span>
                <br/>
              </div> <!-- method-in-group -->
              <div class="method-in-group">
                <span class="method-in-group-name">PaymentInGoogleApp</span>
                <br/>
              </div> <!-- method-in-group -->
              <div class="method-in-group">
                <span class="method-in-group-name">PaymentInMicroSoftApp</span>
                <br/>
              </div> <!-- method-in-group -->
            </div> <!-- test-group -->
            <div class="test-group">
              <span class="test-group-name">regression</span>
              <br/>
              <div class="method-in-group">
                <span class="method-in-group-name">LoginFacebookApp</span>
                <br/>
              </div> <!-- method-in-group -->
              <div class="method-in-group">
                <span class="method-in-group-name">LoginGoogleApp</span>
                <br/>
              </div> <!-- method-in-group -->
              <div class="method-in-group">
                <span class="method-in-group-name">LoginMicroSoftApp</span>
                <br/>
              </div> <!-- method-in-group -->
              <div class="method-in-group">
                <span class="method-in-group-name">PaymentInFacebookApp</span>
                <br/>
              </div> <!-- method-in-group -->
              <div class="method-in-group">
                <span class="method-in-group-name">PaymentInGoogleApp</span>
                <br/>
              </div> <!-- method-in-group -->
              <div class="method-in-group">
                <span class="method-in-group-name">PaymentInMicroSoftApp</span>
                <br/>
              </div> <!-- method-in-group -->
            </div> <!-- test-group -->
            <div class="test-group">
              <span class="test-group-name">sanity</span>
              <br/>
              <div class="method-in-group">
                <span class="method-in-group-name">OpenFacebookApp</span>
                <br/>
              </div> <!-- method-in-group -->
              <div class="method-in-group">
                <span class="method-in-group-name">OpenGoogleApp</span>
                <br/>
              </div> <!-- method-in-group -->
              <div class="method-in-group">
                <span class="method-in-group-name">OpenMicroSoftApp</span>
                <br/>
              </div> <!-- method-in-group -->
              <div class="method-in-group">
                <span class="method-in-group-name">PaymentInFacebookApp</span>
                <br/>
              </div> <!-- method-in-group -->
              <div class="method-in-group">
                <span class="method-in-group-name">PaymentInGoogleApp</span>
                <br/>
              </div> <!-- method-in-group -->
              <div class="method-in-group">
                <span class="method-in-group-name">PaymentInMicroSoftApp</span>
                <br/>
              </div> <!-- method-in-group -->
            </div> <!-- test-group -->
          </div> <!-- main-panel-content rounded-window-bottom -->
        </div> <!-- panel -->
        <div panel-name="times-Suite" class="panel">
          <div class="main-panel-header rounded-window-top">
            <span class="header-content">Times for Suite</span>
          </div> <!-- main-panel-header rounded-window-top -->
          <div class="main-panel-content rounded-window-bottom">
            <div class="times-div">
              <script type="text/javascript">
suiteTableInitFunctions.push('tableData_Suite');
function tableData_Suite() {
var data = new google.visualization.DataTable();
data.addColumn('number', 'Number');
data.addColumn('string', 'Method');
data.addColumn('string', 'Class');
data.addColumn('number', 'Time (ms)');
data.addRows(43);
data.setCell(0, 0, 0)
data.setCell(0, 1, 'logintest')
data.setCell(0, 2, 'TestNG_DataProviderAnnotation.DataProviderAnnotationTesting')
data.setCell(0, 3, 11698);
data.setCell(1, 0, 1)
data.setCell(1, 1, 'logintest')
data.setCell(1, 2, 'TestNG_DataProviderAnnotation.DataProviderAnnotationTesting')
data.setCell(1, 3, 11203);
data.setCell(2, 0, 2)
data.setCell(2, 1, 'logintest')
data.setCell(2, 2, 'TestNG_DataProviderAnnotation.DataProviderAnnotationTesting')
data.setCell(2, 3, 11052);
data.setCell(3, 0, 3)
data.setCell(3, 1, 'logintest')
data.setCell(3, 2, 'TestNG_DataProviderAnnotation.DataProviderAnnotationTesting')
data.setCell(3, 3, 10990);
data.setCell(4, 0, 4)
data.setCell(4, 1, 'OpenApp')
data.setCell(4, 2, 'TestNG_SeleniumTesting.LoginAppUsingTestNG')
data.setCell(4, 3, 2592);
data.setCell(5, 0, 5)
data.setCell(5, 1, 'LogininApp')
data.setCell(5, 2, 'TestNG_SeleniumTesting.LoginAppUsingTestNG')
data.setCell(5, 3, 2402);
data.setCell(6, 0, 6)
data.setCell(6, 1, 'logintest')
data.setCell(6, 2, 'TestNG_ParallelTestingUsingXML.ParallelTestingUsingXML')
data.setCell(6, 3, 2219);
data.setCell(7, 0, 7)
data.setCell(7, 1, 'logintest')
data.setCell(7, 2, 'TestNG_DataProviderAnnotation.DataProviderAnnotationTesting')
data.setCell(7, 3, 1790);
data.setCell(8, 0, 8)
data.setCell(8, 1, 'LogOutfromApp')
data.setCell(8, 2, 'TestNG_SeleniumTesting.LoginAppUsingTestNG')
data.setCell(8, 3, 190);
data.setCell(9, 0, 9)
data.setCell(9, 1, 'HomePageTitleValidation')
data.setCell(9, 2, 'TestNG_SeleniumTesting.LoginAppUsingTestNG')
data.setCell(9, 3, 11);
data.setCell(10, 0, 10)
data.setCell(10, 1, 'softassertion')
data.setCell(10, 2, 'TestNG_AssertionsTesting.SoftAssertionTest')
data.setCell(10, 3, 10);
data.setCell(11, 0, 11)
data.setCell(11, 1, 'PaymentInFacebookApp')
data.setCell(11, 2, 'TestNG_GroupingAnnotationTesting.Sanity_Regression_FunctionalGroupTesting')
data.setCell(11, 3, 1);
data.setCell(12, 0, 12)
data.setCell(12, 1, 'Test2')
data.setCell(12, 2, 'TestNG_AllTestAnnotationsTesting.AllTestAnnotationsTesing')
data.setCell(12, 3, 1);
data.setCell(13, 0, 13)
data.setCell(13, 1, 'OpenFacebookApp')
data.setCell(13, 2, 'TestNG_GroupingAnnotationTesting.SanityGroupTesting')
data.setCell(13, 3, 1);
data.setCell(14, 0, 14)
data.setCell(14, 1, 'Test1')
data.setCell(14, 2, 'TestNG_BeforeAndAfterSuiteTestAnnotationsTesting.SuiteTest2')
data.setCell(14, 3, 1);
data.setCell(15, 0, 15)
data.setCell(15, 1, 'SearchInApp')
data.setCell(15, 2, 'TestNG_ClassAndMethodAnnotationsTesting.BeforeAndAfterMethodAnnotations')
data.setCell(15, 3, 1);
data.setCell(16, 0, 16)
data.setCell(16, 1, 'OpenLinkInApp2')
data.setCell(16, 2, 'TestNG_AllTestAnnotationsTesting.AllTestAnnotationsTesing')
data.setCell(16, 3, 1);
data.setCell(17, 0, 17)
data.setCell(17, 1, 'LoginGoogleApp')
data.setCell(17, 2, 'TestNG_GroupingAnnotationTesting.RegressionGroupTesting')
data.setCell(17, 3, 1);
data.setCell(18, 0, 18)
data.setCell(18, 1, 'LoginFacebookApp')
data.setCell(18, 2, 'TestNG_GroupingAnnotationTesting.RegressionGroupTesting')
data.setCell(18, 3, 1);
data.setCell(19, 0, 19)
data.setCell(19, 1, 'Test1')
data.setCell(19, 2, 'TestNG_AllTestAnnotationsTesting.AllTestAnnotationsTesing')
data.setCell(19, 3, 1);
data.setCell(20, 0, 20)
data.setCell(20, 1, 'Test1')
data.setCell(20, 2, 'TestNG_BeforeAndAfterTestAnnotationsTesting.BeforeAndAfterTestAnnotationTest2')
data.setCell(20, 3, 1);
data.setCell(21, 0, 21)
data.setCell(21, 1, 'OpenGoogleApp')
data.setCell(21, 2, 'TestNG_GroupingAnnotationTesting.SanityGroupTesting')
data.setCell(21, 3, 1);
data.setCell(22, 0, 22)
data.setCell(22, 1, 'Assertionstest')
data.setCell(22, 2, 'TestNG_AssertionsTesting.AssertionsTest')
data.setCell(22, 3, 1);
data.setCell(23, 0, 23)
data.setCell(23, 1, 'LoginMicroSoftApp')
data.setCell(23, 2, 'TestNG_GroupingAnnotationTesting.RegressionGroupTesting')
data.setCell(23, 3, 0);
data.setCell(24, 0, 24)
data.setCell(24, 1, 'SearchInApp')
data.setCell(24, 2, 'TestNG_ClassAndMethodAnnotationsTesting.BeforeAndAfterClassAnnotations')
data.setCell(24, 3, 0);
data.setCell(25, 0, 25)
data.setCell(25, 1, 'PaymentInMicroSoftApp')
data.setCell(25, 2, 'TestNG_GroupingAnnotationTesting.Sanity_Regression_FunctionalGroupTesting')
data.setCell(25, 3, 0);
data.setCell(26, 0, 26)
data.setCell(26, 1, 'loginInApp')
data.setCell(26, 2, 'TestNG_DependsOnmethodsAnnotationTesting.DependsOnMethodAnnotationTest')
data.setCell(26, 3, 0);
data.setCell(27, 0, 27)
data.setCell(27, 1, 'Test1')
data.setCell(27, 2, 'TestNG_BeforeAndAfterSuiteTestAnnotationsTesting.SuiteTest1')
data.setCell(27, 3, 0);
data.setCell(28, 0, 28)
data.setCell(28, 1, 'Test1')
data.setCell(28, 2, 'TestNG_BeforeAndAfterTestAnnotationsTesting.BeforeAndAfterTestAnnotationTest1')
data.setCell(28, 3, 0);
data.setCell(29, 0, 29)
data.setCell(29, 1, 'OpenLinkInApp')
data.setCell(29, 2, 'TestNG_AllTestAnnotationsTesting.AllTestAnnotationsTesing')
data.setCell(29, 3, 0);
data.setCell(30, 0, 30)
data.setCell(30, 1, 'SearchInApp2')
data.setCell(30, 2, 'TestNG_AllTestAnnotationsTesting.AllTestAnnotationsTesing')
data.setCell(30, 3, 0);
data.setCell(31, 0, 31)
data.setCell(31, 1, 'OpenLinkInApp')
data.setCell(31, 2, 'TestNG_ClassAndMethodAnnotationsTesting.BeforeAndAfterClassAnnotations')
data.setCell(31, 3, 0);
data.setCell(32, 0, 32)
data.setCell(32, 1, 'SearchInApp')
data.setCell(32, 2, 'TestNG_AllTestAnnotationsTesting.AllTestAnnotationsTesing')
data.setCell(32, 3, 0);
data.setCell(33, 0, 33)
data.setCell(33, 1, 'OpenLinkInApp')
data.setCell(33, 2, 'TestNG_ClassAndMethodAnnotationsTesting.BeforeAndAfterMethodAnnotations')
data.setCell(33, 3, 0);
data.setCell(34, 0, 34)
data.setCell(34, 1, 'LinkValidation')
data.setCell(34, 2, 'TestNG_BeforeAndAfterSuiteTestAnnotationsTesting.SuiteTest3')
data.setCell(34, 3, 0);
data.setCell(35, 0, 35)
data.setCell(35, 1, 'PaymentInGoogleApp')
data.setCell(35, 2, 'TestNG_GroupingAnnotationTesting.Sanity_Regression_FunctionalGroupTesting')
data.setCell(35, 3, 0);
data.setCell(36, 0, 36)
data.setCell(36, 1, 'OpenMicroSoftApp')
data.setCell(36, 2, 'TestNG_GroupingAnnotationTesting.SanityGroupTesting')
data.setCell(36, 3, 0);
data.setCell(37, 0, 37)
data.setCell(37, 1, 'openApp')
data.setCell(37, 2, 'TestNG_DependsOnmethodsAnnotationTesting.DependsOnMethodAnnotationTest')
data.setCell(37, 3, 0);
data.setCell(38, 0, 38)
data.setCell(38, 1, 'hardassertion')
data.setCell(38, 2, 'TestNG_AssertionsTesting.HardAssertionTest')
data.setCell(38, 3, 0);
data.setCell(39, 0, 39)
data.setCell(39, 1, 'searchInApp')
data.setCell(39, 2, 'TestNG_DependsOnmethodsAnnotationTesting.DependsOnMethodAnnotationTest')
data.setCell(39, 3, 0);
data.setCell(40, 0, 40)
data.setCell(40, 1, 'LogoutFromApp')
data.setCell(40, 2, 'TestNG_DependsOnmethodsAnnotationTesting.DependsOnMethodAnnotationTest')
data.setCell(40, 3, 0);
data.setCell(41, 0, 41)
data.setCell(41, 1, 'advancedSearchInApp')
data.setCell(41, 2, 'TestNG_DependsOnmethodsAnnotationTesting.DependsOnMethodAnnotationTest')
data.setCell(41, 3, 0);
data.setCell(42, 0, 42)
data.setCell(42, 1, 'logintest')
data.setCell(42, 2, 'TestNG_ParallelTestingUsingXML.ParallelTestingUsingXML')
data.setCell(42, 3, 0);
window.suiteTableData['Suite']= { tableData: data, tableDiv: 'times-div-Suite'}
return data;
}
              </script>
              <span class="suite-total-time">Total running time: 54 seconds</span>
              <div id="times-div-Suite">
              </div> <!-- times-div-Suite -->
            </div> <!-- times-div -->
          </div> <!-- main-panel-content rounded-window-bottom -->
        </div> <!-- panel -->
        <div panel-name="reporter-Suite" class="panel">
          <div class="main-panel-header rounded-window-top">
            <span class="header-content">Reporter output for Suite</span>
          </div> <!-- main-panel-header rounded-window-top -->
          <div class="main-panel-content rounded-window-bottom">
          </div> <!-- main-panel-content rounded-window-bottom -->
        </div> <!-- panel -->
        <div panel-name="ignored-methods-Suite" class="panel">
          <div class="main-panel-header rounded-window-top">
            <span class="header-content">0 ignored methods</span>
          </div> <!-- main-panel-header rounded-window-top -->
          <div class="main-panel-content rounded-window-bottom">
          </div> <!-- main-panel-content rounded-window-bottom -->
        </div> <!-- panel -->
        <div panel-name="chronological-Suite" class="panel">
          <div class="main-panel-header rounded-window-top">
            <span class="header-content">Methods in chronological order</span>
          </div> <!-- main-panel-header rounded-window-top -->
          <div class="main-panel-content rounded-window-bottom">
            <div class="chronological-class">
              <div class="chronological-class-name">TestNG_AllTestAnnotationsTesting.AllTestAnnotationsTesing</div> <!-- chronological-class-name -->
              <div class="configuration-suite before">
                <span class="method-name">OpenLink</span>
                <span class="method-start">0 ms</span>
              </div> <!-- configuration-suite before -->
            </div> <!-- chronological-class -->
            <div class="chronological-class">
              <div class="chronological-class-name">TestNG_BeforeAndAfterSuiteTestAnnotationsTesting.SuiteTest3</div> <!-- chronological-class-name -->
              <div class="configuration-suite before">
                <span class="method-name">OpenLink</span>
                <span class="method-start">19 ms</span>
              </div> <!-- configuration-suite before -->
            </div> <!-- chronological-class -->
            <div class="chronological-class">
              <div class="chronological-class-name">TestNG_AllTestAnnotationsTesting.AllTestAnnotationsTesing</div> <!-- chronological-class-name -->
              <div class="configuration-test before">
                <span class="method-name">Login</span>
                <span class="method-start">38 ms</span>
              </div> <!-- configuration-test before -->
            </div> <!-- chronological-class -->
            <div class="chronological-class">
              <div class="chronological-class-name">TestNG_BeforeAndAfterSuiteTestAnnotationsTesting.SuiteTest1</div> <!-- chronological-class-name -->
              <div class="configuration-test before">
                <span class="method-name">Login</span>
                <span class="method-start">39 ms</span>
              </div> <!-- configuration-test before -->
            </div> <!-- chronological-class -->
            <div class="chronological-class">
              <div class="chronological-class-name">TestNG_BeforeAndAfterTestAnnotationsTesting.BeforeAndAfterTestAnnotationTest1</div> <!-- chronological-class-name -->
              <div class="configuration-test before">
                <span class="method-name">Login</span>
                <span class="method-start">40 ms</span>
              </div> <!-- configuration-test before -->
            </div> <!-- chronological-class -->
            <div class="chronological-class">
              <div class="chronological-class-name">TestNG_SeleniumTesting.LoginAppUsingTestNG</div> <!-- chronological-class-name -->
              <div class="test-method">
                <span class="method-name">OpenApp</span>
                <span class="method-start">80 ms</span>
              </div> <!-- test-method -->
              <div class="test-method">
                <span class="method-name">LogininApp</span>
                <span class="method-start">2680 ms</span>
              </div> <!-- test-method -->
              <div class="test-method">
                <span class="method-name">HomePageTitleValidation</span>
                <span class="method-start">5083 ms</span>
              </div> <!-- test-method -->
              <div class="test-method">
                <span class="method-name">LogOutfromApp</span>
                <span class="method-start">5096 ms</span>
              </div> <!-- test-method -->
            </div> <!-- chronological-class -->
            <div class="chronological-class">
              <div class="chronological-class-name">TestNG_DataProviderAnnotation.DataProviderAnnotationTesting</div> <!-- chronological-class-name -->
              <div class="configuration-class before">
                <span class="method-name">setup</span>
                <span class="method-start">5288 ms</span>
              </div> <!-- configuration-class before -->
              <div class="test-method">
                <img src="failed.png">
                </img>
                <span class="method-name">logintest(JohnFK@test.com, John!123)</span>
                <span class="method-start">6387 ms</span>
              </div> <!-- test-method -->
              <div class="test-method">
                <img src="failed.png">
                </img>
                <span class="method-name">logintest(AmandaW@demo.com, AM@W123)</span>
                <span class="method-start">18094 ms</span>
              </div> <!-- test-method -->
              <div class="test-method">
                <img src="failed.png">
                </img>
                <span class="method-name">logintest(janedoe@123.com, Jane@doe321)</span>
                <span class="method-start">29146 ms</span>
              </div> <!-- test-method -->
              <div class="test-method">
                <span class="method-name">logintest(testdemo@demo.com, Harsh@123)</span>
                <span class="method-start">40349 ms</span>
              </div> <!-- test-method -->
              <div class="test-method">
                <img src="failed.png">
                </img>
                <span class="method-name">logintest(RomanR@gmail.com, RR@Reign3)</span>
                <span class="method-start">42140 ms</span>
              </div> <!-- test-method -->
              <div class="configuration-class after">
                <span class="method-name">teardown</span>
                <span class="method-start">53131 ms</span>
              </div> <!-- configuration-class after -->
            </div> <!-- chronological-class -->
            <div class="chronological-class">
              <div class="chronological-class-name">TestNG_AssertionsTesting.SoftAssertionTest</div> <!-- chronological-class-name -->
              <div class="test-method">
                <img src="failed.png">
                </img>
                <span class="method-name">softassertion</span>
                <span class="method-start">53363 ms</span>
              </div> <!-- test-method -->
            </div> <!-- chronological-class -->
            <div class="chronological-class">
              <div class="chronological-class-name">TestNG_GroupingAnnotationTesting.SanityGroupTesting</div> <!-- chronological-class-name -->
              <div class="test-method">
                <span class="method-name">OpenFacebookApp</span>
                <span class="method-start">53376 ms</span>
              </div> <!-- test-method -->
              <div class="test-method">
                <span class="method-name">OpenGoogleApp</span>
                <span class="method-start">53381 ms</span>
              </div> <!-- test-method -->
              <div class="test-method">
                <span class="method-name">OpenMicroSoftApp</span>
                <span class="method-start">53383 ms</span>
              </div> <!-- test-method -->
            </div> <!-- chronological-class -->
            <div class="chronological-class">
              <div class="chronological-class-name">TestNG_AssertionsTesting.HardAssertionTest</div> <!-- chronological-class-name -->
              <div class="test-method">
                <img src="failed.png">
                </img>
                <span class="method-name">hardassertion</span>
                <span class="method-start">53385 ms</span>
              </div> <!-- test-method -->
            </div> <!-- chronological-class -->
            <div class="chronological-class">
              <div class="chronological-class-name">TestNG_AssertionsTesting.AssertionsTest</div> <!-- chronological-class-name -->
              <div class="test-method">
                <img src="failed.png">
                </img>
                <span class="method-name">Assertionstest</span>
                <span class="method-start">53387 ms</span>
              </div> <!-- test-method -->
            </div> <!-- chronological-class -->
            <div class="chronological-class">
              <div class="chronological-class-name">TestNG_BeforeAndAfterTestAnnotationsTesting.BeforeAndAfterTestAnnotationTest1</div> <!-- chronological-class-name -->
              <div class="test-method">
                <span class="method-name">Test1</span>
                <span class="method-start">53390 ms</span>
              </div> <!-- test-method -->
            </div> <!-- chronological-class -->
            <div class="chronological-class">
              <div class="chronological-class-name">TestNG_BeforeAndAfterSuiteTestAnnotationsTesting.SuiteTest1</div> <!-- chronological-class-name -->
              <div class="test-method">
                <span class="method-name">Test1</span>
                <span class="method-start">53392 ms</span>
              </div> <!-- test-method -->
            </div> <!-- chronological-class -->
            <div class="chronological-class">
              <div class="chronological-class-name">TestNG_BeforeAndAfterTestAnnotationsTesting.BeforeAndAfterTestAnnotationTest2</div> <!-- chronological-class-name -->
              <div class="test-method">
                <span class="method-name">Test1</span>
                <span class="method-start">53394 ms</span>
              </div> <!-- test-method -->
            </div> <!-- chronological-class -->
            <div class="chronological-class">
              <div class="chronological-class-name">TestNG_BeforeAndAfterSuiteTestAnnotationsTesting.SuiteTest3</div> <!-- chronological-class-name -->
              <div class="test-method">
                <span class="method-name">LinkValidation</span>
                <span class="method-start">53397 ms</span>
              </div> <!-- test-method -->
            </div> <!-- chronological-class -->
            <div class="chronological-class">
              <div class="chronological-class-name">TestNG_BeforeAndAfterSuiteTestAnnotationsTesting.SuiteTest2</div> <!-- chronological-class-name -->
              <div class="test-method">
                <span class="method-name">Test1</span>
                <span class="method-start">53398 ms</span>
              </div> <!-- test-method -->
            </div> <!-- chronological-class -->
            <div class="chronological-class">
              <div class="chronological-class-name">TestNG_DependsOnmethodsAnnotationTesting.DependsOnMethodAnnotationTest</div> <!-- chronological-class-name -->
              <div class="test-method">
                <span class="method-name">openApp</span>
                <span class="method-start">53400 ms</span>
              </div> <!-- test-method -->
              <div class="test-method">
                <span class="method-name">loginInApp</span>
                <span class="method-start">53404 ms</span>
              </div> <!-- test-method -->
              <div class="test-method">
                <img src="failed.png">
                </img>
                <span class="method-name">searchInApp</span>
                <span class="method-start">53406 ms</span>
              </div> <!-- test-method -->
            </div> <!-- chronological-class -->
            <div class="chronological-class">
              <div class="chronological-class-name">TestNG_GroupingAnnotationTesting.Sanity_Regression_FunctionalGroupTesting</div> <!-- chronological-class-name -->
              <div class="test-method">
                <span class="method-name">PaymentInFacebookApp</span>
                <span class="method-start">53414 ms</span>
              </div> <!-- test-method -->
              <div class="test-method">
                <span class="method-name">PaymentInGoogleApp</span>
                <span class="method-start">53417 ms</span>
              </div> <!-- test-method -->
              <div class="test-method">
                <span class="method-name">PaymentInMicroSoftApp</span>
                <span class="method-start">53419 ms</span>
              </div> <!-- test-method -->
            </div> <!-- chronological-class -->
            <div class="chronological-class">
              <div class="chronological-class-name">TestNG_ClassAndMethodAnnotationsTesting.BeforeAndAfterClassAnnotations</div> <!-- chronological-class-name -->
              <div class="configuration-class before">
                <span class="method-name">LoginInApp</span>
                <span class="method-start">53421 ms</span>
              </div> <!-- configuration-class before -->
              <div class="test-method">
                <span class="method-name">OpenLinkInApp</span>
                <span class="method-start">53422 ms</span>
              </div> <!-- test-method -->
              <div class="test-method">
                <span class="method-name">SearchInApp</span>
                <span class="method-start">53423 ms</span>
              </div> <!-- test-method -->
              <div class="configuration-class after">
                <span class="method-name">LogoutFromApp</span>
                <span class="method-start">53424 ms</span>
              </div> <!-- configuration-class after -->
            </div> <!-- chronological-class -->
            <div class="chronological-class">
              <div class="chronological-class-name">TestNG_ClassAndMethodAnnotationsTesting.BeforeAndAfterMethodAnnotations</div> <!-- chronological-class-name -->
              <div class="configuration-method before">
                <span class="method-name">LoginInApp</span>
                <span class="method-start">53426 ms</span>
              </div> <!-- configuration-method before -->
              <div class="test-method">
                <span class="method-name">OpenLinkInApp</span>
                <span class="method-start">53428 ms</span>
              </div> <!-- test-method -->
              <div class="configuration-method after">
                <span class="method-name">LogoutFromApp</span>
                <span class="method-start">53429 ms</span>
              </div> <!-- configuration-method after -->
              <div class="test-method">
                <span class="method-name">SearchInApp</span>
                <span class="method-start">53431 ms</span>
              </div> <!-- test-method -->
              <div class="configuration-method before">
                <span class="method-name">LoginInApp</span>
                <span class="method-start">53431 ms</span>
              </div> <!-- configuration-method before -->
              <div class="configuration-method after">
                <span class="method-name">LogoutFromApp</span>
                <span class="method-start">53432 ms</span>
              </div> <!-- configuration-method after -->
            </div> <!-- chronological-class -->
            <div class="chronological-class">
              <div class="chronological-class-name">TestNG_GroupingAnnotationTesting.RegressionGroupTesting</div> <!-- chronological-class-name -->
              <div class="test-method">
                <span class="method-name">LoginFacebookApp</span>
                <span class="method-start">53434 ms</span>
              </div> <!-- test-method -->
              <div class="test-method">
                <span class="method-name">LoginGoogleApp</span>
                <span class="method-start">53436 ms</span>
              </div> <!-- test-method -->
              <div class="test-method">
                <span class="method-name">LoginMicroSoftApp</span>
                <span class="method-start">53438 ms</span>
              </div> <!-- test-method -->
            </div> <!-- chronological-class -->
            <div class="chronological-class">
              <div class="chronological-class-name">TestNG_AllTestAnnotationsTesting.AllTestAnnotationsTesing</div> <!-- chronological-class-name -->
              <div class="configuration-class before">
                <span class="method-name">LoginInApp</span>
                <span class="method-start">53439 ms</span>
              </div> <!-- configuration-class before -->
              <div class="configuration-method before">
                <span class="method-name">LoginInApp2</span>
                <span class="method-start">53440 ms</span>
              </div> <!-- configuration-method before -->
              <div class="test-method">
                <span class="method-name">Test1</span>
                <span class="method-start">53440 ms</span>
              </div> <!-- test-method -->
              <div class="configuration-method after">
                <span class="method-name">LogoutFromApp2</span>
                <span class="method-start">53441 ms</span>
              </div> <!-- configuration-method after -->
              <div class="configuration-method before">
                <span class="method-name">LoginInApp2</span>
                <span class="method-start">53442 ms</span>
              </div> <!-- configuration-method before -->
              <div class="test-method">
                <span class="method-name">Test2</span>
                <span class="method-start">53443 ms</span>
              </div> <!-- test-method -->
              <div class="configuration-method after">
                <span class="method-name">LogoutFromApp2</span>
                <span class="method-start">53445 ms</span>
              </div> <!-- configuration-method after -->
              <div class="configuration-method before">
                <span class="method-name">LoginInApp2</span>
                <span class="method-start">53447 ms</span>
              </div> <!-- configuration-method before -->
              <div class="test-method">
                <span class="method-name">SearchInApp</span>
                <span class="method-start">53448 ms</span>
              </div> <!-- test-method -->
              <div class="configuration-method after">
                <span class="method-name">LogoutFromApp2</span>
                <span class="method-start">53449 ms</span>
              </div> <!-- configuration-method after -->
              <div class="configuration-method before">
                <span class="method-name">LoginInApp2</span>
                <span class="method-start">53450 ms</span>
              </div> <!-- configuration-method before -->
              <div class="test-method">
                <span class="method-name">OpenLinkInApp</span>
                <span class="method-start">53451 ms</span>
              </div> <!-- test-method -->
              <div class="configuration-method after">
                <span class="method-name">LogoutFromApp2</span>
                <span class="method-start">53451 ms</span>
              </div> <!-- configuration-method after -->
              <div class="configuration-method before">
                <span class="method-name">LoginInApp2</span>
                <span class="method-start">53452 ms</span>
              </div> <!-- configuration-method before -->
              <div class="test-method">
                <span class="method-name">SearchInApp2</span>
                <span class="method-start">53453 ms</span>
              </div> <!-- test-method -->
              <div class="configuration-method after">
                <span class="method-name">LogoutFromApp2</span>
                <span class="method-start">53454 ms</span>
              </div> <!-- configuration-method after -->
              <div class="configuration-method before">
                <span class="method-name">LoginInApp2</span>
                <span class="method-start">53455 ms</span>
              </div> <!-- configuration-method before -->
              <div class="test-method">
                <span class="method-name">OpenLinkInApp2</span>
                <span class="method-start">53455 ms</span>
              </div> <!-- test-method -->
              <div class="configuration-method after">
                <span class="method-name">LogoutFromApp2</span>
                <span class="method-start">53456 ms</span>
              </div> <!-- configuration-method after -->
              <div class="configuration-class after">
                <span class="method-name">LogoutFromApp</span>
                <span class="method-start">53457 ms</span>
              </div> <!-- configuration-class after -->
              <div class="configuration-test after">
                <span class="method-name">Logout</span>
                <span class="method-start">53458 ms</span>
              </div> <!-- configuration-test after -->
            </div> <!-- chronological-class -->
            <div class="chronological-class">
              <div class="chronological-class-name">TestNG_BeforeAndAfterSuiteTestAnnotationsTesting.SuiteTest2</div> <!-- chronological-class-name -->
              <div class="configuration-test after">
                <span class="method-name">Login</span>
                <span class="method-start">53458 ms</span>
              </div> <!-- configuration-test after -->
            </div> <!-- chronological-class -->
            <div class="chronological-class">
              <div class="chronological-class-name">TestNG_BeforeAndAfterTestAnnotationsTesting.BeforeAndAfterTestAnnotationTest2</div> <!-- chronological-class-name -->
              <div class="configuration-test after">
                <span class="method-name">Login</span>
                <span class="method-start">53459 ms</span>
              </div> <!-- configuration-test after -->
            </div> <!-- chronological-class -->
            <div class="chronological-class">
              <div class="chronological-class-name">TestNG_ParallelTestingUsingXML.ParallelTestingUsingXML</div> <!-- chronological-class-name -->
              <div class="configuration-class before">
                <span class="method-name">setup(Chrome)</span>
                <span class="method-start">53540 ms</span>
              </div> <!-- configuration-class before -->
              <div class="test-method">
                <span class="method-name">logintest</span>
                <span class="method-start">54671 ms</span>
              </div> <!-- test-method -->
              <div class="configuration-class after">
                <span class="method-name">teardown</span>
                <span class="method-start">56891 ms</span>
              </div> <!-- configuration-class after -->
            </div> <!-- chronological-class -->
            <div class="chronological-class">
              <div class="chronological-class-name">TestNG_AllTestAnnotationsTesting.AllTestAnnotationsTesing</div> <!-- chronological-class-name -->
              <div class="configuration-suite after">
                <span class="method-name">CloseBrowser</span>
                <span class="method-start">57092 ms</span>
              </div> <!-- configuration-suite after -->
            </div> <!-- chronological-class -->
            <div class="chronological-class">
              <div class="chronological-class-name">TestNG_BeforeAndAfterSuiteTestAnnotationsTesting.SuiteTest3</div> <!-- chronological-class-name -->
              <div class="configuration-suite after">
                <span class="method-name">CloseBrowser</span>
                <span class="method-start">57093 ms</span>
              </div> <!-- configuration-suite after -->
          </div> <!-- main-panel-content rounded-window-bottom -->
        </div> <!-- panel -->
      </div> <!-- main-panel-root -->
    </div> <!-- wrapper -->
  </body>
<script type="text/javascript" src="testng-reports2.js"></script>
</html>
