<!DOCTYPE html PUBLIC "-//W3C//DTD XHTML 1.1//EN" "https://www.w3.org/TR/xhtml11/DTD/xhtml11.dtd">
<html xmlns="https://www.w3.org/1999/xhtml">
<head>
<meta http-equiv="content-type" content="text/html; charset=UTF-8"/>
<title>TestNG Report</title>
<style type="text/css">table {margin-bottom:10px;border-collapse:collapse;empty-cells:show}th,td {border:1px solid #009;padding:.25em .5em}th {vertical-align:bottom}td {vertical-align:top}table a {font-weight:bold}.stripe td {background-color: #E6EBF9}.num {text-align:right}.passedodd td {background-color: #3F3}.passedeven td {background-color: #0A0}.skippedodd td {background-color: #DDD}.skippedeven td {background-color: #CCC}.failedodd td,.attn {background-color: #F33}.failedeven td,.stripe .attn {background-color: #D00}.stacktrace {white-space:pre;font-family:monospace}.totop {font-size:85%;text-align:center;border-bottom:2px solid #000}.invisible {display:none}</style>
</head>
<body>
<table>
<tr><th>Test</th><th># Passed</th><th># Skipped</th><th># Retried</th><th># Failed</th><th>Time (ms)</th><th>Included Groups</th><th>Excluded Groups</th></tr>
<tr><th colspan="8">Suite</th></tr>
<tr><td><a href="#t0">Test1</a></td><td class="num">31</td><td class="num attn">3</td><td class="num">0</td><td class="num attn">8</td><td class="num">53,437</td><td></td><td></td></tr>
<tr class="stripe"><td><a href="#t1">Test2</a></td><td class="num">1</td><td class="num">0</td><td class="num">0</td><td class="num">0</td><td class="num">3,551</td><td></td><td></td></tr>
<tr><th>Total</th><th class="num">32</th><th class="num attn">3</th><th class="num">0</th><th class="num attn">8</th><th class="num">56,988</th><th colspan="2"></th></tr>
</table>
<table id='summary'><thead><tr><th>Class</th><th>Method</th><th>Start</th><th>Time (ms)</th></tr></thead><tbody><tr><th colspan="4">Suite</th></tr></tbody><tbody id="t0"><tr><th colspan="4">Test1 &#8212; failed (configuration methods)</th></tr><tr class="failedeven"><td rowspan="1">TestNG_ParallelTestingUsingXML.ParallelTestingUsingXML</td><td><a href="#m0">setup</a></td><td rowspan="1">1722080386210</td><td rowspan="1">-1722080386210</td></tr><tr><th colspan="4">Test1 &#8212; failed</th></tr><tr class="failedeven"><td rowspan="1">TestNG_AssertionsTesting.AssertionsTest</td><td><a href="#m1">Assertionstest</a></td><td rowspan="1">1722080386246</td><td rowspan="1">1</td></tr><tr class="failedodd"><td rowspan="1">TestNG_AssertionsTesting.HardAssertionTest</td><td><a href="#m2">hardassertion</a></td><td rowspan="1">1722080386244</td><td rowspan="1">0</td></tr><tr class="failedeven"><td rowspan="1">TestNG_AssertionsTesting.SoftAssertionTest</td><td><a href="#m3">softassertion</a></td><td rowspan="1">1722080386222</td><td rowspan="1">10</td></tr><tr class="failedodd"><td rowspan="4">TestNG_DataProviderAnnotation.DataProviderAnnotationTesting</td><td><a href="#m4">logintest</a></td><td rowspan="4">1722080362005</td><td rowspan="4">11203</td></tr><tr class="failedodd"><td><a href="#m5">logintest</a></td></tr><tr class="failedodd"><td><a href="#m6">logintest</a></td></tr><tr class="failedodd"><td><a href="#m7">logintest</a></td></tr><tr class="failedeven"><td rowspan="1">TestNG_DependsOnmethodsAnnotationTesting.DependsOnMethodAnnotationTest</td><td><a href="#m8">searchInApp</a></td><td rowspan="1">1722080386265</td><td rowspan="1">0</td></tr><tr><th colspan="4">Test1 &#8212; skipped (configuration methods)</th></tr><tr class="skippedeven"><td rowspan="1">TestNG_ParallelTestingUsingXML.ParallelTestingUsingXML</td><td><a href="#m9">teardown</a></td><td rowspan="1">1722080386220</td><td rowspan="1">0</td></tr><tr><th colspan="4">Test1 &#8212; skipped</th></tr><tr class="skippedeven"><td rowspan="2">TestNG_DependsOnmethodsAnnotationTesting.DependsOnMethodAnnotationTest</td><td><a href="#m10">LogoutFromApp</a></td><td rowspan="1">1722080386272</td><td rowspan="1">0</td></tr><tr class="skippedeven"><td><a href="#m11">advancedSearchInApp</a></td><td rowspan="1">1722080386270</td><td rowspan="1">0</td></tr><tr class="skippedodd"><td rowspan="1">TestNG_ParallelTestingUsingXML.ParallelTestingUsingXML</td><td><a href="#m12">logintest</a></td><td rowspan="1">1722080386219</td><td rowspan="1">0</td></tr><tr><th colspan="4">Test1 &#8212; passed</th></tr><tr class="passedeven"><td rowspan="6">TestNG_AllTestAnnotationsTesting.AllTestAnnotationsTesing</td><td><a href="#m13">OpenLinkInApp</a></td><td rowspan="1">1722080386310</td><td rowspan="1">0</td></tr><tr class="passedeven"><td><a href="#m14">OpenLinkInApp2</a></td><td rowspan="1">1722080386314</td><td rowspan="1">1</td></tr><tr class="passedeven"><td><a href="#m15">SearchInApp</a></td><td rowspan="1">1722080386307</td><td rowspan="1">0</td></tr><tr class="passedeven"><td><a href="#m16">SearchInApp2</a></td><td rowspan="1">1722080386312</td><td rowspan="1">0</td></tr><tr class="passedeven"><td><a href="#m17">Test1</a></td><td rowspan="1">1722080386299</td><td rowspan="1">1</td></tr><tr class="passedeven"><td><a href="#m18">Test2</a></td><td rowspan="1">1722080386302</td><td rowspan="1">1</td></tr><tr class="passedodd"><td rowspan="1">TestNG_BeforeAndAfterSuiteTestAnnotationsTesting.SuiteTest1</td><td><a href="#m19">Test1</a></td><td rowspan="1">1722080386251</td><td rowspan="1">0</td></tr><tr class="passedeven"><td rowspan="1">TestNG_BeforeAndAfterSuiteTestAnnotationsTesting.SuiteTest2</td><td><a href="#m20">Test1</a></td><td rowspan="1">1722080386257</td><td rowspan="1">1</td></tr><tr class="passedodd"><td rowspan="1">TestNG_BeforeAndAfterSuiteTestAnnotationsTesting.SuiteTest3</td><td><a href="#m21">LinkValidation</a></td><td rowspan="1">1722080386256</td><td rowspan="1">0</td></tr><tr class="passedeven"><td rowspan="1">TestNG_BeforeAndAfterTestAnnotationsTesting.BeforeAndAfterTestAnnotationTest1</td><td><a href="#m22">Test1</a></td><td rowspan="1">1722080386249</td><td rowspan="1">0</td></tr><tr class="passedodd"><td rowspan="1">TestNG_BeforeAndAfterTestAnnotationsTesting.BeforeAndAfterTestAnnotationTest2</td><td><a href="#m23">Test1</a></td><td rowspan="1">1722080386253</td><td rowspan="1">1</td></tr><tr class="passedeven"><td rowspan="2">TestNG_ClassAndMethodAnnotationsTesting.BeforeAndAfterClassAnnotations</td><td><a href="#m24">OpenLinkInApp</a></td><td rowspan="1">1722080386281</td><td rowspan="1">0</td></tr><tr class="passedeven"><td><a href="#m25">SearchInApp</a></td><td rowspan="1">1722080386282</td><td rowspan="1">0</td></tr><tr class="passedodd"><td rowspan="2">TestNG_ClassAndMethodAnnotationsTesting.BeforeAndAfterMethodAnnotations</td><td><a href="#m26">OpenLinkInApp</a></td><td rowspan="1">1722080386287</td><td rowspan="1">0</td></tr><tr class="passedodd"><td><a href="#m27">SearchInApp</a></td><td rowspan="1">1722080386290</td><td rowspan="1">1</td></tr><tr class="passedeven"><td rowspan="1">TestNG_DataProviderAnnotation.DataProviderAnnotationTesting</td><td><a href="#m28">logintest</a></td><td rowspan="1">1722080373208</td><td rowspan="1">1790</td></tr><tr class="passedodd"><td rowspan="2">TestNG_DependsOnmethodsAnnotationTesting.DependsOnMethodAnnotationTest</td><td><a href="#m29">loginInApp</a></td><td rowspan="1">1722080386263</td><td rowspan="1">0</td></tr><tr class="passedodd"><td><a href="#m30">openApp</a></td><td rowspan="1">1722080386259</td><td rowspan="1">0</td></tr><tr class="passedeven"><td rowspan="3">TestNG_GroupingAnnotationTesting.RegressionGroupTesting</td><td><a href="#m31">LoginFacebookApp</a></td><td rowspan="1">1722080386293</td><td rowspan="1">1</td></tr><tr class="passedeven"><td><a href="#m32">LoginGoogleApp</a></td><td rowspan="1">1722080386295</td><td rowspan="1">1</td></tr><tr class="passedeven"><td><a href="#m33">LoginMicroSoftApp</a></td><td rowspan="1">1722080386297</td><td rowspan="1">0</td></tr><tr class="passedodd"><td rowspan="3">TestNG_GroupingAnnotationTesting.SanityGroupTesting</td><td><a href="#m34">OpenFacebookApp</a></td><td rowspan="1">1722080386235</td><td rowspan="1">1</td></tr><tr class="passedodd"><td><a href="#m35">OpenGoogleApp</a></td><td rowspan="1">1722080386240</td><td rowspan="1">1</td></tr><tr class="passedodd"><td><a href="#m36">OpenMicroSoftApp</a></td><td rowspan="1">1722080386242</td><td rowspan="1">0</td></tr><tr class="passedeven"><td rowspan="3">TestNG_GroupingAnnotationTesting.Sanity_Regression_FunctionalGroupTesting</td><td><a href="#m37">PaymentInFacebookApp</a></td><td rowspan="1">1722080386273</td><td rowspan="1">1</td></tr><tr class="passedeven"><td><a href="#m38">PaymentInGoogleApp</a></td><td rowspan="1">1722080386276</td><td rowspan="1">0</td></tr><tr class="passedeven"><td><a href="#m39">PaymentInMicroSoftApp</a></td><td rowspan="1">1722080386278</td><td rowspan="1">0</td></tr><tr class="passedodd"><td rowspan="4">TestNG_SeleniumTesting.LoginAppUsingTestNG</td><td><a href="#m40">HomePageTitleValidation</a></td><td rowspan="1">1722080337942</td><td rowspan="1">11</td></tr><tr class="passedodd"><td><a href="#m41">LogOutfromApp</a></td><td rowspan="1">1722080337955</td><td rowspan="1">190</td></tr><tr class="passedodd"><td><a href="#m42">LogininApp</a></td><td rowspan="1">1722080335539</td><td rowspan="1">2402</td></tr><tr class="passedodd"><td><a href="#m43">OpenApp</a></td><td rowspan="1">1722080332939</td><td rowspan="1">2592</td></tr></tbody>
<tbody id="t1"><tr><th colspan="4">Test2 &#8212; passed</th></tr><tr class="passedeven"><td rowspan="1">TestNG_ParallelTestingUsingXML.ParallelTestingUsingXML</td><td><a href="#m44">logintest</a></td><td rowspan="1">1722080387530</td><td rowspan="1">2219</td></tr></tbody>
</table>
<h2>Test1</h2><h3 id="m0">TestNG_ParallelTestingUsingXML.ParallelTestingUsingXML#setup</h3><table class="result"><tr><th>Exception</th></tr><tr><td><div class="stacktrace">org.testng.TestNGException: 
Parameter &apos;browser&apos; is required by BeforeClass on method setup but has not been marked @Optional or defined
in G:\ECLIPSE WORKSPACE\SeleniumAndTestNGTraining\SeleniumAutomationTesting\testng.xml
	at java.base/java.util.ArrayList.forEach(ArrayList.java:1541)
... Removed 26 stack frames</div></td></tr></table><p class="totop"><a href="#summary">back to summary</a></p>
<h3 id="m1">TestNG_AssertionsTesting.AssertionsTest#Assertionstest</h3><table class="result"><tr><th>Exception</th></tr><tr><td><div class="stacktrace">java.lang.AssertionError: did not expect [GoogleMaps] but found [GoogleMaps]
	at TestNG_AssertionsTesting.AssertionsTest.Assertionstest(AssertionsTest.java:47)
	at java.base/java.util.ArrayList.forEach(ArrayList.java:1541)
... Removed 36 stack frames</div></td></tr></table><p class="totop"><a href="#summary">back to summary</a></p>
<h3 id="m2">TestNG_AssertionsTesting.HardAssertionTest#hardassertion</h3><table class="result"><tr><th>Exception</th></tr><tr><td><div class="stacktrace">java.lang.AssertionError: expected [Apple] but found [Android]
	at TestNG_AssertionsTesting.HardAssertionTest.hardassertion(HardAssertionTest.java:20)
	at java.base/java.util.ArrayList.forEach(ArrayList.java:1541)
... Removed 37 stack frames</div></td></tr></table><p class="totop"><a href="#summary">back to summary</a></p>
<h3 id="m3">TestNG_AssertionsTesting.SoftAssertionTest#softassertion</h3><table class="result"><tr><th>Exception</th></tr><tr><td><div class="stacktrace">java.lang.AssertionError: The following asserts failed:
	expected [Apple] but found [Android]
	at TestNG_AssertionsTesting.SoftAssertionTest.softassertion(SoftAssertionTest.java:28)
	at java.base/java.util.ArrayList.forEach(ArrayList.java:1541)
... Removed 33 stack frames</div></td></tr></table><p class="totop"><a href="#summary">back to summary</a></p>
<h3 id="m4">TestNG_DataProviderAnnotation.DataProviderAnnotationTesting#logintest</h3><table class="result"><tr class="param"><th>Parameter #1</th><th>Parameter #2</th></tr><tr class="param stripe"><td>janedoe@123.com</td><td>Jane@doe321</td></tr><tr><th colspan="2">Exception</th></tr><tr><td colspan="2"><div class="stacktrace">org.openqa.selenium.NoSuchElementException: no such element: Unable to locate element: {&quot;method&quot;:&quot;xpath&quot;,&quot;selector&quot;:&quot;//h2[normalize-space()=&apos;My Account&apos;]&quot;}
  (Session info: chrome=127.0.6533.72)
For documentation on this error, please visit: https://www.selenium.dev/documentation/webdriver/troubleshooting/errors#no-such-element-exception
Build info: version: &apos;4.22.0&apos;, revision: &apos;c5f3146703*&apos;
System info: os.name: &apos;Windows 11&apos;, os.arch: &apos;amd64&apos;, os.version: &apos;10.0&apos;, java.version: &apos;11.0.22&apos;
Driver info: org.openqa.selenium.chrome.ChromeDriver
Command: [4d9da2fe6092e3c0283ba03b04163cb0, findElement {value=//h2[normalize-space()=&apos;My Account&apos;], using=xpath}]
Capabilities {acceptInsecureCerts: false, browserName: chrome, browserVersion: 127.0.6533.72, chrome: {chromedriverVersion: 127.0.6533.72 (9755e24ca85a..., userDataDir: C:\Users\bhims\AppData\Loca...}, fedcm:accounts: true, goog:chromeOptions: {debuggerAddress: localhost:65135}, networkConnectionEnabled: false, pageLoadStrategy: normal, platformName: windows, proxy: Proxy(), se:cdp: ws://localhost:65135/devtoo..., se:cdpVersion: 127.0.6533.72, setWindowRect: true, strictFileInteractability: false, timeouts: {implicit: 0, pageLoad: 300000, script: 30000}, unhandledPromptBehavior: dismiss and notify, webauthn:extension:credBlob: true, webauthn:extension:largeBlob: true, webauthn:extension:minPinLength: true, webauthn:extension:prf: true, webauthn:virtualAuthenticators: true}
Session ID: 4d9da2fe6092e3c0283ba03b04163cb0
	at org.openqa.selenium.remote.ErrorCodec.decode(ErrorCodec.java:167)
	at org.openqa.selenium.remote.codec.w3c.W3CHttpResponseCodec.decode(W3CHttpResponseCodec.java:138)
	at org.openqa.selenium.remote.codec.w3c.W3CHttpResponseCodec.decode(W3CHttpResponseCodec.java:50)
	at org.openqa.selenium.remote.HttpCommandExecutor.execute(HttpCommandExecutor.java:190)
	at org.openqa.selenium.remote.service.DriverCommandExecutor.invokeExecute(DriverCommandExecutor.java:216)
	at org.openqa.selenium.remote.service.DriverCommandExecutor.execute(DriverCommandExecutor.java:174)
	at org.openqa.selenium.remote.RemoteWebDriver.execute(RemoteWebDriver.java:518)
	at org.openqa.selenium.remote.ElementLocation$ElementFinder$2.findElement(ElementLocation.java:165)
	at org.openqa.selenium.remote.ElementLocation.findElement(ElementLocation.java:59)
	at org.openqa.selenium.remote.RemoteWebDriver.findElement(RemoteWebDriver.java:355)
	at org.openqa.selenium.remote.RemoteWebDriver.findElement(RemoteWebDriver.java:349)
	at TestNG_DataProviderAnnotation.DataProviderAnnotationTesting.logintest(DataProviderAnnotationTesting.java:33)
	at java.base/java.util.ArrayList.forEach(ArrayList.java:1541)
... Removed 35 stack frames</div></td></tr></table><p class="totop"><a href="#summary">back to summary</a></p>
<h3 id="m5">TestNG_DataProviderAnnotation.DataProviderAnnotationTesting#logintest</h3><table class="result"><tr class="param"><th>Parameter #1</th><th>Parameter #2</th></tr><tr class="param stripe"><td>JohnFK@test.com</td><td>John!123</td></tr><tr><th colspan="2">Exception</th></tr><tr><td colspan="2"><div class="stacktrace">org.openqa.selenium.NoSuchElementException: no such element: Unable to locate element: {&quot;method&quot;:&quot;xpath&quot;,&quot;selector&quot;:&quot;//h2[normalize-space()=&apos;My Account&apos;]&quot;}
  (Session info: chrome=127.0.6533.72)
For documentation on this error, please visit: https://www.selenium.dev/documentation/webdriver/troubleshooting/errors#no-such-element-exception
Build info: version: &apos;4.22.0&apos;, revision: &apos;c5f3146703*&apos;
System info: os.name: &apos;Windows 11&apos;, os.arch: &apos;amd64&apos;, os.version: &apos;10.0&apos;, java.version: &apos;11.0.22&apos;
Driver info: org.openqa.selenium.chrome.ChromeDriver
Command: [4d9da2fe6092e3c0283ba03b04163cb0, findElement {value=//h2[normalize-space()=&apos;My Account&apos;], using=xpath}]
Capabilities {acceptInsecureCerts: false, browserName: chrome, browserVersion: 127.0.6533.72, chrome: {chromedriverVersion: 127.0.6533.72 (9755e24ca85a..., userDataDir: C:\Users\bhims\AppData\Loca...}, fedcm:accounts: true, goog:chromeOptions: {debuggerAddress: localhost:65135}, networkConnectionEnabled: false, pageLoadStrategy: normal, platformName: windows, proxy: Proxy(), se:cdp: ws://localhost:65135/devtoo..., se:cdpVersion: 127.0.6533.72, setWindowRect: true, strictFileInteractability: false, timeouts: {implicit: 0, pageLoad: 300000, script: 30000}, unhandledPromptBehavior: dismiss and notify, webauthn:extension:credBlob: true, webauthn:extension:largeBlob: true, webauthn:extension:minPinLength: true, webauthn:extension:prf: true, webauthn:virtualAuthenticators: true}
Session ID: 4d9da2fe6092e3c0283ba03b04163cb0
	at org.openqa.selenium.remote.ErrorCodec.decode(ErrorCodec.java:167)
	at org.openqa.selenium.remote.codec.w3c.W3CHttpResponseCodec.decode(W3CHttpResponseCodec.java:138)
	at org.openqa.selenium.remote.codec.w3c.W3CHttpResponseCodec.decode(W3CHttpResponseCodec.java:50)
	at org.openqa.selenium.remote.HttpCommandExecutor.execute(HttpCommandExecutor.java:190)
	at org.openqa.selenium.remote.service.DriverCommandExecutor.invokeExecute(DriverCommandExecutor.java:216)
	at org.openqa.selenium.remote.service.DriverCommandExecutor.execute(DriverCommandExecutor.java:174)
	at org.openqa.selenium.remote.RemoteWebDriver.execute(RemoteWebDriver.java:518)
	at org.openqa.selenium.remote.ElementLocation$ElementFinder$2.findElement(ElementLocation.java:165)
	at org.openqa.selenium.remote.ElementLocation.findElement(ElementLocation.java:59)
	at org.openqa.selenium.remote.RemoteWebDriver.findElement(RemoteWebDriver.java:355)
	at org.openqa.selenium.remote.RemoteWebDriver.findElement(RemoteWebDriver.java:349)
	at TestNG_DataProviderAnnotation.DataProviderAnnotationTesting.logintest(DataProviderAnnotationTesting.java:33)
	at java.base/java.util.ArrayList.forEach(ArrayList.java:1541)
... Removed 35 stack frames</div></td></tr></table><p class="totop"><a href="#summary">back to summary</a></p>
<h3 id="m6">TestNG_DataProviderAnnotation.DataProviderAnnotationTesting#logintest</h3><table class="result"><tr class="param"><th>Parameter #1</th><th>Parameter #2</th></tr><tr class="param stripe"><td>AmandaW@demo.com</td><td>AM@W123</td></tr><tr><th colspan="2">Exception</th></tr><tr><td colspan="2"><div class="stacktrace">org.openqa.selenium.NoSuchElementException: no such element: Unable to locate element: {&quot;method&quot;:&quot;xpath&quot;,&quot;selector&quot;:&quot;//h2[normalize-space()=&apos;My Account&apos;]&quot;}
  (Session info: chrome=127.0.6533.72)
For documentation on this error, please visit: https://www.selenium.dev/documentation/webdriver/troubleshooting/errors#no-such-element-exception
Build info: version: &apos;4.22.0&apos;, revision: &apos;c5f3146703*&apos;
System info: os.name: &apos;Windows 11&apos;, os.arch: &apos;amd64&apos;, os.version: &apos;10.0&apos;, java.version: &apos;11.0.22&apos;
Driver info: org.openqa.selenium.chrome.ChromeDriver
Command: [4d9da2fe6092e3c0283ba03b04163cb0, findElement {value=//h2[normalize-space()=&apos;My Account&apos;], using=xpath}]
Capabilities {acceptInsecureCerts: false, browserName: chrome, browserVersion: 127.0.6533.72, chrome: {chromedriverVersion: 127.0.6533.72 (9755e24ca85a..., userDataDir: C:\Users\bhims\AppData\Loca...}, fedcm:accounts: true, goog:chromeOptions: {debuggerAddress: localhost:65135}, networkConnectionEnabled: false, pageLoadStrategy: normal, platformName: windows, proxy: Proxy(), se:cdp: ws://localhost:65135/devtoo..., se:cdpVersion: 127.0.6533.72, setWindowRect: true, strictFileInteractability: false, timeouts: {implicit: 0, pageLoad: 300000, script: 30000}, unhandledPromptBehavior: dismiss and notify, webauthn:extension:credBlob: true, webauthn:extension:largeBlob: true, webauthn:extension:minPinLength: true, webauthn:extension:prf: true, webauthn:virtualAuthenticators: true}
Session ID: 4d9da2fe6092e3c0283ba03b04163cb0
	at org.openqa.selenium.remote.ErrorCodec.decode(ErrorCodec.java:167)
	at org.openqa.selenium.remote.codec.w3c.W3CHttpResponseCodec.decode(W3CHttpResponseCodec.java:138)
	at org.openqa.selenium.remote.codec.w3c.W3CHttpResponseCodec.decode(W3CHttpResponseCodec.java:50)
	at org.openqa.selenium.remote.HttpCommandExecutor.execute(HttpCommandExecutor.java:190)
	at org.openqa.selenium.remote.service.DriverCommandExecutor.invokeExecute(DriverCommandExecutor.java:216)
	at org.openqa.selenium.remote.service.DriverCommandExecutor.execute(DriverCommandExecutor.java:174)
	at org.openqa.selenium.remote.RemoteWebDriver.execute(RemoteWebDriver.java:518)
	at org.openqa.selenium.remote.ElementLocation$ElementFinder$2.findElement(ElementLocation.java:165)
	at org.openqa.selenium.remote.ElementLocation.findElement(ElementLocation.java:59)
	at org.openqa.selenium.remote.RemoteWebDriver.findElement(RemoteWebDriver.java:355)
	at org.openqa.selenium.remote.RemoteWebDriver.findElement(RemoteWebDriver.java:349)
	at TestNG_DataProviderAnnotation.DataProviderAnnotationTesting.logintest(DataProviderAnnotationTesting.java:33)
	at java.base/java.util.ArrayList.forEach(ArrayList.java:1541)
... Removed 35 stack frames</div></td></tr></table><p class="totop"><a href="#summary">back to summary</a></p>
<h3 id="m7">TestNG_DataProviderAnnotation.DataProviderAnnotationTesting#logintest</h3><table class="result"><tr class="param"><th>Parameter #1</th><th>Parameter #2</th></tr><tr class="param stripe"><td>RomanR@gmail.com</td><td>RR@Reign3</td></tr><tr><th colspan="2">Exception</th></tr><tr><td colspan="2"><div class="stacktrace">org.openqa.selenium.NoSuchElementException: no such element: Unable to locate element: {&quot;method&quot;:&quot;xpath&quot;,&quot;selector&quot;:&quot;//h2[normalize-space()=&apos;My Account&apos;]&quot;}
  (Session info: chrome=127.0.6533.72)
For documentation on this error, please visit: https://www.selenium.dev/documentation/webdriver/troubleshooting/errors#no-such-element-exception
Build info: version: &apos;4.22.0&apos;, revision: &apos;c5f3146703*&apos;
System info: os.name: &apos;Windows 11&apos;, os.arch: &apos;amd64&apos;, os.version: &apos;10.0&apos;, java.version: &apos;11.0.22&apos;
Driver info: org.openqa.selenium.chrome.ChromeDriver
Command: [4d9da2fe6092e3c0283ba03b04163cb0, findElement {value=//h2[normalize-space()=&apos;My Account&apos;], using=xpath}]
Capabilities {acceptInsecureCerts: false, browserName: chrome, browserVersion: 127.0.6533.72, chrome: {chromedriverVersion: 127.0.6533.72 (9755e24ca85a..., userDataDir: C:\Users\bhims\AppData\Loca...}, fedcm:accounts: true, goog:chromeOptions: {debuggerAddress: localhost:65135}, networkConnectionEnabled: false, pageLoadStrategy: normal, platformName: windows, proxy: Proxy(), se:cdp: ws://localhost:65135/devtoo..., se:cdpVersion: 127.0.6533.72, setWindowRect: true, strictFileInteractability: false, timeouts: {implicit: 0, pageLoad: 300000, script: 30000}, unhandledPromptBehavior: dismiss and notify, webauthn:extension:credBlob: true, webauthn:extension:largeBlob: true, webauthn:extension:minPinLength: true, webauthn:extension:prf: true, webauthn:virtualAuthenticators: true}
Session ID: 4d9da2fe6092e3c0283ba03b04163cb0
	at org.openqa.selenium.remote.ErrorCodec.decode(ErrorCodec.java:167)
	at org.openqa.selenium.remote.codec.w3c.W3CHttpResponseCodec.decode(W3CHttpResponseCodec.java:138)
	at org.openqa.selenium.remote.codec.w3c.W3CHttpResponseCodec.decode(W3CHttpResponseCodec.java:50)
	at org.openqa.selenium.remote.HttpCommandExecutor.execute(HttpCommandExecutor.java:190)
	at org.openqa.selenium.remote.service.DriverCommandExecutor.invokeExecute(DriverCommandExecutor.java:216)
	at org.openqa.selenium.remote.service.DriverCommandExecutor.execute(DriverCommandExecutor.java:174)
	at org.openqa.selenium.remote.RemoteWebDriver.execute(RemoteWebDriver.java:518)
	at org.openqa.selenium.remote.ElementLocation$ElementFinder$2.findElement(ElementLocation.java:165)
	at org.openqa.selenium.remote.ElementLocation.findElement(ElementLocation.java:59)
	at org.openqa.selenium.remote.RemoteWebDriver.findElement(RemoteWebDriver.java:355)
	at org.openqa.selenium.remote.RemoteWebDriver.findElement(RemoteWebDriver.java:349)
	at TestNG_DataProviderAnnotation.DataProviderAnnotationTesting.logintest(DataProviderAnnotationTesting.java:33)
	at java.base/java.util.ArrayList.forEach(ArrayList.java:1541)
... Removed 35 stack frames</div></td></tr></table><p class="totop"><a href="#summary">back to summary</a></p>
<h3 id="m8">TestNG_DependsOnmethodsAnnotationTesting.DependsOnMethodAnnotationTest#searchInApp</h3><table class="result"><tr><th>Exception</th></tr><tr><td><div class="stacktrace">java.lang.AssertionError: expected [true] but found [false]
	at TestNG_DependsOnmethodsAnnotationTesting.DependsOnMethodAnnotationTest.searchInApp(DependsOnMethodAnnotationTest.java:31)
	at java.base/java.util.ArrayList.forEach(ArrayList.java:1541)
... Removed 35 stack frames</div></td></tr></table><p class="totop"><a href="#summary">back to summary</a></p>
<h3 id="m9">TestNG_ParallelTestingUsingXML.ParallelTestingUsingXML#teardown</h3><table class="result"><tr><th class="invisible"/></tr></table><p class="totop"><a href="#summary">back to summary</a></p>
<h3 id="m10">TestNG_DependsOnmethodsAnnotationTesting.DependsOnMethodAnnotationTest#LogoutFromApp</h3><table class="result"><tr><th>Exception</th></tr><tr><td><div class="stacktrace">java.lang.Throwable: Method TestNG_DependsOnmethodsAnnotationTesting.DependsOnMethodAnnotationTest.LogoutFromApp() on instance TestNG_DependsOnmethodsAnnotationTesting.DependsOnMethodAnnotationTest@1e5f4170 depends on not successfully finished methods 
[TestNG_DependsOnmethodsAnnotationTesting.DependsOnMethodAnnotationTest.advancedSearchInApp() on instance TestNG_DependsOnmethodsAnnotationTesting.DependsOnMethodAnnotationTest@1e5f4170]
	at java.base/java.util.ArrayList.forEach(ArrayList.java:1541)
... Removed 22 stack frames</div></td></tr></table><p class="totop"><a href="#summary">back to summary</a></p>
<h3 id="m11">TestNG_DependsOnmethodsAnnotationTesting.DependsOnMethodAnnotationTest#advancedSearchInApp</h3><table class="result"><tr><th>Exception</th></tr><tr><td><div class="stacktrace">java.lang.Throwable: Method TestNG_DependsOnmethodsAnnotationTesting.DependsOnMethodAnnotationTest.advancedSearchInApp() on instance TestNG_DependsOnmethodsAnnotationTesting.DependsOnMethodAnnotationTest@1e5f4170 depends on not successfully finished methods 
[TestNG_DependsOnmethodsAnnotationTesting.DependsOnMethodAnnotationTest.searchInApp() on instance TestNG_DependsOnmethodsAnnotationTesting.DependsOnMethodAnnotationTest@1e5f4170]
	at java.base/java.util.ArrayList.forEach(ArrayList.java:1541)
... Removed 22 stack frames</div></td></tr></table><p class="totop"><a href="#summary">back to summary</a></p>
<h3 id="m12">TestNG_ParallelTestingUsingXML.ParallelTestingUsingXML#logintest</h3><table class="result"><tr><th>Exception</th></tr><tr><td><div class="stacktrace">org.testng.TestNGException: 
Parameter &apos;browser&apos; is required by BeforeClass on method setup but has not been marked @Optional or defined
in G:\ECLIPSE WORKSPACE\SeleniumAndTestNGTraining\SeleniumAutomationTesting\testng.xml
	at java.base/java.util.ArrayList.forEach(ArrayList.java:1541)
... Removed 26 stack frames</div></td></tr></table><p class="totop"><a href="#summary">back to summary</a></p>
<h3 id="m13">TestNG_AllTestAnnotationsTesting.AllTestAnnotationsTesing#OpenLinkInApp</h3><table class="result"><tr><th class="invisible"/></tr></table><p class="totop"><a href="#summary">back to summary</a></p>
<h3 id="m14">TestNG_AllTestAnnotationsTesting.AllTestAnnotationsTesing#OpenLinkInApp2</h3><table class="result"><tr><th class="invisible"/></tr></table><p class="totop"><a href="#summary">back to summary</a></p>
<h3 id="m15">TestNG_AllTestAnnotationsTesting.AllTestAnnotationsTesing#SearchInApp</h3><table class="result"><tr><th class="invisible"/></tr></table><p class="totop"><a href="#summary">back to summary</a></p>
<h3 id="m16">TestNG_AllTestAnnotationsTesting.AllTestAnnotationsTesing#SearchInApp2</h3><table class="result"><tr><th class="invisible"/></tr></table><p class="totop"><a href="#summary">back to summary</a></p>
<h3 id="m17">TestNG_AllTestAnnotationsTesting.AllTestAnnotationsTesing#Test1</h3><table class="result"><tr><th class="invisible"/></tr></table><p class="totop"><a href="#summary">back to summary</a></p>
<h3 id="m18">TestNG_AllTestAnnotationsTesting.AllTestAnnotationsTesing#Test2</h3><table class="result"><tr><th class="invisible"/></tr></table><p class="totop"><a href="#summary">back to summary</a></p>
<h3 id="m19">TestNG_BeforeAndAfterSuiteTestAnnotationsTesting.SuiteTest1#Test1</h3><table class="result"><tr><th class="invisible"/></tr></table><p class="totop"><a href="#summary">back to summary</a></p>
<h3 id="m20">TestNG_BeforeAndAfterSuiteTestAnnotationsTesting.SuiteTest2#Test1</h3><table class="result"><tr><th class="invisible"/></tr></table><p class="totop"><a href="#summary">back to summary</a></p>
<h3 id="m21">TestNG_BeforeAndAfterSuiteTestAnnotationsTesting.SuiteTest3#LinkValidation</h3><table class="result"><tr><th class="invisible"/></tr></table><p class="totop"><a href="#summary">back to summary</a></p>
<h3 id="m22">TestNG_BeforeAndAfterTestAnnotationsTesting.BeforeAndAfterTestAnnotationTest1#Test1</h3><table class="result"><tr><th class="invisible"/></tr></table><p class="totop"><a href="#summary">back to summary</a></p>
<h3 id="m23">TestNG_BeforeAndAfterTestAnnotationsTesting.BeforeAndAfterTestAnnotationTest2#Test1</h3><table class="result"><tr><th class="invisible"/></tr></table><p class="totop"><a href="#summary">back to summary</a></p>
<h3 id="m24">TestNG_ClassAndMethodAnnotationsTesting.BeforeAndAfterClassAnnotations#OpenLinkInApp</h3><table class="result"><tr><th class="invisible"/></tr></table><p class="totop"><a href="#summary">back to summary</a></p>
<h3 id="m25">TestNG_ClassAndMethodAnnotationsTesting.BeforeAndAfterClassAnnotations#SearchInApp</h3><table class="result"><tr><th class="invisible"/></tr></table><p class="totop"><a href="#summary">back to summary</a></p>
<h3 id="m26">TestNG_ClassAndMethodAnnotationsTesting.BeforeAndAfterMethodAnnotations#OpenLinkInApp</h3><table class="result"><tr><th class="invisible"/></tr></table><p class="totop"><a href="#summary">back to summary</a></p>
<h3 id="m27">TestNG_ClassAndMethodAnnotationsTesting.BeforeAndAfterMethodAnnotations#SearchInApp</h3><table class="result"><tr><th class="invisible"/></tr></table><p class="totop"><a href="#summary">back to summary</a></p>
<h3 id="m28">TestNG_DataProviderAnnotation.DataProviderAnnotationTesting#logintest</h3><table class="result"><tr class="param"><th>Parameter #1</th><th>Parameter #2</th></tr><tr class="param stripe"><td>testdemo@demo.com</td><td>Harsh@123</td></tr></table><p class="totop"><a href="#summary">back to summary</a></p>
<h3 id="m29">TestNG_DependsOnmethodsAnnotationTesting.DependsOnMethodAnnotationTest#loginInApp</h3><table class="result"><tr><th class="invisible"/></tr></table><p class="totop"><a href="#summary">back to summary</a></p>
<h3 id="m30">TestNG_DependsOnmethodsAnnotationTesting.DependsOnMethodAnnotationTest#openApp</h3><table class="result"><tr><th class="invisible"/></tr></table><p class="totop"><a href="#summary">back to summary</a></p>
<h3 id="m31">TestNG_GroupingAnnotationTesting.RegressionGroupTesting#LoginFacebookApp</h3><table class="result"><tr><th class="invisible"/></tr></table><p class="totop"><a href="#summary">back to summary</a></p>
<h3 id="m32">TestNG_GroupingAnnotationTesting.RegressionGroupTesting#LoginGoogleApp</h3><table class="result"><tr><th class="invisible"/></tr></table><p class="totop"><a href="#summary">back to summary</a></p>
<h3 id="m33">TestNG_GroupingAnnotationTesting.RegressionGroupTesting#LoginMicroSoftApp</h3><table class="result"><tr><th class="invisible"/></tr></table><p class="totop"><a href="#summary">back to summary</a></p>
<h3 id="m34">TestNG_GroupingAnnotationTesting.SanityGroupTesting#OpenFacebookApp</h3><table class="result"><tr><th class="invisible"/></tr></table><p class="totop"><a href="#summary">back to summary</a></p>
<h3 id="m35">TestNG_GroupingAnnotationTesting.SanityGroupTesting#OpenGoogleApp</h3><table class="result"><tr><th class="invisible"/></tr></table><p class="totop"><a href="#summary">back to summary</a></p>
<h3 id="m36">TestNG_GroupingAnnotationTesting.SanityGroupTesting#OpenMicroSoftApp</h3><table class="result"><tr><th class="invisible"/></tr></table><p class="totop"><a href="#summary">back to summary</a></p>
<h3 id="m37">TestNG_GroupingAnnotationTesting.Sanity_Regression_FunctionalGroupTesting#PaymentInFacebookApp</h3><table class="result"><tr><th class="invisible"/></tr></table><p class="totop"><a href="#summary">back to summary</a></p>
<h3 id="m38">TestNG_GroupingAnnotationTesting.Sanity_Regression_FunctionalGroupTesting#PaymentInGoogleApp</h3><table class="result"><tr><th class="invisible"/></tr></table><p class="totop"><a href="#summary">back to summary</a></p>
<h3 id="m39">TestNG_GroupingAnnotationTesting.Sanity_Regression_FunctionalGroupTesting#PaymentInMicroSoftApp</h3><table class="result"><tr><th class="invisible"/></tr></table><p class="totop"><a href="#summary">back to summary</a></p>
<h3 id="m40">TestNG_SeleniumTesting.LoginAppUsingTestNG#HomePageTitleValidation</h3><table class="result"><tr><th class="invisible"/></tr></table><p class="totop"><a href="#summary">back to summary</a></p>
<h3 id="m41">TestNG_SeleniumTesting.LoginAppUsingTestNG#LogOutfromApp</h3><table class="result"><tr><th class="invisible"/></tr></table><p class="totop"><a href="#summary">back to summary</a></p>
<h3 id="m42">TestNG_SeleniumTesting.LoginAppUsingTestNG#LogininApp</h3><table class="result"><tr><th class="invisible"/></tr></table><p class="totop"><a href="#summary">back to summary</a></p>
<h3 id="m43">TestNG_SeleniumTesting.LoginAppUsingTestNG#OpenApp</h3><table class="result"><tr><th class="invisible"/></tr></table><p class="totop"><a href="#summary">back to summary</a></p>
<h2>Test2</h2><h3 id="m44">TestNG_ParallelTestingUsingXML.ParallelTestingUsingXML#logintest</h3><table class="result"><tr><th class="invisible"/></tr></table><p class="totop"><a href="#summary">back to summary</a></p>
</body>
</html>
