<?xml version="1.0" encoding="UTF-8"?>
<testng-results ignored="0" total="43" passed="32" failed="8" skipped="3">
  <reporter-output>
  </reporter-output>
  <suite started-at="2024-07-27T17:08:52 IST" name="Suite" finished-at="2024-07-27T17:09:49 IST" duration-ms="57068">
    <groups>
      <group name="functional">
        <method signature="Sanity_Regression_FunctionalGroupTesting.PaymentInFacebookApp()[pri:1, instance:TestNG_GroupingAnnotationTesting.Sanity_Regression_FunctionalGroupTesting@6c345c5f]" name="PaymentInFacebookApp" class="TestNG_GroupingAnnotationTesting.Sanity_Regression_FunctionalGroupTesting"/>
        <method signature="Sanity_Regression_FunctionalGroupTesting.PaymentInGoogleApp()[pri:2, instance:TestNG_GroupingAnnotationTesting.Sanity_Regression_FunctionalGroupTesting@6c345c5f]" name="PaymentInGoogleApp" class="TestNG_GroupingAnnotationTesting.Sanity_Regression_FunctionalGroupTesting"/>
        <method signature="Sanity_Regression_FunctionalGroupTesting.PaymentInMicroSoftApp()[pri:3, instance:TestNG_GroupingAnnotationTesting.Sanity_Regression_FunctionalGroupTesting@6c345c5f]" name="PaymentInMicroSoftApp" class="TestNG_GroupingAnnotationTesting.Sanity_Regression_FunctionalGroupTesting"/>
      </group> <!-- functional -->
      <group name="regression">
        <method signature="RegressionGroupTesting.LoginFacebookApp()[pri:1, instance:TestNG_GroupingAnnotationTesting.RegressionGroupTesting@1568159]" name="LoginFacebookApp" class="TestNG_GroupingAnnotationTesting.RegressionGroupTesting"/>
        <method signature="Sanity_Regression_FunctionalGroupTesting.PaymentInFacebookApp()[pri:1, instance:TestNG_GroupingAnnotationTesting.Sanity_Regression_FunctionalGroupTesting@6c345c5f]" name="PaymentInFacebookApp" class="TestNG_GroupingAnnotationTesting.Sanity_Regression_FunctionalGroupTesting"/>
        <method signature="RegressionGroupTesting.LoginGoogleApp()[pri:2, instance:TestNG_GroupingAnnotationTesting.RegressionGroupTesting@1568159]" name="LoginGoogleApp" class="TestNG_GroupingAnnotationTesting.RegressionGroupTesting"/>
        <method signature="Sanity_Regression_FunctionalGroupTesting.PaymentInGoogleApp()[pri:2, instance:TestNG_GroupingAnnotationTesting.Sanity_Regression_FunctionalGroupTesting@6c345c5f]" name="PaymentInGoogleApp" class="TestNG_GroupingAnnotationTesting.Sanity_Regression_FunctionalGroupTesting"/>
        <method signature="RegressionGroupTesting.LoginMicroSoftApp()[pri:3, instance:TestNG_GroupingAnnotationTesting.RegressionGroupTesting@1568159]" name="LoginMicroSoftApp" class="TestNG_GroupingAnnotationTesting.RegressionGroupTesting"/>
        <method signature="Sanity_Regression_FunctionalGroupTesting.PaymentInMicroSoftApp()[pri:3, instance:TestNG_GroupingAnnotationTesting.Sanity_Regression_FunctionalGroupTesting@6c345c5f]" name="PaymentInMicroSoftApp" class="TestNG_GroupingAnnotationTesting.Sanity_Regression_FunctionalGroupTesting"/>
      </group> <!-- regression -->
      <group name="sanity">
        <method signature="Sanity_Regression_FunctionalGroupTesting.PaymentInFacebookApp()[pri:1, instance:TestNG_GroupingAnnotationTesting.Sanity_Regression_FunctionalGroupTesting@6c345c5f]" name="PaymentInFacebookApp" class="TestNG_GroupingAnnotationTesting.Sanity_Regression_FunctionalGroupTesting"/>
        <method signature="Sanity_Regression_FunctionalGroupTesting.PaymentInGoogleApp()[pri:2, instance:TestNG_GroupingAnnotationTesting.Sanity_Regression_FunctionalGroupTesting@6c345c5f]" name="PaymentInGoogleApp" class="TestNG_GroupingAnnotationTesting.Sanity_Regression_FunctionalGroupTesting"/>
        <method signature="Sanity_Regression_FunctionalGroupTesting.PaymentInMicroSoftApp()[pri:3, instance:TestNG_GroupingAnnotationTesting.Sanity_Regression_FunctionalGroupTesting@6c345c5f]" name="PaymentInMicroSoftApp" class="TestNG_GroupingAnnotationTesting.Sanity_Regression_FunctionalGroupTesting"/>
        <method signature="SanityGroupTesting.OpenFacebookApp()[pri:1, instance:TestNG_GroupingAnnotationTesting.SanityGroupTesting@1255b1d1]" name="OpenFacebookApp" class="TestNG_GroupingAnnotationTesting.SanityGroupTesting"/>
        <method signature="SanityGroupTesting.OpenGoogleApp()[pri:2, instance:TestNG_GroupingAnnotationTesting.SanityGroupTesting@1255b1d1]" name="OpenGoogleApp" class="TestNG_GroupingAnnotationTesting.SanityGroupTesting"/>
        <method signature="SanityGroupTesting.OpenMicroSoftApp()[pri:3, instance:TestNG_GroupingAnnotationTesting.SanityGroupTesting@1255b1d1]" name="OpenMicroSoftApp" class="TestNG_GroupingAnnotationTesting.SanityGroupTesting"/>
      </group> <!-- sanity -->
    </groups>
    <test started-at="2024-07-27T17:08:52 IST" name="Test1" finished-at="2024-07-27T17:09:46 IST" duration-ms="53437">
      <class name="TestNG_BeforeAndAfterTestAnnotationsTesting.BeforeAndAfterTestAnnotationTest1">
        <test-method is-config="true" signature="Login()[pri:0, instance:TestNG_BeforeAndAfterTestAnnotationsTesting.BeforeAndAfterTestAnnotationTest1@5f59185e]" started-at="2024-07-27T17:08:52 IST" name="Login" finished-at="2024-07-27T17:08:52 IST" duration-ms="0" status="PASS">
          <reporter-output>
          </reporter-output>
        </test-method> <!-- Login -->
        <test-method signature="Test1()[pri:0, instance:TestNG_BeforeAndAfterTestAnnotationsTesting.BeforeAndAfterTestAnnotationTest1@5f59185e]" started-at="2024-07-27T17:09:46 IST" name="Test1" finished-at="2024-07-27T17:09:46 IST" duration-ms="0" status="PASS">
          <reporter-output>
          </reporter-output>
        </test-method> <!-- Test1 -->
      </class> <!-- TestNG_BeforeAndAfterTestAnnotationsTesting.BeforeAndAfterTestAnnotationTest1 -->
      <class name="TestNG_BeforeAndAfterTestAnnotationsTesting.BeforeAndAfterTestAnnotationTest2">
        <test-method signature="Test1()[pri:0, instance:TestNG_BeforeAndAfterTestAnnotationsTesting.BeforeAndAfterTestAnnotationTest2@47da3952]" started-at="2024-07-27T17:09:46 IST" name="Test1" finished-at="2024-07-27T17:09:46 IST" duration-ms="1" status="PASS">
          <reporter-output>
          </reporter-output>
        </test-method> <!-- Test1 -->
        <test-method is-config="true" signature="Login()[pri:0, instance:TestNG_BeforeAndAfterTestAnnotationsTesting.BeforeAndAfterTestAnnotationTest2@47da3952]" started-at="2024-07-27T17:09:46 IST" name="Login" finished-at="2024-07-27T17:09:46 IST" duration-ms="0" status="PASS">
          <reporter-output>
          </reporter-output>
        </test-method> <!-- Login -->
      </class> <!-- TestNG_BeforeAndAfterTestAnnotationsTesting.BeforeAndAfterTestAnnotationTest2 -->
      <class name="TestNG_GroupingAnnotationTesting.SanityGroupTesting">
        <test-method signature="OpenFacebookApp()[pri:1, instance:TestNG_GroupingAnnotationTesting.SanityGroupTesting@1255b1d1]" started-at="2024-07-27T17:09:46 IST" name="OpenFacebookApp" finished-at="2024-07-27T17:09:46 IST" duration-ms="1" status="PASS">
          <reporter-output>
          </reporter-output>
        </test-method> <!-- OpenFacebookApp -->
        <test-method signature="OpenGoogleApp()[pri:2, instance:TestNG_GroupingAnnotationTesting.SanityGroupTesting@1255b1d1]" started-at="2024-07-27T17:09:46 IST" name="OpenGoogleApp" finished-at="2024-07-27T17:09:46 IST" duration-ms="1" status="PASS">
          <reporter-output>
          </reporter-output>
        </test-method> <!-- OpenGoogleApp -->
        <test-method signature="OpenMicroSoftApp()[pri:3, instance:TestNG_GroupingAnnotationTesting.SanityGroupTesting@1255b1d1]" started-at="2024-07-27T17:09:46 IST" name="OpenMicroSoftApp" finished-at="2024-07-27T17:09:46 IST" duration-ms="0" status="PASS">
          <reporter-output>
          </reporter-output>
        </test-method> <!-- OpenMicroSoftApp -->
      </class> <!-- TestNG_GroupingAnnotationTesting.SanityGroupTesting -->
      <class name="TestNG_GroupingAnnotationTesting.RegressionGroupTesting">
        <test-method signature="LoginFacebookApp()[pri:1, instance:TestNG_GroupingAnnotationTesting.RegressionGroupTesting@1568159]" started-at="2024-07-27T17:09:46 IST" name="LoginFacebookApp" finished-at="2024-07-27T17:09:46 IST" duration-ms="1" status="PASS">
          <reporter-output>
          </reporter-output>
        </test-method> <!-- LoginFacebookApp -->
        <test-method signature="LoginGoogleApp()[pri:2, instance:TestNG_GroupingAnnotationTesting.RegressionGroupTesting@1568159]" started-at="2024-07-27T17:09:46 IST" name="LoginGoogleApp" finished-at="2024-07-27T17:09:46 IST" duration-ms="1" status="PASS">
          <reporter-output>
          </reporter-output>
        </test-method> <!-- LoginGoogleApp -->
        <test-method signature="LoginMicroSoftApp()[pri:3, instance:TestNG_GroupingAnnotationTesting.RegressionGroupTesting@1568159]" started-at="2024-07-27T17:09:46 IST" name="LoginMicroSoftApp" finished-at="2024-07-27T17:09:46 IST" duration-ms="0" status="PASS">
          <reporter-output>
          </reporter-output>
        </test-method> <!-- LoginMicroSoftApp -->
      </class> <!-- TestNG_GroupingAnnotationTesting.RegressionGroupTesting -->
      <class name="TestNG_BeforeAndAfterSuiteTestAnnotationsTesting.SuiteTest3">
        <test-method signature="LinkValidation()[pri:0, instance:TestNG_BeforeAndAfterSuiteTestAnnotationsTesting.SuiteTest3@2b62442c]" started-at="2024-07-27T17:09:46 IST" name="LinkValidation" finished-at="2024-07-27T17:09:46 IST" duration-ms="0" status="PASS">
          <reporter-output>
          </reporter-output>
        </test-method> <!-- LinkValidation -->
      </class> <!-- TestNG_BeforeAndAfterSuiteTestAnnotationsTesting.SuiteTest3 -->
      <class name="TestNG_BeforeAndAfterSuiteTestAnnotationsTesting.SuiteTest2">
        <test-method signature="Test1()[pri:0, instance:TestNG_BeforeAndAfterSuiteTestAnnotationsTesting.SuiteTest2@66629f63]" started-at="2024-07-27T17:09:46 IST" name="Test1" finished-at="2024-07-27T17:09:46 IST" duration-ms="1" status="PASS">
          <reporter-output>
          </reporter-output>
        </test-method> <!-- Test1 -->
        <test-method is-config="true" signature="Login()[pri:0, instance:TestNG_BeforeAndAfterSuiteTestAnnotationsTesting.SuiteTest2@66629f63]" started-at="2024-07-27T17:09:46 IST" name="Login" finished-at="2024-07-27T17:09:46 IST" duration-ms="1" status="PASS">
          <reporter-output>
          </reporter-output>
        </test-method> <!-- Login -->
      </class> <!-- TestNG_BeforeAndAfterSuiteTestAnnotationsTesting.SuiteTest2 -->
      <class name="TestNG_AllTestAnnotationsTesting.AllTestAnnotationsTesing">
        <test-method is-config="true" signature="Login()[pri:0, instance:TestNG_AllTestAnnotationsTesting.AllTestAnnotationsTesing@4fcee388]" started-at="2024-07-27T17:08:52 IST" name="Login" finished-at="2024-07-27T17:08:52 IST" duration-ms="1" status="PASS">
          <reporter-output>
          </reporter-output>
        </test-method> <!-- Login -->
        <test-method is-config="true" signature="LoginInApp()[pri:0, instance:TestNG_AllTestAnnotationsTesting.AllTestAnnotationsTesing@4fcee388]" started-at="2024-07-27T17:09:46 IST" name="LoginInApp" finished-at="2024-07-27T17:09:46 IST" duration-ms="0" status="PASS">
          <reporter-output>
          </reporter-output>
        </test-method> <!-- LoginInApp -->
        <test-method signature="Test1()[pri:1, instance:TestNG_AllTestAnnotationsTesting.AllTestAnnotationsTesing@4fcee388]" started-at="2024-07-27T17:09:46 IST" name="Test1" finished-at="2024-07-27T17:09:46 IST" duration-ms="1" status="PASS">
          <reporter-output>
          </reporter-output>
        </test-method> <!-- Test1 -->
        <test-method is-config="true" signature="LoginInApp2()[pri:0, instance:TestNG_AllTestAnnotationsTesting.AllTestAnnotationsTesing@4fcee388]" started-at="2024-07-27T17:09:46 IST" name="LoginInApp2" finished-at="2024-07-27T17:09:46 IST" duration-ms="0" status="PASS">
          <reporter-output>
          </reporter-output>
        </test-method> <!-- LoginInApp2 -->
        <test-method is-config="true" signature="LogoutFromApp2()[pri:0, instance:TestNG_AllTestAnnotationsTesting.AllTestAnnotationsTesing@4fcee388]" started-at="2024-07-27T17:09:46 IST" name="LogoutFromApp2" finished-at="2024-07-27T17:09:46 IST" duration-ms="0" status="PASS">
          <reporter-output>
          </reporter-output>
        </test-method> <!-- LogoutFromApp2 -->
        <test-method is-config="true" signature="LoginInApp2()[pri:0, instance:TestNG_AllTestAnnotationsTesting.AllTestAnnotationsTesing@4fcee388]" started-at="2024-07-27T17:09:46 IST" name="LoginInApp2" finished-at="2024-07-27T17:09:46 IST" duration-ms="1" status="PASS">
          <reporter-output>
          </reporter-output>
        </test-method> <!-- LoginInApp2 -->
        <test-method signature="Test2()[pri:2, instance:TestNG_AllTestAnnotationsTesting.AllTestAnnotationsTesing@4fcee388]" started-at="2024-07-27T17:09:46 IST" name="Test2" finished-at="2024-07-27T17:09:46 IST" duration-ms="1" status="PASS">
          <reporter-output>
          </reporter-output>
        </test-method> <!-- Test2 -->
        <test-method is-config="true" signature="LogoutFromApp2()[pri:0, instance:TestNG_AllTestAnnotationsTesting.AllTestAnnotationsTesing@4fcee388]" started-at="2024-07-27T17:09:46 IST" name="LogoutFromApp2" finished-at="2024-07-27T17:09:46 IST" duration-ms="1" status="PASS">
          <reporter-output>
          </reporter-output>
        </test-method> <!-- LogoutFromApp2 -->
        <test-method is-config="true" signature="LoginInApp2()[pri:0, instance:TestNG_AllTestAnnotationsTesting.AllTestAnnotationsTesing@4fcee388]" started-at="2024-07-27T17:09:46 IST" name="LoginInApp2" finished-at="2024-07-27T17:09:46 IST" duration-ms="0" status="PASS">
          <reporter-output>
          </reporter-output>
        </test-method> <!-- LoginInApp2 -->
        <test-method signature="SearchInApp()[pri:3, instance:TestNG_AllTestAnnotationsTesting.AllTestAnnotationsTesing@4fcee388]" started-at="2024-07-27T17:09:46 IST" name="SearchInApp" finished-at="2024-07-27T17:09:46 IST" duration-ms="0" status="PASS">
          <reporter-output>
          </reporter-output>
        </test-method> <!-- SearchInApp -->
        <test-method is-config="true" signature="LogoutFromApp2()[pri:0, instance:TestNG_AllTestAnnotationsTesting.AllTestAnnotationsTesing@4fcee388]" started-at="2024-07-27T17:09:46 IST" name="LogoutFromApp2" finished-at="2024-07-27T17:09:46 IST" duration-ms="0" status="PASS">
          <reporter-output>
          </reporter-output>
        </test-method> <!-- LogoutFromApp2 -->
        <test-method is-config="true" signature="LoginInApp2()[pri:0, instance:TestNG_AllTestAnnotationsTesting.AllTestAnnotationsTesing@4fcee388]" started-at="2024-07-27T17:09:46 IST" name="LoginInApp2" finished-at="2024-07-27T17:09:46 IST" duration-ms="0" status="PASS">
          <reporter-output>
          </reporter-output>
        </test-method> <!-- LoginInApp2 -->
        <test-method signature="OpenLinkInApp()[pri:4, instance:TestNG_AllTestAnnotationsTesting.AllTestAnnotationsTesing@4fcee388]" started-at="2024-07-27T17:09:46 IST" name="OpenLinkInApp" finished-at="2024-07-27T17:09:46 IST" duration-ms="0" status="PASS">
          <reporter-output>
          </reporter-output>
        </test-method> <!-- OpenLinkInApp -->
        <test-method is-config="true" signature="LogoutFromApp2()[pri:0, instance:TestNG_AllTestAnnotationsTesting.AllTestAnnotationsTesing@4fcee388]" started-at="2024-07-27T17:09:46 IST" name="LogoutFromApp2" finished-at="2024-07-27T17:09:46 IST" duration-ms="1" status="PASS">
          <reporter-output>
          </reporter-output>
        </test-method> <!-- LogoutFromApp2 -->
        <test-method is-config="true" signature="LoginInApp2()[pri:0, instance:TestNG_AllTestAnnotationsTesting.AllTestAnnotationsTesing@4fcee388]" started-at="2024-07-27T17:09:46 IST" name="LoginInApp2" finished-at="2024-07-27T17:09:46 IST" duration-ms="1" status="PASS">
          <reporter-output>
          </reporter-output>
        </test-method> <!-- LoginInApp2 -->
        <test-method signature="SearchInApp2()[pri:5, instance:TestNG_AllTestAnnotationsTesting.AllTestAnnotationsTesing@4fcee388]" started-at="2024-07-27T17:09:46 IST" name="SearchInApp2" finished-at="2024-07-27T17:09:46 IST" duration-ms="0" status="PASS">
          <reporter-output>
          </reporter-output>
        </test-method> <!-- SearchInApp2 -->
        <test-method is-config="true" signature="LogoutFromApp2()[pri:0, instance:TestNG_AllTestAnnotationsTesting.AllTestAnnotationsTesing@4fcee388]" started-at="2024-07-27T17:09:46 IST" name="LogoutFromApp2" finished-at="2024-07-27T17:09:46 IST" duration-ms="0" status="PASS">
          <reporter-output>
          </reporter-output>
        </test-method> <!-- LogoutFromApp2 -->
        <test-method signature="OpenLinkInApp2()[pri:6, instance:TestNG_AllTestAnnotationsTesting.AllTestAnnotationsTesing@4fcee388]" started-at="2024-07-27T17:09:46 IST" name="OpenLinkInApp2" finished-at="2024-07-27T17:09:46 IST" duration-ms="1" status="PASS">
          <reporter-output>
          </reporter-output>
        </test-method> <!-- OpenLinkInApp2 -->
        <test-method is-config="true" signature="LoginInApp2()[pri:0, instance:TestNG_AllTestAnnotationsTesting.AllTestAnnotationsTesing@4fcee388]" started-at="2024-07-27T17:09:46 IST" name="LoginInApp2" finished-at="2024-07-27T17:09:46 IST" duration-ms="0" status="PASS">
          <reporter-output>
          </reporter-output>
        </test-method> <!-- LoginInApp2 -->
        <test-method is-config="true" signature="LogoutFromApp2()[pri:0, instance:TestNG_AllTestAnnotationsTesting.AllTestAnnotationsTesing@4fcee388]" started-at="2024-07-27T17:09:46 IST" name="LogoutFromApp2" finished-at="2024-07-27T17:09:46 IST" duration-ms="0" status="PASS">
          <reporter-output>
          </reporter-output>
        </test-method> <!-- LogoutFromApp2 -->
        <test-method is-config="true" signature="LogoutFromApp()[pri:0, instance:TestNG_AllTestAnnotationsTesting.AllTestAnnotationsTesing@4fcee388]" started-at="2024-07-27T17:09:46 IST" name="LogoutFromApp" finished-at="2024-07-27T17:09:46 IST" duration-ms="0" status="PASS">
          <reporter-output>
          </reporter-output>
        </test-method> <!-- LogoutFromApp -->
        <test-method is-config="true" signature="Logout()[pri:0, instance:TestNG_AllTestAnnotationsTesting.AllTestAnnotationsTesing@4fcee388]" started-at="2024-07-27T17:09:46 IST" name="Logout" finished-at="2024-07-27T17:09:46 IST" duration-ms="0" status="PASS">
          <reporter-output>
          </reporter-output>
        </test-method> <!-- Logout -->
      </class> <!-- TestNG_AllTestAnnotationsTesting.AllTestAnnotationsTesing -->
      <class name="TestNG_BeforeAndAfterSuiteTestAnnotationsTesting.SuiteTest1">
        <test-method is-config="true" signature="Login()[pri:0, instance:TestNG_BeforeAndAfterSuiteTestAnnotationsTesting.SuiteTest1@60bdf15d]" started-at="2024-07-27T17:08:52 IST" name="Login" finished-at="2024-07-27T17:08:52 IST" duration-ms="0" status="PASS">
          <reporter-output>
          </reporter-output>
        </test-method> <!-- Login -->
        <test-method signature="Test1()[pri:0, instance:TestNG_BeforeAndAfterSuiteTestAnnotationsTesting.SuiteTest1@60bdf15d]" started-at="2024-07-27T17:09:46 IST" name="Test1" finished-at="2024-07-27T17:09:46 IST" duration-ms="0" status="PASS">
          <reporter-output>
          </reporter-output>
        </test-method> <!-- Test1 -->
      </class> <!-- TestNG_BeforeAndAfterSuiteTestAnnotationsTesting.SuiteTest1 -->
      <class name="TestNG_ClassAndMethodAnnotationsTesting.BeforeAndAfterMethodAnnotations">
        <test-method is-config="true" signature="LoginInApp()[pri:0, instance:TestNG_ClassAndMethodAnnotationsTesting.BeforeAndAfterMethodAnnotations@65e61854]" started-at="2024-07-27T17:09:46 IST" name="LoginInApp" finished-at="2024-07-27T17:09:46 IST" duration-ms="1" status="PASS">
          <reporter-output>
          </reporter-output>
        </test-method> <!-- LoginInApp -->
        <test-method signature="OpenLinkInApp()[pri:0, instance:TestNG_ClassAndMethodAnnotationsTesting.BeforeAndAfterMethodAnnotations@65e61854]" started-at="2024-07-27T17:09:46 IST" name="OpenLinkInApp" finished-at="2024-07-27T17:09:46 IST" duration-ms="0" status="PASS">
          <reporter-output>
          </reporter-output>
        </test-method> <!-- OpenLinkInApp -->
        <test-method is-config="true" signature="LogoutFromApp()[pri:0, instance:TestNG_ClassAndMethodAnnotationsTesting.BeforeAndAfterMethodAnnotations@65e61854]" started-at="2024-07-27T17:09:46 IST" name="LogoutFromApp" finished-at="2024-07-27T17:09:46 IST" duration-ms="1" status="PASS">
          <reporter-output>
          </reporter-output>
        </test-method> <!-- LogoutFromApp -->
        <test-method signature="SearchInApp()[pri:0, instance:TestNG_ClassAndMethodAnnotationsTesting.BeforeAndAfterMethodAnnotations@65e61854]" started-at="2024-07-27T17:09:46 IST" name="SearchInApp" finished-at="2024-07-27T17:09:46 IST" duration-ms="1" status="PASS">
          <reporter-output>
          </reporter-output>
        </test-method> <!-- SearchInApp -->
        <test-method is-config="true" signature="LoginInApp()[pri:0, instance:TestNG_ClassAndMethodAnnotationsTesting.BeforeAndAfterMethodAnnotations@65e61854]" started-at="2024-07-27T17:09:46 IST" name="LoginInApp" finished-at="2024-07-27T17:09:46 IST" duration-ms="0" status="PASS">
          <reporter-output>
          </reporter-output>
        </test-method> <!-- LoginInApp -->
        <test-method is-config="true" signature="LogoutFromApp()[pri:0, instance:TestNG_ClassAndMethodAnnotationsTesting.BeforeAndAfterMethodAnnotations@65e61854]" started-at="2024-07-27T17:09:46 IST" name="LogoutFromApp" finished-at="2024-07-27T17:09:46 IST" duration-ms="1" status="PASS">
          <reporter-output>
          </reporter-output>
        </test-method> <!-- LogoutFromApp -->
      </class> <!-- TestNG_ClassAndMethodAnnotationsTesting.BeforeAndAfterMethodAnnotations -->
      <class name="TestNG_DependsOnmethodsAnnotationTesting.DependsOnMethodAnnotationTest">
        <test-method signature="openApp()[pri:1, instance:TestNG_DependsOnmethodsAnnotationTesting.DependsOnMethodAnnotationTest@1e5f4170]" started-at="2024-07-27T17:09:46 IST" name="openApp" finished-at="2024-07-27T17:09:46 IST" duration-ms="0" status="PASS">
          <reporter-output>
          </reporter-output>
        </test-method> <!-- openApp -->
        <test-method signature="loginInApp()[pri:2, instance:TestNG_DependsOnmethodsAnnotationTesting.DependsOnMethodAnnotationTest@1e5f4170]" started-at="2024-07-27T17:09:46 IST" name="loginInApp" finished-at="2024-07-27T17:09:46 IST" depends-on-methods="TestNG_DependsOnmethodsAnnotationTesting.DependsOnMethodAnnotationTest.openApp" duration-ms="0" status="PASS">
          <reporter-output>
          </reporter-output>
        </test-method> <!-- loginInApp -->
        <test-method signature="searchInApp()[pri:3, instance:TestNG_DependsOnmethodsAnnotationTesting.DependsOnMethodAnnotationTest@1e5f4170]" started-at="2024-07-27T17:09:46 IST" name="searchInApp" finished-at="2024-07-27T17:09:46 IST" depends-on-methods="TestNG_DependsOnmethodsAnnotationTesting.DependsOnMethodAnnotationTest.loginInApp" duration-ms="0" status="FAIL">
          <exception class="java.lang.AssertionError">
            <message>
              <![CDATA[expected [true] but found [false]]]>
            </message>
            <full-stacktrace>
              <![CDATA[java.lang.AssertionError: expected [true] but found [false]
at org.testng.Assert.fail(Assert.java:111)
at org.testng.Assert.failNotEquals(Assert.java:1578)
at org.testng.Assert.assertTrue(Assert.java:57)
at org.testng.Assert.assertTrue(Assert.java:67)
at TestNG_DependsOnmethodsAnnotationTesting.DependsOnMethodAnnotationTest.searchInApp(DependsOnMethodAnnotationTest.java:31)
at java.base/jdk.internal.reflect.NativeMethodAccessorImpl.invoke0(Native Method)
at java.base/jdk.internal.reflect.NativeMethodAccessorImpl.invoke(NativeMethodAccessorImpl.java:62)
at java.base/jdk.internal.reflect.DelegatingMethodAccessorImpl.invoke(DelegatingMethodAccessorImpl.java:43)
at java.base/java.lang.reflect.Method.invoke(Method.java:566)
at org.testng.internal.invokers.MethodInvocationHelper.invokeMethod(MethodInvocationHelper.java:141)
at org.testng.internal.invokers.TestInvoker.invokeMethod(TestInvoker.java:686)
at org.testng.internal.invokers.TestInvoker.invokeTestMethod(TestInvoker.java:230)
at org.testng.internal.invokers.MethodRunner.runInSequence(MethodRunner.java:63)
at org.testng.internal.invokers.TestInvoker$MethodInvocationAgent.invoke(TestInvoker.java:992)
at org.testng.internal.invokers.TestInvoker.invokeTestMethods(TestInvoker.java:203)
at org.testng.internal.invokers.TestMethodWorker.invokeTestMethods(TestMethodWorker.java:154)
at org.testng.internal.invokers.TestMethodWorker.run(TestMethodWorker.java:134)
at java.base/java.util.ArrayList.forEach(ArrayList.java:1541)
at org.testng.TestRunner.privateRun(TestRunner.java:739)
at org.testng.TestRunner.run(TestRunner.java:614)
at org.testng.SuiteRunner.runTest(SuiteRunner.java:421)
at org.testng.SuiteRunner.runSequentially(SuiteRunner.java:413)
at org.testng.SuiteRunner.privateRun(SuiteRunner.java:373)
at org.testng.SuiteRunner.run(SuiteRunner.java:312)
at org.testng.SuiteRunnerWorker.runSuite(SuiteRunnerWorker.java:52)
at org.testng.SuiteRunnerWorker.run(SuiteRunnerWorker.java:95)
at org.testng.TestNG.runSuitesSequentially(TestNG.java:1274)
at org.testng.TestNG.runSuitesLocally(TestNG.java:1208)
at org.testng.TestNG.runSuites(TestNG.java:1112)
at org.testng.TestNG.run(TestNG.java:1079)
at org.apache.maven.surefire.testng.TestNGExecutor.run(TestNGExecutor.java:308)
at org.apache.maven.surefire.testng.TestNGXmlTestSuite.execute(TestNGXmlTestSuite.java:71)
at org.apache.maven.surefire.testng.TestNGProvider.invoke(TestNGProvider.java:113)
at org.apache.maven.surefire.booter.ForkedBooter.runSuitesInProcess(ForkedBooter.java:385)
at org.apache.maven.surefire.booter.ForkedBooter.execute(ForkedBooter.java:162)
at org.apache.maven.surefire.booter.ForkedBooter.run(ForkedBooter.java:507)
at org.apache.maven.surefire.booter.ForkedBooter.main(ForkedBooter.java:495)
]]>
            </full-stacktrace>
          </exception> <!-- java.lang.AssertionError -->
          <reporter-output>
          </reporter-output>
        </test-method> <!-- searchInApp -->
        <test-method signature="advancedSearchInApp()[pri:4, instance:TestNG_DependsOnmethodsAnnotationTesting.DependsOnMethodAnnotationTest@1e5f4170]" started-at="2024-07-27T17:09:46 IST" name="advancedSearchInApp" finished-at="2024-07-27T17:09:46 IST" depends-on-methods="TestNG_DependsOnmethodsAnnotationTesting.DependsOnMethodAnnotationTest.searchInApp" duration-ms="0" status="SKIP">
          <exception class="java.lang.Throwable">
            <message>
              <![CDATA[Method TestNG_DependsOnmethodsAnnotationTesting.DependsOnMethodAnnotationTest.advancedSearchInApp() on instance TestNG_DependsOnmethodsAnnotationTesting.DependsOnMethodAnnotationTest@1e5f4170 depends on not successfully finished methods 
[TestNG_DependsOnmethodsAnnotationTesting.DependsOnMethodAnnotationTest.searchInApp() on instance TestNG_DependsOnmethodsAnnotationTesting.DependsOnMethodAnnotationTest@1e5f4170]]]>
            </message>
            <full-stacktrace>
              <![CDATA[java.lang.Throwable: Method TestNG_DependsOnmethodsAnnotationTesting.DependsOnMethodAnnotationTest.advancedSearchInApp() on instance TestNG_DependsOnmethodsAnnotationTesting.DependsOnMethodAnnotationTest@1e5f4170 depends on not successfully finished methods 
[TestNG_DependsOnmethodsAnnotationTesting.DependsOnMethodAnnotationTest.searchInApp() on instance TestNG_DependsOnmethodsAnnotationTesting.DependsOnMethodAnnotationTest@1e5f4170]
at org.testng.internal.invokers.TestInvoker.invokeTestMethods(TestInvoker.java:159)
at org.testng.internal.invokers.TestMethodWorker.invokeTestMethods(TestMethodWorker.java:154)
at org.testng.internal.invokers.TestMethodWorker.run(TestMethodWorker.java:134)
at java.base/java.util.ArrayList.forEach(ArrayList.java:1541)
at org.testng.TestRunner.privateRun(TestRunner.java:739)
at org.testng.TestRunner.run(TestRunner.java:614)
at org.testng.SuiteRunner.runTest(SuiteRunner.java:421)
at org.testng.SuiteRunner.runSequentially(SuiteRunner.java:413)
at org.testng.SuiteRunner.privateRun(SuiteRunner.java:373)
at org.testng.SuiteRunner.run(SuiteRunner.java:312)
at org.testng.SuiteRunnerWorker.runSuite(SuiteRunnerWorker.java:52)
at org.testng.SuiteRunnerWorker.run(SuiteRunnerWorker.java:95)
at org.testng.TestNG.runSuitesSequentially(TestNG.java:1274)
at org.testng.TestNG.runSuitesLocally(TestNG.java:1208)
at org.testng.TestNG.runSuites(TestNG.java:1112)
at org.testng.TestNG.run(TestNG.java:1079)
at org.apache.maven.surefire.testng.TestNGExecutor.run(TestNGExecutor.java:308)
at org.apache.maven.surefire.testng.TestNGXmlTestSuite.execute(TestNGXmlTestSuite.java:71)
at org.apache.maven.surefire.testng.TestNGProvider.invoke(TestNGProvider.java:113)
at org.apache.maven.surefire.booter.ForkedBooter.runSuitesInProcess(ForkedBooter.java:385)
at org.apache.maven.surefire.booter.ForkedBooter.execute(ForkedBooter.java:162)
at org.apache.maven.surefire.booter.ForkedBooter.run(ForkedBooter.java:507)
at org.apache.maven.surefire.booter.ForkedBooter.main(ForkedBooter.java:495)
]]>
            </full-stacktrace>
          </exception> <!-- java.lang.Throwable -->
          <reporter-output>
          </reporter-output>
        </test-method> <!-- advancedSearchInApp -->
        <test-method signature="LogoutFromApp()[pri:5, instance:TestNG_DependsOnmethodsAnnotationTesting.DependsOnMethodAnnotationTest@1e5f4170]" started-at="2024-07-27T17:09:46 IST" name="LogoutFromApp" finished-at="2024-07-27T17:09:46 IST" depends-on-methods="TestNG_DependsOnmethodsAnnotationTesting.DependsOnMethodAnnotationTest.advancedSearchInApp" duration-ms="0" status="SKIP">
          <exception class="java.lang.Throwable">
            <message>
              <![CDATA[Method TestNG_DependsOnmethodsAnnotationTesting.DependsOnMethodAnnotationTest.LogoutFromApp() on instance TestNG_DependsOnmethodsAnnotationTesting.DependsOnMethodAnnotationTest@1e5f4170 depends on not successfully finished methods 
[TestNG_DependsOnmethodsAnnotationTesting.DependsOnMethodAnnotationTest.advancedSearchInApp() on instance TestNG_DependsOnmethodsAnnotationTesting.DependsOnMethodAnnotationTest@1e5f4170]]]>
            </message>
            <full-stacktrace>
              <![CDATA[java.lang.Throwable: Method TestNG_DependsOnmethodsAnnotationTesting.DependsOnMethodAnnotationTest.LogoutFromApp() on instance TestNG_DependsOnmethodsAnnotationTesting.DependsOnMethodAnnotationTest@1e5f4170 depends on not successfully finished methods 
[TestNG_DependsOnmethodsAnnotationTesting.DependsOnMethodAnnotationTest.advancedSearchInApp() on instance TestNG_DependsOnmethodsAnnotationTesting.DependsOnMethodAnnotationTest@1e5f4170]
at org.testng.internal.invokers.TestInvoker.invokeTestMethods(TestInvoker.java:159)
at org.testng.internal.invokers.TestMethodWorker.invokeTestMethods(TestMethodWorker.java:154)
at org.testng.internal.invokers.TestMethodWorker.run(TestMethodWorker.java:134)
at java.base/java.util.ArrayList.forEach(ArrayList.java:1541)
at org.testng.TestRunner.privateRun(TestRunner.java:739)
at org.testng.TestRunner.run(TestRunner.java:614)
at org.testng.SuiteRunner.runTest(SuiteRunner.java:421)
at org.testng.SuiteRunner.runSequentially(SuiteRunner.java:413)
at org.testng.SuiteRunner.privateRun(SuiteRunner.java:373)
at org.testng.SuiteRunner.run(SuiteRunner.java:312)
at org.testng.SuiteRunnerWorker.runSuite(SuiteRunnerWorker.java:52)
at org.testng.SuiteRunnerWorker.run(SuiteRunnerWorker.java:95)
at org.testng.TestNG.runSuitesSequentially(TestNG.java:1274)
at org.testng.TestNG.runSuitesLocally(TestNG.java:1208)
at org.testng.TestNG.runSuites(TestNG.java:1112)
at org.testng.TestNG.run(TestNG.java:1079)
at org.apache.maven.surefire.testng.TestNGExecutor.run(TestNGExecutor.java:308)
at org.apache.maven.surefire.testng.TestNGXmlTestSuite.execute(TestNGXmlTestSuite.java:71)
at org.apache.maven.surefire.testng.TestNGProvider.invoke(TestNGProvider.java:113)
at org.apache.maven.surefire.booter.ForkedBooter.runSuitesInProcess(ForkedBooter.java:385)
at org.apache.maven.surefire.booter.ForkedBooter.execute(ForkedBooter.java:162)
at org.apache.maven.surefire.booter.ForkedBooter.run(ForkedBooter.java:507)
at org.apache.maven.surefire.booter.ForkedBooter.main(ForkedBooter.java:495)
]]>
            </full-stacktrace>
          </exception> <!-- java.lang.Throwable -->
          <reporter-output>
          </reporter-output>
        </test-method> <!-- LogoutFromApp -->
      </class> <!-- TestNG_DependsOnmethodsAnnotationTesting.DependsOnMethodAnnotationTest -->
      <class name="TestNG_AssertionsTesting.HardAssertionTest">
        <test-method signature="hardassertion()[pri:0, instance:TestNG_AssertionsTesting.HardAssertionTest@464649c]" started-at="2024-07-27T17:09:46 IST" name="hardassertion" finished-at="2024-07-27T17:09:46 IST" duration-ms="0" status="FAIL">
          <exception class="java.lang.AssertionError">
            <message>
              <![CDATA[expected [Apple] but found [Android]]]>
            </message>
            <full-stacktrace>
              <![CDATA[java.lang.AssertionError: expected [Apple] but found [Android]
at org.testng.Assert.fail(Assert.java:111)
at org.testng.Assert.failNotEquals(Assert.java:1578)
at org.testng.Assert.assertEqualsImpl(Assert.java:150)
at org.testng.Assert.assertEquals(Assert.java:132)
at org.testng.Assert.assertEquals(Assert.java:656)
at org.testng.Assert.assertEquals(Assert.java:666)
at TestNG_AssertionsTesting.HardAssertionTest.hardassertion(HardAssertionTest.java:20)
at java.base/jdk.internal.reflect.NativeMethodAccessorImpl.invoke0(Native Method)
at java.base/jdk.internal.reflect.NativeMethodAccessorImpl.invoke(NativeMethodAccessorImpl.java:62)
at java.base/jdk.internal.reflect.DelegatingMethodAccessorImpl.invoke(DelegatingMethodAccessorImpl.java:43)
at java.base/java.lang.reflect.Method.invoke(Method.java:566)
at org.testng.internal.invokers.MethodInvocationHelper.invokeMethod(MethodInvocationHelper.java:141)
at org.testng.internal.invokers.TestInvoker.invokeMethod(TestInvoker.java:686)
at org.testng.internal.invokers.TestInvoker.invokeTestMethod(TestInvoker.java:230)
at org.testng.internal.invokers.MethodRunner.runInSequence(MethodRunner.java:63)
at org.testng.internal.invokers.TestInvoker$MethodInvocationAgent.invoke(TestInvoker.java:992)
at org.testng.internal.invokers.TestInvoker.invokeTestMethods(TestInvoker.java:203)
at org.testng.internal.invokers.TestMethodWorker.invokeTestMethods(TestMethodWorker.java:154)
at org.testng.internal.invokers.TestMethodWorker.run(TestMethodWorker.java:134)
at java.base/java.util.ArrayList.forEach(ArrayList.java:1541)
at org.testng.TestRunner.privateRun(TestRunner.java:739)
at org.testng.TestRunner.run(TestRunner.java:614)
at org.testng.SuiteRunner.runTest(SuiteRunner.java:421)
at org.testng.SuiteRunner.runSequentially(SuiteRunner.java:413)
at org.testng.SuiteRunner.privateRun(SuiteRunner.java:373)
at org.testng.SuiteRunner.run(SuiteRunner.java:312)
at org.testng.SuiteRunnerWorker.runSuite(SuiteRunnerWorker.java:52)
at org.testng.SuiteRunnerWorker.run(SuiteRunnerWorker.java:95)
at org.testng.TestNG.runSuitesSequentially(TestNG.java:1274)
at org.testng.TestNG.runSuitesLocally(TestNG.java:1208)
at org.testng.TestNG.runSuites(TestNG.java:1112)
at org.testng.TestNG.run(TestNG.java:1079)
at org.apache.maven.surefire.testng.TestNGExecutor.run(TestNGExecutor.java:308)
at org.apache.maven.surefire.testng.TestNGXmlTestSuite.execute(TestNGXmlTestSuite.java:71)
at org.apache.maven.surefire.testng.TestNGProvider.invoke(TestNGProvider.java:113)
at org.apache.maven.surefire.booter.ForkedBooter.runSuitesInProcess(ForkedBooter.java:385)
at org.apache.maven.surefire.booter.ForkedBooter.execute(ForkedBooter.java:162)
at org.apache.maven.surefire.booter.ForkedBooter.run(ForkedBooter.java:507)
at org.apache.maven.surefire.booter.ForkedBooter.main(ForkedBooter.java:495)
]]>
            </full-stacktrace>
          </exception> <!-- java.lang.AssertionError -->
          <reporter-output>
          </reporter-output>
        </test-method> <!-- hardassertion -->
      </class> <!-- TestNG_AssertionsTesting.HardAssertionTest -->
      <class name="TestNG_ParallelTestingUsingXML.ParallelTestingUsingXML">
        <test-method is-config="true" signature="setup(java.lang.String)[pri:0, instance:TestNG_ParallelTestingUsingXML.ParallelTestingUsingXML@2484f433]" started-at="2024-07-27T17:09:46 IST" name="setup" finished-at="1970-01-01T05:30:00 IST" duration-ms="-1722080386210" status="FAIL">
          <exception class="org.testng.TestNGException">
            <message>
              <![CDATA[
Parameter 'browser' is required by BeforeClass on method setup but has not been marked @Optional or defined
in G:\ECLIPSE WORKSPACE\SeleniumAndTestNGTraining\SeleniumAutomationTesting\testng.xml]]>
            </message>
            <full-stacktrace>
              <![CDATA[org.testng.TestNGException: 
Parameter 'browser' is required by BeforeClass on method setup but has not been marked @Optional or defined
in G:\ECLIPSE WORKSPACE\SeleniumAndTestNGTraining\SeleniumAutomationTesting\testng.xml
at org.testng.internal.Parameters.createParams(Parameters.java:264)
at org.testng.internal.Parameters.createParametersForMethod(Parameters.java:352)
at org.testng.internal.Parameters.createParameters(Parameters.java:690)
at org.testng.internal.Parameters.createConfigurationParameters(Parameters.java:163)
at org.testng.internal.invokers.ConfigInvoker.invokeConfigurations(ConfigInvoker.java:313)
at org.testng.internal.invokers.TestMethodWorker.invokeBeforeClassMethods(TestMethodWorker.java:188)
at org.testng.internal.invokers.TestMethodWorker.run(TestMethodWorker.java:128)
at java.base/java.util.ArrayList.forEach(ArrayList.java:1541)
at org.testng.TestRunner.privateRun(TestRunner.java:739)
at org.testng.TestRunner.run(TestRunner.java:614)
at org.testng.SuiteRunner.runTest(SuiteRunner.java:421)
at org.testng.SuiteRunner.runSequentially(SuiteRunner.java:413)
at org.testng.SuiteRunner.privateRun(SuiteRunner.java:373)
at org.testng.SuiteRunner.run(SuiteRunner.java:312)
at org.testng.SuiteRunnerWorker.runSuite(SuiteRunnerWorker.java:52)
at org.testng.SuiteRunnerWorker.run(SuiteRunnerWorker.java:95)
at org.testng.TestNG.runSuitesSequentially(TestNG.java:1274)
at org.testng.TestNG.runSuitesLocally(TestNG.java:1208)
at org.testng.TestNG.runSuites(TestNG.java:1112)
at org.testng.TestNG.run(TestNG.java:1079)
at org.apache.maven.surefire.testng.TestNGExecutor.run(TestNGExecutor.java:308)
at org.apache.maven.surefire.testng.TestNGXmlTestSuite.execute(TestNGXmlTestSuite.java:71)
at org.apache.maven.surefire.testng.TestNGProvider.invoke(TestNGProvider.java:113)
at org.apache.maven.surefire.booter.ForkedBooter.runSuitesInProcess(ForkedBooter.java:385)
at org.apache.maven.surefire.booter.ForkedBooter.execute(ForkedBooter.java:162)
at org.apache.maven.surefire.booter.ForkedBooter.run(ForkedBooter.java:507)
at org.apache.maven.surefire.booter.ForkedBooter.main(ForkedBooter.java:495)
]]>
            </full-stacktrace>
          </exception> <!-- org.testng.TestNGException -->
          <reporter-output>
          </reporter-output>
        </test-method> <!-- setup -->
        <test-method signature="logintest()[pri:0, instance:TestNG_ParallelTestingUsingXML.ParallelTestingUsingXML@2484f433]" started-at="2024-07-27T17:09:46 IST" name="logintest" finished-at="2024-07-27T17:09:46 IST" duration-ms="0" status="SKIP">
          <exception class="org.testng.TestNGException">
            <message>
              <![CDATA[
Parameter 'browser' is required by BeforeClass on method setup but has not been marked @Optional or defined
in G:\ECLIPSE WORKSPACE\SeleniumAndTestNGTraining\SeleniumAutomationTesting\testng.xml]]>
            </message>
            <full-stacktrace>
              <![CDATA[org.testng.TestNGException: 
Parameter 'browser' is required by BeforeClass on method setup but has not been marked @Optional or defined
in G:\ECLIPSE WORKSPACE\SeleniumAndTestNGTraining\SeleniumAutomationTesting\testng.xml
at org.testng.internal.Parameters.createParams(Parameters.java:264)
at org.testng.internal.Parameters.createParametersForMethod(Parameters.java:352)
at org.testng.internal.Parameters.createParameters(Parameters.java:690)
at org.testng.internal.Parameters.createConfigurationParameters(Parameters.java:163)
at org.testng.internal.invokers.ConfigInvoker.invokeConfigurations(ConfigInvoker.java:313)
at org.testng.internal.invokers.TestMethodWorker.invokeBeforeClassMethods(TestMethodWorker.java:188)
at org.testng.internal.invokers.TestMethodWorker.run(TestMethodWorker.java:128)
at java.base/java.util.ArrayList.forEach(ArrayList.java:1541)
at org.testng.TestRunner.privateRun(TestRunner.java:739)
at org.testng.TestRunner.run(TestRunner.java:614)
at org.testng.SuiteRunner.runTest(SuiteRunner.java:421)
at org.testng.SuiteRunner.runSequentially(SuiteRunner.java:413)
at org.testng.SuiteRunner.privateRun(SuiteRunner.java:373)
at org.testng.SuiteRunner.run(SuiteRunner.java:312)
at org.testng.SuiteRunnerWorker.runSuite(SuiteRunnerWorker.java:52)
at org.testng.SuiteRunnerWorker.run(SuiteRunnerWorker.java:95)
at org.testng.TestNG.runSuitesSequentially(TestNG.java:1274)
at org.testng.TestNG.runSuitesLocally(TestNG.java:1208)
at org.testng.TestNG.runSuites(TestNG.java:1112)
at org.testng.TestNG.run(TestNG.java:1079)
at org.apache.maven.surefire.testng.TestNGExecutor.run(TestNGExecutor.java:308)
at org.apache.maven.surefire.testng.TestNGXmlTestSuite.execute(TestNGXmlTestSuite.java:71)
at org.apache.maven.surefire.testng.TestNGProvider.invoke(TestNGProvider.java:113)
at org.apache.maven.surefire.booter.ForkedBooter.runSuitesInProcess(ForkedBooter.java:385)
at org.apache.maven.surefire.booter.ForkedBooter.execute(ForkedBooter.java:162)
at org.apache.maven.surefire.booter.ForkedBooter.run(ForkedBooter.java:507)
at org.apache.maven.surefire.booter.ForkedBooter.main(ForkedBooter.java:495)
]]>
            </full-stacktrace>
          </exception> <!-- org.testng.TestNGException -->
          <reporter-output>
          </reporter-output>
        </test-method> <!-- logintest -->
        <test-method is-config="true" signature="teardown()[pri:0, instance:TestNG_ParallelTestingUsingXML.ParallelTestingUsingXML@2484f433]" started-at="2024-07-27T17:09:46 IST" name="teardown" finished-at="2024-07-27T17:09:46 IST" duration-ms="0" status="SKIP">
          <reporter-output>
          </reporter-output>
        </test-method> <!-- teardown -->
      </class> <!-- TestNG_ParallelTestingUsingXML.ParallelTestingUsingXML -->
      <class name="TestNG_DataProviderAnnotation.DataProviderAnnotationTesting">
        <test-method is-config="true" signature="setup()[pri:0, instance:TestNG_DataProviderAnnotation.DataProviderAnnotationTesting@34645867]" started-at="2024-07-27T17:08:58 IST" name="setup" finished-at="2024-07-27T17:08:59 IST" duration-ms="1095" status="PASS">
          <reporter-output>
          </reporter-output>
        </test-method> <!-- setup -->
        <test-method signature="logintest(java.lang.String,java.lang.String)[pri:0, instance:TestNG_DataProviderAnnotation.DataProviderAnnotationTesting@34645867]" started-at="2024-07-27T17:08:59 IST" name="logintest" data-provider="tr" finished-at="2024-07-27T17:09:10 IST" duration-ms="11698" status="FAIL">
          <params>
            <param index="0">
              <value>
                <![CDATA[JohnFK@test.com]]>
              </value>
            </param>
            <param index="1">
              <value>
                <![CDATA[John!123]]>
              </value>
            </param>
          </params>
          <exception class="org.openqa.selenium.NoSuchElementException">
            <message>
              <![CDATA[no such element: Unable to locate element: {"method":"xpath","selector":"//h2[normalize-space()='My Account']"}
  (Session info: chrome=127.0.6533.72)
For documentation on this error, please visit: https://www.selenium.dev/documentation/webdriver/troubleshooting/errors#no-such-element-exception
Build info: version: '4.22.0', revision: 'c5f3146703*'
System info: os.name: 'Windows 11', os.arch: 'amd64', os.version: '10.0', java.version: '11.0.22'
Driver info: org.openqa.selenium.chrome.ChromeDriver
Command: [4d9da2fe6092e3c0283ba03b04163cb0, findElement {value=//h2[normalize-space()='My Account'], using=xpath}]
Capabilities {acceptInsecureCerts: false, browserName: chrome, browserVersion: 127.0.6533.72, chrome: {chromedriverVersion: 127.0.6533.72 (9755e24ca85a..., userDataDir: C:\Users\bhims\AppData\Loca...}, fedcm:accounts: true, goog:chromeOptions: {debuggerAddress: localhost:65135}, networkConnectionEnabled: false, pageLoadStrategy: normal, platformName: windows, proxy: Proxy(), se:cdp: ws://localhost:65135/devtoo..., se:cdpVersion: 127.0.6533.72, setWindowRect: true, strictFileInteractability: false, timeouts: {implicit: 0, pageLoad: 300000, script: 30000}, unhandledPromptBehavior: dismiss and notify, webauthn:extension:credBlob: true, webauthn:extension:largeBlob: true, webauthn:extension:minPinLength: true, webauthn:extension:prf: true, webauthn:virtualAuthenticators: true}
Session ID: 4d9da2fe6092e3c0283ba03b04163cb0]]>
            </message>
            <full-stacktrace>
              <![CDATA[org.openqa.selenium.NoSuchElementException: no such element: Unable to locate element: {"method":"xpath","selector":"//h2[normalize-space()='My Account']"}
  (Session info: chrome=127.0.6533.72)
For documentation on this error, please visit: https://www.selenium.dev/documentation/webdriver/troubleshooting/errors#no-such-element-exception
Build info: version: '4.22.0', revision: 'c5f3146703*'
System info: os.name: 'Windows 11', os.arch: 'amd64', os.version: '10.0', java.version: '11.0.22'
Driver info: org.openqa.selenium.chrome.ChromeDriver
Command: [4d9da2fe6092e3c0283ba03b04163cb0, findElement {value=//h2[normalize-space()='My Account'], using=xpath}]
Capabilities {acceptInsecureCerts: false, browserName: chrome, browserVersion: 127.0.6533.72, chrome: {chromedriverVersion: 127.0.6533.72 (9755e24ca85a..., userDataDir: C:\Users\bhims\AppData\Loca...}, fedcm:accounts: true, goog:chromeOptions: {debuggerAddress: localhost:65135}, networkConnectionEnabled: false, pageLoadStrategy: normal, platformName: windows, proxy: Proxy(), se:cdp: ws://localhost:65135/devtoo..., se:cdpVersion: 127.0.6533.72, setWindowRect: true, strictFileInteractability: false, timeouts: {implicit: 0, pageLoad: 300000, script: 30000}, unhandledPromptBehavior: dismiss and notify, webauthn:extension:credBlob: true, webauthn:extension:largeBlob: true, webauthn:extension:minPinLength: true, webauthn:extension:prf: true, webauthn:virtualAuthenticators: true}
Session ID: 4d9da2fe6092e3c0283ba03b04163cb0
at java.base/jdk.internal.reflect.NativeConstructorAccessorImpl.newInstance0(Native Method)
at java.base/jdk.internal.reflect.NativeConstructorAccessorImpl.newInstance(NativeConstructorAccessorImpl.java:62)
at java.base/jdk.internal.reflect.DelegatingConstructorAccessorImpl.newInstance(DelegatingConstructorAccessorImpl.java:45)
at java.base/java.lang.reflect.Constructor.newInstance(Constructor.java:490)
at org.openqa.selenium.remote.ErrorCodec.decode(ErrorCodec.java:167)
at org.openqa.selenium.remote.codec.w3c.W3CHttpResponseCodec.decode(W3CHttpResponseCodec.java:138)
at org.openqa.selenium.remote.codec.w3c.W3CHttpResponseCodec.decode(W3CHttpResponseCodec.java:50)
at org.openqa.selenium.remote.HttpCommandExecutor.execute(HttpCommandExecutor.java:190)
at org.openqa.selenium.remote.service.DriverCommandExecutor.invokeExecute(DriverCommandExecutor.java:216)
at org.openqa.selenium.remote.service.DriverCommandExecutor.execute(DriverCommandExecutor.java:174)
at org.openqa.selenium.remote.RemoteWebDriver.execute(RemoteWebDriver.java:518)
at org.openqa.selenium.remote.ElementLocation$ElementFinder$2.findElement(ElementLocation.java:165)
at org.openqa.selenium.remote.ElementLocation.findElement(ElementLocation.java:59)
at org.openqa.selenium.remote.RemoteWebDriver.findElement(RemoteWebDriver.java:355)
at org.openqa.selenium.remote.RemoteWebDriver.findElement(RemoteWebDriver.java:349)
at TestNG_DataProviderAnnotation.DataProviderAnnotationTesting.logintest(DataProviderAnnotationTesting.java:33)
at java.base/jdk.internal.reflect.NativeMethodAccessorImpl.invoke0(Native Method)
at java.base/jdk.internal.reflect.NativeMethodAccessorImpl.invoke(NativeMethodAccessorImpl.java:62)
at java.base/jdk.internal.reflect.DelegatingMethodAccessorImpl.invoke(DelegatingMethodAccessorImpl.java:43)
at java.base/java.lang.reflect.Method.invoke(Method.java:566)
at org.testng.internal.invokers.MethodInvocationHelper.invokeMethod(MethodInvocationHelper.java:141)
at org.testng.internal.invokers.TestInvoker.invokeMethod(TestInvoker.java:686)
at org.testng.internal.invokers.TestInvoker.invokeTestMethod(TestInvoker.java:230)
at org.testng.internal.invokers.MethodRunner.runInSequence(MethodRunner.java:63)
at org.testng.internal.invokers.TestInvoker$MethodInvocationAgent.invoke(TestInvoker.java:992)
at org.testng.internal.invokers.TestInvoker.invokeTestMethods(TestInvoker.java:203)
at org.testng.internal.invokers.TestMethodWorker.invokeTestMethods(TestMethodWorker.java:154)
at org.testng.internal.invokers.TestMethodWorker.run(TestMethodWorker.java:134)
at java.base/java.util.ArrayList.forEach(ArrayList.java:1541)
at org.testng.TestRunner.privateRun(TestRunner.java:739)
at org.testng.TestRunner.run(TestRunner.java:614)
at org.testng.SuiteRunner.runTest(SuiteRunner.java:421)
at org.testng.SuiteRunner.runSequentially(SuiteRunner.java:413)
at org.testng.SuiteRunner.privateRun(SuiteRunner.java:373)
at org.testng.SuiteRunner.run(SuiteRunner.java:312)
at org.testng.SuiteRunnerWorker.runSuite(SuiteRunnerWorker.java:52)
at org.testng.SuiteRunnerWorker.run(SuiteRunnerWorker.java:95)
at org.testng.TestNG.runSuitesSequentially(TestNG.java:1274)
at org.testng.TestNG.runSuitesLocally(TestNG.java:1208)
at org.testng.TestNG.runSuites(TestNG.java:1112)
at org.testng.TestNG.run(TestNG.java:1079)
at org.apache.maven.surefire.testng.TestNGExecutor.run(TestNGExecutor.java:308)
at org.apache.maven.surefire.testng.TestNGXmlTestSuite.execute(TestNGXmlTestSuite.java:71)
at org.apache.maven.surefire.testng.TestNGProvider.invoke(TestNGProvider.java:113)
at org.apache.maven.surefire.booter.ForkedBooter.runSuitesInProcess(ForkedBooter.java:385)
at org.apache.maven.surefire.booter.ForkedBooter.execute(ForkedBooter.java:162)
at org.apache.maven.surefire.booter.ForkedBooter.run(ForkedBooter.java:507)
at org.apache.maven.surefire.booter.ForkedBooter.main(ForkedBooter.java:495)
]]>
            </full-stacktrace>
          </exception> <!-- org.openqa.selenium.NoSuchElementException -->
          <reporter-output>
          </reporter-output>
        </test-method> <!-- logintest -->
        <test-method signature="logintest(java.lang.String,java.lang.String)[pri:0, instance:TestNG_DataProviderAnnotation.DataProviderAnnotationTesting@34645867]" started-at="2024-07-27T17:09:10 IST" name="logintest" data-provider="tr" finished-at="2024-07-27T17:09:22 IST" duration-ms="11052" status="FAIL">
          <params>
            <param index="0">
              <value>
                <![CDATA[AmandaW@demo.com]]>
              </value>
            </param>
            <param index="1">
              <value>
                <![CDATA[AM@W123]]>
              </value>
            </param>
          </params>
          <exception class="org.openqa.selenium.NoSuchElementException">
            <message>
              <![CDATA[no such element: Unable to locate element: {"method":"xpath","selector":"//h2[normalize-space()='My Account']"}
  (Session info: chrome=127.0.6533.72)
For documentation on this error, please visit: https://www.selenium.dev/documentation/webdriver/troubleshooting/errors#no-such-element-exception
Build info: version: '4.22.0', revision: 'c5f3146703*'
System info: os.name: 'Windows 11', os.arch: 'amd64', os.version: '10.0', java.version: '11.0.22'
Driver info: org.openqa.selenium.chrome.ChromeDriver
Command: [4d9da2fe6092e3c0283ba03b04163cb0, findElement {value=//h2[normalize-space()='My Account'], using=xpath}]
Capabilities {acceptInsecureCerts: false, browserName: chrome, browserVersion: 127.0.6533.72, chrome: {chromedriverVersion: 127.0.6533.72 (9755e24ca85a..., userDataDir: C:\Users\bhims\AppData\Loca...}, fedcm:accounts: true, goog:chromeOptions: {debuggerAddress: localhost:65135}, networkConnectionEnabled: false, pageLoadStrategy: normal, platformName: windows, proxy: Proxy(), se:cdp: ws://localhost:65135/devtoo..., se:cdpVersion: 127.0.6533.72, setWindowRect: true, strictFileInteractability: false, timeouts: {implicit: 0, pageLoad: 300000, script: 30000}, unhandledPromptBehavior: dismiss and notify, webauthn:extension:credBlob: true, webauthn:extension:largeBlob: true, webauthn:extension:minPinLength: true, webauthn:extension:prf: true, webauthn:virtualAuthenticators: true}
Session ID: 4d9da2fe6092e3c0283ba03b04163cb0]]>
            </message>
            <full-stacktrace>
              <![CDATA[org.openqa.selenium.NoSuchElementException: no such element: Unable to locate element: {"method":"xpath","selector":"//h2[normalize-space()='My Account']"}
  (Session info: chrome=127.0.6533.72)
For documentation on this error, please visit: https://www.selenium.dev/documentation/webdriver/troubleshooting/errors#no-such-element-exception
Build info: version: '4.22.0', revision: 'c5f3146703*'
System info: os.name: 'Windows 11', os.arch: 'amd64', os.version: '10.0', java.version: '11.0.22'
Driver info: org.openqa.selenium.chrome.ChromeDriver
Command: [4d9da2fe6092e3c0283ba03b04163cb0, findElement {value=//h2[normalize-space()='My Account'], using=xpath}]
Capabilities {acceptInsecureCerts: false, browserName: chrome, browserVersion: 127.0.6533.72, chrome: {chromedriverVersion: 127.0.6533.72 (9755e24ca85a..., userDataDir: C:\Users\bhims\AppData\Loca...}, fedcm:accounts: true, goog:chromeOptions: {debuggerAddress: localhost:65135}, networkConnectionEnabled: false, pageLoadStrategy: normal, platformName: windows, proxy: Proxy(), se:cdp: ws://localhost:65135/devtoo..., se:cdpVersion: 127.0.6533.72, setWindowRect: true, strictFileInteractability: false, timeouts: {implicit: 0, pageLoad: 300000, script: 30000}, unhandledPromptBehavior: dismiss and notify, webauthn:extension:credBlob: true, webauthn:extension:largeBlob: true, webauthn:extension:minPinLength: true, webauthn:extension:prf: true, webauthn:virtualAuthenticators: true}
Session ID: 4d9da2fe6092e3c0283ba03b04163cb0
at java.base/jdk.internal.reflect.NativeConstructorAccessorImpl.newInstance0(Native Method)
at java.base/jdk.internal.reflect.NativeConstructorAccessorImpl.newInstance(NativeConstructorAccessorImpl.java:62)
at java.base/jdk.internal.reflect.DelegatingConstructorAccessorImpl.newInstance(DelegatingConstructorAccessorImpl.java:45)
at java.base/java.lang.reflect.Constructor.newInstance(Constructor.java:490)
at org.openqa.selenium.remote.ErrorCodec.decode(ErrorCodec.java:167)
at org.openqa.selenium.remote.codec.w3c.W3CHttpResponseCodec.decode(W3CHttpResponseCodec.java:138)
at org.openqa.selenium.remote.codec.w3c.W3CHttpResponseCodec.decode(W3CHttpResponseCodec.java:50)
at org.openqa.selenium.remote.HttpCommandExecutor.execute(HttpCommandExecutor.java:190)
at org.openqa.selenium.remote.service.DriverCommandExecutor.invokeExecute(DriverCommandExecutor.java:216)
at org.openqa.selenium.remote.service.DriverCommandExecutor.execute(DriverCommandExecutor.java:174)
at org.openqa.selenium.remote.RemoteWebDriver.execute(RemoteWebDriver.java:518)
at org.openqa.selenium.remote.ElementLocation$ElementFinder$2.findElement(ElementLocation.java:165)
at org.openqa.selenium.remote.ElementLocation.findElement(ElementLocation.java:59)
at org.openqa.selenium.remote.RemoteWebDriver.findElement(RemoteWebDriver.java:355)
at org.openqa.selenium.remote.RemoteWebDriver.findElement(RemoteWebDriver.java:349)
at TestNG_DataProviderAnnotation.DataProviderAnnotationTesting.logintest(DataProviderAnnotationTesting.java:33)
at java.base/jdk.internal.reflect.NativeMethodAccessorImpl.invoke0(Native Method)
at java.base/jdk.internal.reflect.NativeMethodAccessorImpl.invoke(NativeMethodAccessorImpl.java:62)
at java.base/jdk.internal.reflect.DelegatingMethodAccessorImpl.invoke(DelegatingMethodAccessorImpl.java:43)
at java.base/java.lang.reflect.Method.invoke(Method.java:566)
at org.testng.internal.invokers.MethodInvocationHelper.invokeMethod(MethodInvocationHelper.java:141)
at org.testng.internal.invokers.TestInvoker.invokeMethod(TestInvoker.java:686)
at org.testng.internal.invokers.TestInvoker.invokeTestMethod(TestInvoker.java:230)
at org.testng.internal.invokers.MethodRunner.runInSequence(MethodRunner.java:63)
at org.testng.internal.invokers.TestInvoker$MethodInvocationAgent.invoke(TestInvoker.java:992)
at org.testng.internal.invokers.TestInvoker.invokeTestMethods(TestInvoker.java:203)
at org.testng.internal.invokers.TestMethodWorker.invokeTestMethods(TestMethodWorker.java:154)
at org.testng.internal.invokers.TestMethodWorker.run(TestMethodWorker.java:134)
at java.base/java.util.ArrayList.forEach(ArrayList.java:1541)
at org.testng.TestRunner.privateRun(TestRunner.java:739)
at org.testng.TestRunner.run(TestRunner.java:614)
at org.testng.SuiteRunner.runTest(SuiteRunner.java:421)
at org.testng.SuiteRunner.runSequentially(SuiteRunner.java:413)
at org.testng.SuiteRunner.privateRun(SuiteRunner.java:373)
at org.testng.SuiteRunner.run(SuiteRunner.java:312)
at org.testng.SuiteRunnerWorker.runSuite(SuiteRunnerWorker.java:52)
at org.testng.SuiteRunnerWorker.run(SuiteRunnerWorker.java:95)
at org.testng.TestNG.runSuitesSequentially(TestNG.java:1274)
at org.testng.TestNG.runSuitesLocally(TestNG.java:1208)
at org.testng.TestNG.runSuites(TestNG.java:1112)
at org.testng.TestNG.run(TestNG.java:1079)
at org.apache.maven.surefire.testng.TestNGExecutor.run(TestNGExecutor.java:308)
at org.apache.maven.surefire.testng.TestNGXmlTestSuite.execute(TestNGXmlTestSuite.java:71)
at org.apache.maven.surefire.testng.TestNGProvider.invoke(TestNGProvider.java:113)
at org.apache.maven.surefire.booter.ForkedBooter.runSuitesInProcess(ForkedBooter.java:385)
at org.apache.maven.surefire.booter.ForkedBooter.execute(ForkedBooter.java:162)
at org.apache.maven.surefire.booter.ForkedBooter.run(ForkedBooter.java:507)
at org.apache.maven.surefire.booter.ForkedBooter.main(ForkedBooter.java:495)
]]>
            </full-stacktrace>
          </exception> <!-- org.openqa.selenium.NoSuchElementException -->
          <reporter-output>
          </reporter-output>
        </test-method> <!-- logintest -->
        <test-method signature="logintest(java.lang.String,java.lang.String)[pri:0, instance:TestNG_DataProviderAnnotation.DataProviderAnnotationTesting@34645867]" started-at="2024-07-27T17:09:22 IST" name="logintest" data-provider="tr" finished-at="2024-07-27T17:09:33 IST" duration-ms="11203" status="FAIL">
          <params>
            <param index="0">
              <value>
                <![CDATA[janedoe@123.com]]>
              </value>
            </param>
            <param index="1">
              <value>
                <![CDATA[Jane@doe321]]>
              </value>
            </param>
          </params>
          <exception class="org.openqa.selenium.NoSuchElementException">
            <message>
              <![CDATA[no such element: Unable to locate element: {"method":"xpath","selector":"//h2[normalize-space()='My Account']"}
  (Session info: chrome=127.0.6533.72)
For documentation on this error, please visit: https://www.selenium.dev/documentation/webdriver/troubleshooting/errors#no-such-element-exception
Build info: version: '4.22.0', revision: 'c5f3146703*'
System info: os.name: 'Windows 11', os.arch: 'amd64', os.version: '10.0', java.version: '11.0.22'
Driver info: org.openqa.selenium.chrome.ChromeDriver
Command: [4d9da2fe6092e3c0283ba03b04163cb0, findElement {value=//h2[normalize-space()='My Account'], using=xpath}]
Capabilities {acceptInsecureCerts: false, browserName: chrome, browserVersion: 127.0.6533.72, chrome: {chromedriverVersion: 127.0.6533.72 (9755e24ca85a..., userDataDir: C:\Users\bhims\AppData\Loca...}, fedcm:accounts: true, goog:chromeOptions: {debuggerAddress: localhost:65135}, networkConnectionEnabled: false, pageLoadStrategy: normal, platformName: windows, proxy: Proxy(), se:cdp: ws://localhost:65135/devtoo..., se:cdpVersion: 127.0.6533.72, setWindowRect: true, strictFileInteractability: false, timeouts: {implicit: 0, pageLoad: 300000, script: 30000}, unhandledPromptBehavior: dismiss and notify, webauthn:extension:credBlob: true, webauthn:extension:largeBlob: true, webauthn:extension:minPinLength: true, webauthn:extension:prf: true, webauthn:virtualAuthenticators: true}
Session ID: 4d9da2fe6092e3c0283ba03b04163cb0]]>
            </message>
            <full-stacktrace>
              <![CDATA[org.openqa.selenium.NoSuchElementException: no such element: Unable to locate element: {"method":"xpath","selector":"//h2[normalize-space()='My Account']"}
  (Session info: chrome=127.0.6533.72)
For documentation on this error, please visit: https://www.selenium.dev/documentation/webdriver/troubleshooting/errors#no-such-element-exception
Build info: version: '4.22.0', revision: 'c5f3146703*'
System info: os.name: 'Windows 11', os.arch: 'amd64', os.version: '10.0', java.version: '11.0.22'
Driver info: org.openqa.selenium.chrome.ChromeDriver
Command: [4d9da2fe6092e3c0283ba03b04163cb0, findElement {value=//h2[normalize-space()='My Account'], using=xpath}]
Capabilities {acceptInsecureCerts: false, browserName: chrome, browserVersion: 127.0.6533.72, chrome: {chromedriverVersion: 127.0.6533.72 (9755e24ca85a..., userDataDir: C:\Users\bhims\AppData\Loca...}, fedcm:accounts: true, goog:chromeOptions: {debuggerAddress: localhost:65135}, networkConnectionEnabled: false, pageLoadStrategy: normal, platformName: windows, proxy: Proxy(), se:cdp: ws://localhost:65135/devtoo..., se:cdpVersion: 127.0.6533.72, setWindowRect: true, strictFileInteractability: false, timeouts: {implicit: 0, pageLoad: 300000, script: 30000}, unhandledPromptBehavior: dismiss and notify, webauthn:extension:credBlob: true, webauthn:extension:largeBlob: true, webauthn:extension:minPinLength: true, webauthn:extension:prf: true, webauthn:virtualAuthenticators: true}
Session ID: 4d9da2fe6092e3c0283ba03b04163cb0
at java.base/jdk.internal.reflect.NativeConstructorAccessorImpl.newInstance0(Native Method)
at java.base/jdk.internal.reflect.NativeConstructorAccessorImpl.newInstance(NativeConstructorAccessorImpl.java:62)
at java.base/jdk.internal.reflect.DelegatingConstructorAccessorImpl.newInstance(DelegatingConstructorAccessorImpl.java:45)
at java.base/java.lang.reflect.Constructor.newInstance(Constructor.java:490)
at org.openqa.selenium.remote.ErrorCodec.decode(ErrorCodec.java:167)
at org.openqa.selenium.remote.codec.w3c.W3CHttpResponseCodec.decode(W3CHttpResponseCodec.java:138)
at org.openqa.selenium.remote.codec.w3c.W3CHttpResponseCodec.decode(W3CHttpResponseCodec.java:50)
at org.openqa.selenium.remote.HttpCommandExecutor.execute(HttpCommandExecutor.java:190)
at org.openqa.selenium.remote.service.DriverCommandExecutor.invokeExecute(DriverCommandExecutor.java:216)
at org.openqa.selenium.remote.service.DriverCommandExecutor.execute(DriverCommandExecutor.java:174)
at org.openqa.selenium.remote.RemoteWebDriver.execute(RemoteWebDriver.java:518)
at org.openqa.selenium.remote.ElementLocation$ElementFinder$2.findElement(ElementLocation.java:165)
at org.openqa.selenium.remote.ElementLocation.findElement(ElementLocation.java:59)
at org.openqa.selenium.remote.RemoteWebDriver.findElement(RemoteWebDriver.java:355)
at org.openqa.selenium.remote.RemoteWebDriver.findElement(RemoteWebDriver.java:349)
at TestNG_DataProviderAnnotation.DataProviderAnnotationTesting.logintest(DataProviderAnnotationTesting.java:33)
at java.base/jdk.internal.reflect.NativeMethodAccessorImpl.invoke0(Native Method)
at java.base/jdk.internal.reflect.NativeMethodAccessorImpl.invoke(NativeMethodAccessorImpl.java:62)
at java.base/jdk.internal.reflect.DelegatingMethodAccessorImpl.invoke(DelegatingMethodAccessorImpl.java:43)
at java.base/java.lang.reflect.Method.invoke(Method.java:566)
at org.testng.internal.invokers.MethodInvocationHelper.invokeMethod(MethodInvocationHelper.java:141)
at org.testng.internal.invokers.TestInvoker.invokeMethod(TestInvoker.java:686)
at org.testng.internal.invokers.TestInvoker.invokeTestMethod(TestInvoker.java:230)
at org.testng.internal.invokers.MethodRunner.runInSequence(MethodRunner.java:63)
at org.testng.internal.invokers.TestInvoker$MethodInvocationAgent.invoke(TestInvoker.java:992)
at org.testng.internal.invokers.TestInvoker.invokeTestMethods(TestInvoker.java:203)
at org.testng.internal.invokers.TestMethodWorker.invokeTestMethods(TestMethodWorker.java:154)
at org.testng.internal.invokers.TestMethodWorker.run(TestMethodWorker.java:134)
at java.base/java.util.ArrayList.forEach(ArrayList.java:1541)
at org.testng.TestRunner.privateRun(TestRunner.java:739)
at org.testng.TestRunner.run(TestRunner.java:614)
at org.testng.SuiteRunner.runTest(SuiteRunner.java:421)
at org.testng.SuiteRunner.runSequentially(SuiteRunner.java:413)
at org.testng.SuiteRunner.privateRun(SuiteRunner.java:373)
at org.testng.SuiteRunner.run(SuiteRunner.java:312)
at org.testng.SuiteRunnerWorker.runSuite(SuiteRunnerWorker.java:52)
at org.testng.SuiteRunnerWorker.run(SuiteRunnerWorker.java:95)
at org.testng.TestNG.runSuitesSequentially(TestNG.java:1274)
at org.testng.TestNG.runSuitesLocally(TestNG.java:1208)
at org.testng.TestNG.runSuites(TestNG.java:1112)
at org.testng.TestNG.run(TestNG.java:1079)
at org.apache.maven.surefire.testng.TestNGExecutor.run(TestNGExecutor.java:308)
at org.apache.maven.surefire.testng.TestNGXmlTestSuite.execute(TestNGXmlTestSuite.java:71)
at org.apache.maven.surefire.testng.TestNGProvider.invoke(TestNGProvider.java:113)
at org.apache.maven.surefire.booter.ForkedBooter.runSuitesInProcess(ForkedBooter.java:385)
at org.apache.maven.surefire.booter.ForkedBooter.execute(ForkedBooter.java:162)
at org.apache.maven.surefire.booter.ForkedBooter.run(ForkedBooter.java:507)
at org.apache.maven.surefire.booter.ForkedBooter.main(ForkedBooter.java:495)
]]>
            </full-stacktrace>
          </exception> <!-- org.openqa.selenium.NoSuchElementException -->
          <reporter-output>
          </reporter-output>
        </test-method> <!-- logintest -->
        <test-method signature="logintest(java.lang.String,java.lang.String)[pri:0, instance:TestNG_DataProviderAnnotation.DataProviderAnnotationTesting@34645867]" started-at="2024-07-27T17:09:33 IST" name="logintest" data-provider="tr" finished-at="2024-07-27T17:09:34 IST" duration-ms="1790" status="PASS">
          <params>
            <param index="0">
              <value>
                <![CDATA[testdemo@demo.com]]>
              </value>
            </param>
            <param index="1">
              <value>
                <![CDATA[Harsh@123]]>
              </value>
            </param>
          </params>
          <reporter-output>
          </reporter-output>
        </test-method> <!-- logintest -->
        <test-method signature="logintest(java.lang.String,java.lang.String)[pri:0, instance:TestNG_DataProviderAnnotation.DataProviderAnnotationTesting@34645867]" started-at="2024-07-27T17:09:34 IST" name="logintest" data-provider="tr" finished-at="2024-07-27T17:09:45 IST" duration-ms="10990" status="FAIL">
          <params>
            <param index="0">
              <value>
                <![CDATA[RomanR@gmail.com]]>
              </value>
            </param>
            <param index="1">
              <value>
                <![CDATA[RR@Reign3]]>
              </value>
            </param>
          </params>
          <exception class="org.openqa.selenium.NoSuchElementException">
            <message>
              <![CDATA[no such element: Unable to locate element: {"method":"xpath","selector":"//h2[normalize-space()='My Account']"}
  (Session info: chrome=127.0.6533.72)
For documentation on this error, please visit: https://www.selenium.dev/documentation/webdriver/troubleshooting/errors#no-such-element-exception
Build info: version: '4.22.0', revision: 'c5f3146703*'
System info: os.name: 'Windows 11', os.arch: 'amd64', os.version: '10.0', java.version: '11.0.22'
Driver info: org.openqa.selenium.chrome.ChromeDriver
Command: [4d9da2fe6092e3c0283ba03b04163cb0, findElement {value=//h2[normalize-space()='My Account'], using=xpath}]
Capabilities {acceptInsecureCerts: false, browserName: chrome, browserVersion: 127.0.6533.72, chrome: {chromedriverVersion: 127.0.6533.72 (9755e24ca85a..., userDataDir: C:\Users\bhims\AppData\Loca...}, fedcm:accounts: true, goog:chromeOptions: {debuggerAddress: localhost:65135}, networkConnectionEnabled: false, pageLoadStrategy: normal, platformName: windows, proxy: Proxy(), se:cdp: ws://localhost:65135/devtoo..., se:cdpVersion: 127.0.6533.72, setWindowRect: true, strictFileInteractability: false, timeouts: {implicit: 0, pageLoad: 300000, script: 30000}, unhandledPromptBehavior: dismiss and notify, webauthn:extension:credBlob: true, webauthn:extension:largeBlob: true, webauthn:extension:minPinLength: true, webauthn:extension:prf: true, webauthn:virtualAuthenticators: true}
Session ID: 4d9da2fe6092e3c0283ba03b04163cb0]]>
            </message>
            <full-stacktrace>
              <![CDATA[org.openqa.selenium.NoSuchElementException: no such element: Unable to locate element: {"method":"xpath","selector":"//h2[normalize-space()='My Account']"}
  (Session info: chrome=127.0.6533.72)
For documentation on this error, please visit: https://www.selenium.dev/documentation/webdriver/troubleshooting/errors#no-such-element-exception
Build info: version: '4.22.0', revision: 'c5f3146703*'
System info: os.name: 'Windows 11', os.arch: 'amd64', os.version: '10.0', java.version: '11.0.22'
Driver info: org.openqa.selenium.chrome.ChromeDriver
Command: [4d9da2fe6092e3c0283ba03b04163cb0, findElement {value=//h2[normalize-space()='My Account'], using=xpath}]
Capabilities {acceptInsecureCerts: false, browserName: chrome, browserVersion: 127.0.6533.72, chrome: {chromedriverVersion: 127.0.6533.72 (9755e24ca85a..., userDataDir: C:\Users\bhims\AppData\Loca...}, fedcm:accounts: true, goog:chromeOptions: {debuggerAddress: localhost:65135}, networkConnectionEnabled: false, pageLoadStrategy: normal, platformName: windows, proxy: Proxy(), se:cdp: ws://localhost:65135/devtoo..., se:cdpVersion: 127.0.6533.72, setWindowRect: true, strictFileInteractability: false, timeouts: {implicit: 0, pageLoad: 300000, script: 30000}, unhandledPromptBehavior: dismiss and notify, webauthn:extension:credBlob: true, webauthn:extension:largeBlob: true, webauthn:extension:minPinLength: true, webauthn:extension:prf: true, webauthn:virtualAuthenticators: true}
Session ID: 4d9da2fe6092e3c0283ba03b04163cb0
at java.base/jdk.internal.reflect.NativeConstructorAccessorImpl.newInstance0(Native Method)
at java.base/jdk.internal.reflect.NativeConstructorAccessorImpl.newInstance(NativeConstructorAccessorImpl.java:62)
at java.base/jdk.internal.reflect.DelegatingConstructorAccessorImpl.newInstance(DelegatingConstructorAccessorImpl.java:45)
at java.base/java.lang.reflect.Constructor.newInstance(Constructor.java:490)
at org.openqa.selenium.remote.ErrorCodec.decode(ErrorCodec.java:167)
at org.openqa.selenium.remote.codec.w3c.W3CHttpResponseCodec.decode(W3CHttpResponseCodec.java:138)
at org.openqa.selenium.remote.codec.w3c.W3CHttpResponseCodec.decode(W3CHttpResponseCodec.java:50)
at org.openqa.selenium.remote.HttpCommandExecutor.execute(HttpCommandExecutor.java:190)
at org.openqa.selenium.remote.service.DriverCommandExecutor.invokeExecute(DriverCommandExecutor.java:216)
at org.openqa.selenium.remote.service.DriverCommandExecutor.execute(DriverCommandExecutor.java:174)
at org.openqa.selenium.remote.RemoteWebDriver.execute(RemoteWebDriver.java:518)
at org.openqa.selenium.remote.ElementLocation$ElementFinder$2.findElement(ElementLocation.java:165)
at org.openqa.selenium.remote.ElementLocation.findElement(ElementLocation.java:59)
at org.openqa.selenium.remote.RemoteWebDriver.findElement(RemoteWebDriver.java:355)
at org.openqa.selenium.remote.RemoteWebDriver.findElement(RemoteWebDriver.java:349)
at TestNG_DataProviderAnnotation.DataProviderAnnotationTesting.logintest(DataProviderAnnotationTesting.java:33)
at java.base/jdk.internal.reflect.NativeMethodAccessorImpl.invoke0(Native Method)
at java.base/jdk.internal.reflect.NativeMethodAccessorImpl.invoke(NativeMethodAccessorImpl.java:62)
at java.base/jdk.internal.reflect.DelegatingMethodAccessorImpl.invoke(DelegatingMethodAccessorImpl.java:43)
at java.base/java.lang.reflect.Method.invoke(Method.java:566)
at org.testng.internal.invokers.MethodInvocationHelper.invokeMethod(MethodInvocationHelper.java:141)
at org.testng.internal.invokers.TestInvoker.invokeMethod(TestInvoker.java:686)
at org.testng.internal.invokers.TestInvoker.invokeTestMethod(TestInvoker.java:230)
at org.testng.internal.invokers.MethodRunner.runInSequence(MethodRunner.java:63)
at org.testng.internal.invokers.TestInvoker$MethodInvocationAgent.invoke(TestInvoker.java:992)
at org.testng.internal.invokers.TestInvoker.invokeTestMethods(TestInvoker.java:203)
at org.testng.internal.invokers.TestMethodWorker.invokeTestMethods(TestMethodWorker.java:154)
at org.testng.internal.invokers.TestMethodWorker.run(TestMethodWorker.java:134)
at java.base/java.util.ArrayList.forEach(ArrayList.java:1541)
at org.testng.TestRunner.privateRun(TestRunner.java:739)
at org.testng.TestRunner.run(TestRunner.java:614)
at org.testng.SuiteRunner.runTest(SuiteRunner.java:421)
at org.testng.SuiteRunner.runSequentially(SuiteRunner.java:413)
at org.testng.SuiteRunner.privateRun(SuiteRunner.java:373)
at org.testng.SuiteRunner.run(SuiteRunner.java:312)
at org.testng.SuiteRunnerWorker.runSuite(SuiteRunnerWorker.java:52)
at org.testng.SuiteRunnerWorker.run(SuiteRunnerWorker.java:95)
at org.testng.TestNG.runSuitesSequentially(TestNG.java:1274)
at org.testng.TestNG.runSuitesLocally(TestNG.java:1208)
at org.testng.TestNG.runSuites(TestNG.java:1112)
at org.testng.TestNG.run(TestNG.java:1079)
at org.apache.maven.surefire.testng.TestNGExecutor.run(TestNGExecutor.java:308)
at org.apache.maven.surefire.testng.TestNGXmlTestSuite.execute(TestNGXmlTestSuite.java:71)
at org.apache.maven.surefire.testng.TestNGProvider.invoke(TestNGProvider.java:113)
at org.apache.maven.surefire.booter.ForkedBooter.runSuitesInProcess(ForkedBooter.java:385)
at org.apache.maven.surefire.booter.ForkedBooter.execute(ForkedBooter.java:162)
at org.apache.maven.surefire.booter.ForkedBooter.run(ForkedBooter.java:507)
at org.apache.maven.surefire.booter.ForkedBooter.main(ForkedBooter.java:495)
]]>
            </full-stacktrace>
          </exception> <!-- org.openqa.selenium.NoSuchElementException -->
          <reporter-output>
          </reporter-output>
        </test-method> <!-- logintest -->
        <test-method is-config="true" signature="teardown()[pri:0, instance:TestNG_DataProviderAnnotation.DataProviderAnnotationTesting@34645867]" started-at="2024-07-27T17:09:45 IST" name="teardown" finished-at="2024-07-27T17:09:46 IST" duration-ms="220" status="PASS">
          <reporter-output>
          </reporter-output>
        </test-method> <!-- teardown -->
      </class> <!-- TestNG_DataProviderAnnotation.DataProviderAnnotationTesting -->
      <class name="TestNG_AssertionsTesting.SoftAssertionTest">
        <test-method signature="softassertion()[pri:0, instance:TestNG_AssertionsTesting.SoftAssertionTest@60b71e8f]" started-at="2024-07-27T17:09:46 IST" name="softassertion" finished-at="2024-07-27T17:09:46 IST" duration-ms="10" status="FAIL">
          <exception class="java.lang.AssertionError">
            <message>
              <![CDATA[The following asserts failed:
expected [Apple] but found [Android]]]>
            </message>
            <full-stacktrace>
              <![CDATA[java.lang.AssertionError: The following asserts failed:
expected [Apple] but found [Android]
at org.testng.asserts.SoftAssert.assertAll(SoftAssert.java:46)
at org.testng.asserts.SoftAssert.assertAll(SoftAssert.java:30)
at TestNG_AssertionsTesting.SoftAssertionTest.softassertion(SoftAssertionTest.java:28)
at java.base/jdk.internal.reflect.NativeMethodAccessorImpl.invoke0(Native Method)
at java.base/jdk.internal.reflect.NativeMethodAccessorImpl.invoke(NativeMethodAccessorImpl.java:62)
at java.base/jdk.internal.reflect.DelegatingMethodAccessorImpl.invoke(DelegatingMethodAccessorImpl.java:43)
at java.base/java.lang.reflect.Method.invoke(Method.java:566)
at org.testng.internal.invokers.MethodInvocationHelper.invokeMethod(MethodInvocationHelper.java:141)
at org.testng.internal.invokers.TestInvoker.invokeMethod(TestInvoker.java:686)
at org.testng.internal.invokers.TestInvoker.invokeTestMethod(TestInvoker.java:230)
at org.testng.internal.invokers.MethodRunner.runInSequence(MethodRunner.java:63)
at org.testng.internal.invokers.TestInvoker$MethodInvocationAgent.invoke(TestInvoker.java:992)
at org.testng.internal.invokers.TestInvoker.invokeTestMethods(TestInvoker.java:203)
at org.testng.internal.invokers.TestMethodWorker.invokeTestMethods(TestMethodWorker.java:154)
at org.testng.internal.invokers.TestMethodWorker.run(TestMethodWorker.java:134)
at java.base/java.util.ArrayList.forEach(ArrayList.java:1541)
at org.testng.TestRunner.privateRun(TestRunner.java:739)
at org.testng.TestRunner.run(TestRunner.java:614)
at org.testng.SuiteRunner.runTest(SuiteRunner.java:421)
at org.testng.SuiteRunner.runSequentially(SuiteRunner.java:413)
at org.testng.SuiteRunner.privateRun(SuiteRunner.java:373)
at org.testng.SuiteRunner.run(SuiteRunner.java:312)
at org.testng.SuiteRunnerWorker.runSuite(SuiteRunnerWorker.java:52)
at org.testng.SuiteRunnerWorker.run(SuiteRunnerWorker.java:95)
at org.testng.TestNG.runSuitesSequentially(TestNG.java:1274)
at org.testng.TestNG.runSuitesLocally(TestNG.java:1208)
at org.testng.TestNG.runSuites(TestNG.java:1112)
at org.testng.TestNG.run(TestNG.java:1079)
at org.apache.maven.surefire.testng.TestNGExecutor.run(TestNGExecutor.java:308)
at org.apache.maven.surefire.testng.TestNGXmlTestSuite.execute(TestNGXmlTestSuite.java:71)
at org.apache.maven.surefire.testng.TestNGProvider.invoke(TestNGProvider.java:113)
at org.apache.maven.surefire.booter.ForkedBooter.runSuitesInProcess(ForkedBooter.java:385)
at org.apache.maven.surefire.booter.ForkedBooter.execute(ForkedBooter.java:162)
at org.apache.maven.surefire.booter.ForkedBooter.run(ForkedBooter.java:507)
at org.apache.maven.surefire.booter.ForkedBooter.main(ForkedBooter.java:495)
]]>
            </full-stacktrace>
          </exception> <!-- java.lang.AssertionError -->
          <reporter-output>
          </reporter-output>
        </test-method> <!-- softassertion -->
      </class> <!-- TestNG_AssertionsTesting.SoftAssertionTest -->
      <class name="TestNG_ClassAndMethodAnnotationsTesting.BeforeAndAfterClassAnnotations">
        <test-method is-config="true" signature="LoginInApp()[pri:0, instance:TestNG_ClassAndMethodAnnotationsTesting.BeforeAndAfterClassAnnotations@6b5966e1]" started-at="2024-07-27T17:09:46 IST" name="LoginInApp" finished-at="2024-07-27T17:09:46 IST" duration-ms="0" status="PASS">
          <reporter-output>
          </reporter-output>
        </test-method> <!-- LoginInApp -->
        <test-method signature="OpenLinkInApp()[pri:0, instance:TestNG_ClassAndMethodAnnotationsTesting.BeforeAndAfterClassAnnotations@6b5966e1]" started-at="2024-07-27T17:09:46 IST" name="OpenLinkInApp" finished-at="2024-07-27T17:09:46 IST" duration-ms="0" status="PASS">
          <reporter-output>
          </reporter-output>
        </test-method> <!-- OpenLinkInApp -->
        <test-method signature="SearchInApp()[pri:0, instance:TestNG_ClassAndMethodAnnotationsTesting.BeforeAndAfterClassAnnotations@6b5966e1]" started-at="2024-07-27T17:09:46 IST" name="SearchInApp" finished-at="2024-07-27T17:09:46 IST" duration-ms="0" status="PASS">
          <reporter-output>
          </reporter-output>
        </test-method> <!-- SearchInApp -->
        <test-method is-config="true" signature="LogoutFromApp()[pri:0, instance:TestNG_ClassAndMethodAnnotationsTesting.BeforeAndAfterClassAnnotations@6b5966e1]" started-at="2024-07-27T17:09:46 IST" name="LogoutFromApp" finished-at="2024-07-27T17:09:46 IST" duration-ms="0" status="PASS">
          <reporter-output>
          </reporter-output>
        </test-method> <!-- LogoutFromApp -->
      </class> <!-- TestNG_ClassAndMethodAnnotationsTesting.BeforeAndAfterClassAnnotations -->
      <class name="TestNG_GroupingAnnotationTesting.Sanity_Regression_FunctionalGroupTesting">
        <test-method signature="PaymentInFacebookApp()[pri:1, instance:TestNG_GroupingAnnotationTesting.Sanity_Regression_FunctionalGroupTesting@6c345c5f]" started-at="2024-07-27T17:09:46 IST" name="PaymentInFacebookApp" finished-at="2024-07-27T17:09:46 IST" duration-ms="1" status="PASS">
          <reporter-output>
          </reporter-output>
        </test-method> <!-- PaymentInFacebookApp -->
        <test-method signature="PaymentInGoogleApp()[pri:2, instance:TestNG_GroupingAnnotationTesting.Sanity_Regression_FunctionalGroupTesting@6c345c5f]" started-at="2024-07-27T17:09:46 IST" name="PaymentInGoogleApp" finished-at="2024-07-27T17:09:46 IST" duration-ms="0" status="PASS">
          <reporter-output>
          </reporter-output>
        </test-method> <!-- PaymentInGoogleApp -->
        <test-method signature="PaymentInMicroSoftApp()[pri:3, instance:TestNG_GroupingAnnotationTesting.Sanity_Regression_FunctionalGroupTesting@6c345c5f]" started-at="2024-07-27T17:09:46 IST" name="PaymentInMicroSoftApp" finished-at="2024-07-27T17:09:46 IST" duration-ms="0" status="PASS">
          <reporter-output>
          </reporter-output>
        </test-method> <!-- PaymentInMicroSoftApp -->
      </class> <!-- TestNG_GroupingAnnotationTesting.Sanity_Regression_FunctionalGroupTesting -->
      <class name="TestNG_SeleniumTesting.LoginAppUsingTestNG">
        <test-method signature="OpenApp()[pri:1, instance:TestNG_SeleniumTesting.LoginAppUsingTestNG@5f2f577]" started-at="2024-07-27T17:08:52 IST" name="OpenApp" finished-at="2024-07-27T17:08:55 IST" duration-ms="2592" status="PASS">
          <reporter-output>
          </reporter-output>
        </test-method> <!-- OpenApp -->
        <test-method signature="LogininApp()[pri:2, instance:TestNG_SeleniumTesting.LoginAppUsingTestNG@5f2f577]" started-at="2024-07-27T17:08:55 IST" name="LogininApp" finished-at="2024-07-27T17:08:57 IST" duration-ms="2402" status="PASS">
          <reporter-output>
          </reporter-output>
        </test-method> <!-- LogininApp -->
        <test-method signature="HomePageTitleValidation()[pri:3, instance:TestNG_SeleniumTesting.LoginAppUsingTestNG@5f2f577]" started-at="2024-07-27T17:08:57 IST" name="HomePageTitleValidation" finished-at="2024-07-27T17:08:57 IST" duration-ms="11" status="PASS">
          <reporter-output>
          </reporter-output>
        </test-method> <!-- HomePageTitleValidation -->
        <test-method signature="LogOutfromApp()[pri:4, instance:TestNG_SeleniumTesting.LoginAppUsingTestNG@5f2f577]" started-at="2024-07-27T17:08:57 IST" name="LogOutfromApp" finished-at="2024-07-27T17:08:58 IST" duration-ms="190" status="PASS">
          <reporter-output>
          </reporter-output>
        </test-method> <!-- LogOutfromApp -->
      </class> <!-- TestNG_SeleniumTesting.LoginAppUsingTestNG -->
      <class name="TestNG_AssertionsTesting.AssertionsTest">
        <test-method signature="Assertionstest()[pri:0, instance:TestNG_AssertionsTesting.AssertionsTest@7c22d4f]" started-at="2024-07-27T17:09:46 IST" name="Assertionstest" finished-at="2024-07-27T17:09:46 IST" duration-ms="1" status="FAIL">
          <exception class="java.lang.AssertionError">
            <message>
              <![CDATA[did not expect [GoogleMaps] but found [GoogleMaps]]]>
            </message>
            <full-stacktrace>
              <![CDATA[java.lang.AssertionError: did not expect [GoogleMaps] but found [GoogleMaps]
at org.testng.Assert.fail(Assert.java:111)
at org.testng.Assert.failEquals(Assert.java:1582)
at org.testng.Assert.assertNotEqualsImpl(Assert.java:157)
at org.testng.Assert.assertNotEquals(Assert.java:2201)
at org.testng.Assert.assertNotEquals(Assert.java:2223)
at TestNG_AssertionsTesting.AssertionsTest.Assertionstest(AssertionsTest.java:47)
at java.base/jdk.internal.reflect.NativeMethodAccessorImpl.invoke0(Native Method)
at java.base/jdk.internal.reflect.NativeMethodAccessorImpl.invoke(NativeMethodAccessorImpl.java:62)
at java.base/jdk.internal.reflect.DelegatingMethodAccessorImpl.invoke(DelegatingMethodAccessorImpl.java:43)
at java.base/java.lang.reflect.Method.invoke(Method.java:566)
at org.testng.internal.invokers.MethodInvocationHelper.invokeMethod(MethodInvocationHelper.java:141)
at org.testng.internal.invokers.TestInvoker.invokeMethod(TestInvoker.java:686)
at org.testng.internal.invokers.TestInvoker.invokeTestMethod(TestInvoker.java:230)
at org.testng.internal.invokers.MethodRunner.runInSequence(MethodRunner.java:63)
at org.testng.internal.invokers.TestInvoker$MethodInvocationAgent.invoke(TestInvoker.java:992)
at org.testng.internal.invokers.TestInvoker.invokeTestMethods(TestInvoker.java:203)
at org.testng.internal.invokers.TestMethodWorker.invokeTestMethods(TestMethodWorker.java:154)
at org.testng.internal.invokers.TestMethodWorker.run(TestMethodWorker.java:134)
at java.base/java.util.ArrayList.forEach(ArrayList.java:1541)
at org.testng.TestRunner.privateRun(TestRunner.java:739)
at org.testng.TestRunner.run(TestRunner.java:614)
at org.testng.SuiteRunner.runTest(SuiteRunner.java:421)
at org.testng.SuiteRunner.runSequentially(SuiteRunner.java:413)
at org.testng.SuiteRunner.privateRun(SuiteRunner.java:373)
at org.testng.SuiteRunner.run(SuiteRunner.java:312)
at org.testng.SuiteRunnerWorker.runSuite(SuiteRunnerWorker.java:52)
at org.testng.SuiteRunnerWorker.run(SuiteRunnerWorker.java:95)
at org.testng.TestNG.runSuitesSequentially(TestNG.java:1274)
at org.testng.TestNG.runSuitesLocally(TestNG.java:1208)
at org.testng.TestNG.runSuites(TestNG.java:1112)
at org.testng.TestNG.run(TestNG.java:1079)
at org.apache.maven.surefire.testng.TestNGExecutor.run(TestNGExecutor.java:308)
at org.apache.maven.surefire.testng.TestNGXmlTestSuite.execute(TestNGXmlTestSuite.java:71)
at org.apache.maven.surefire.testng.TestNGProvider.invoke(TestNGProvider.java:113)
at org.apache.maven.surefire.booter.ForkedBooter.runSuitesInProcess(ForkedBooter.java:385)
at org.apache.maven.surefire.booter.ForkedBooter.execute(ForkedBooter.java:162)
at org.apache.maven.surefire.booter.ForkedBooter.run(ForkedBooter.java:507)
at org.apache.maven.surefire.booter.ForkedBooter.main(ForkedBooter.java:495)
]]>
            </full-stacktrace>
          </exception> <!-- java.lang.AssertionError -->
          <reporter-output>
          </reporter-output>
        </test-method> <!-- Assertionstest -->
      </class> <!-- TestNG_AssertionsTesting.AssertionsTest -->
    </test> <!-- Test1 -->
    <test started-at="2024-07-27T17:09:46 IST" name="Test2" finished-at="2024-07-27T17:09:49 IST" duration-ms="3551">
      <class name="TestNG_ParallelTestingUsingXML.ParallelTestingUsingXML">
        <test-method is-config="true" signature="setup(java.lang.String)[pri:0, instance:TestNG_ParallelTestingUsingXML.ParallelTestingUsingXML@6e9319f]" started-at="2024-07-27T17:09:46 IST" name="setup" finished-at="2024-07-27T17:09:47 IST" duration-ms="1131" status="PASS">
          <params>
            <param index="0">
              <value>
                <![CDATA[Chrome]]>
              </value>
            </param>
          </params>
          <reporter-output>
          </reporter-output>
        </test-method> <!-- setup -->
        <test-method signature="logintest()[pri:0, instance:TestNG_ParallelTestingUsingXML.ParallelTestingUsingXML@6e9319f]" started-at="2024-07-27T17:09:47 IST" name="logintest" finished-at="2024-07-27T17:09:49 IST" duration-ms="2219" status="PASS">
          <reporter-output>
          </reporter-output>
        </test-method> <!-- logintest -->
        <test-method is-config="true" signature="teardown()[pri:0, instance:TestNG_ParallelTestingUsingXML.ParallelTestingUsingXML@6e9319f]" started-at="2024-07-27T17:09:49 IST" name="teardown" finished-at="2024-07-27T17:09:49 IST" duration-ms="199" status="PASS">
          <reporter-output>
          </reporter-output>
        </test-method> <!-- teardown -->
      </class> <!-- TestNG_ParallelTestingUsingXML.ParallelTestingUsingXML -->
      <class name="TestNG_BeforeAndAfterSuiteTestAnnotationsTesting.SuiteTest3">
        <test-method is-config="true" signature="OpenLink()[pri:0, instance:TestNG_BeforeAndAfterSuiteTestAnnotationsTesting.SuiteTest3@2b62442c]" started-at="2024-07-27T17:08:52 IST" name="OpenLink" finished-at="2024-07-27T17:08:52 IST" duration-ms="0" status="PASS">
          <reporter-output>
          </reporter-output>
        </test-method> <!-- OpenLink -->
        <test-method is-config="true" signature="CloseBrowser()[pri:0, instance:TestNG_BeforeAndAfterSuiteTestAnnotationsTesting.SuiteTest3@2b62442c]" started-at="2024-07-27T17:09:49 IST" name="CloseBrowser" finished-at="2024-07-27T17:09:49 IST" duration-ms="0" status="PASS">
          <reporter-output>
          </reporter-output>
        </test-method> <!-- CloseBrowser -->
      </class> <!-- TestNG_BeforeAndAfterSuiteTestAnnotationsTesting.SuiteTest3 -->
      <class name="TestNG_AllTestAnnotationsTesting.AllTestAnnotationsTesing">
        <test-method is-config="true" signature="OpenLink()[pri:0, instance:TestNG_AllTestAnnotationsTesting.AllTestAnnotationsTesing@4fcee388]" started-at="2024-07-27T17:08:52 IST" name="OpenLink" finished-at="2024-07-27T17:08:52 IST" duration-ms="18" status="PASS">
          <reporter-output>
          </reporter-output>
        </test-method> <!-- OpenLink -->
        <test-method is-config="true" signature="CloseBrowser()[pri:0, instance:TestNG_AllTestAnnotationsTesting.AllTestAnnotationsTesing@4fcee388]" started-at="2024-07-27T17:09:49 IST" name="CloseBrowser" finished-at="2024-07-27T17:09:49 IST" duration-ms="0" status="PASS">
          <reporter-output>
          </reporter-output>
        </test-method> <!-- CloseBrowser -->
      </class> <!-- TestNG_AllTestAnnotationsTesting.AllTestAnnotationsTesing -->
    </test> <!-- Test2 -->
  </suite> <!-- Suite -->
</testng-results>
